[rosmaster.main][INFO] 2020-07-30 04:29:45,972: initialization complete, waiting for shutdown
[rosmaster.main][INFO] 2020-07-30 04:29:45,972: Starting ROS Master Node
[xmlrpc][INFO] 2020-07-30 04:29:45,974: XML-RPC server binding to 0.0.0.0:11311
[rosmaster.master][INFO] 2020-07-30 04:29:45,975: Master initialized: port[11311], uri[http://ubiquityrobot.local:11311/]
[xmlrpc][INFO] 2020-07-30 04:29:45,975: Started XML-RPC server [http://ubiquityrobot.local:11311/]
[xmlrpc][INFO] 2020-07-30 04:29:45,976: xml rpc node: starting XML-RPC server
[rosmaster.master][INFO] 2020-07-30 04:29:45,997: +PARAM [/run_id] by /roslaunch
[rosmaster.master][INFO] 2020-07-30 04:29:46,000: +PARAM [/roslaunch/uris/host_ubiquityrobot_local__33659] by /roslaunch
[rosmaster.master][INFO] 2020-07-30 04:29:46,098: +PARAM [/rosversion] by /roslaunch
[rosmaster.master][INFO] 2020-07-30 04:29:46,098: +PARAM [/rosdistro] by /roslaunch
[rosmaster.master][INFO] 2020-07-30 04:29:46,275: +SERVICE [/rosout/get_loggers] /rosout http://ubiquityrobot.local:42981/
[rosmaster.master][INFO] 2020-07-30 04:29:46,280: +SERVICE [/rosout/set_logger_level] /rosout http://ubiquityrobot.local:42981/
[rosmaster.master][INFO] 2020-07-30 04:29:46,286: +PUB [/rosout_agg] /rosout http://ubiquityrobot.local:42981/
[rosmaster.master][INFO] 2020-07-30 04:29:46,308: +SUB [/rosout] /rosout http://ubiquityrobot.local:42981/
[rosmaster.master][INFO] 2020-07-30 04:29:48,349: +PARAM [/roslaunch/uris/host_ubiquityrobot_local__40263] by /roslaunch
[rosmaster.master][INFO] 2020-07-30 04:29:48,365: +PARAM [/rosbridge_ws/rosapi/topics_glob] by /roslaunch
[rosmaster.master][INFO] 2020-07-30 04:29:48,365: +PARAM [/joy_node/dev] by /roslaunch
[rosmaster.master][INFO] 2020-07-30 04:29:48,365: +PARAM [/rosbridge_wss/rosbridge_websocket/certfile] by /roslaunch
[rosmaster.master][INFO] 2020-07-30 04:29:48,366: +PARAM [/teleop_twist_joy/enable_button] by /roslaunch
[rosmaster.master][INFO] 2020-07-30 04:29:48,366: +PARAM [/teleop_twist_joy/axis_linear] by /roslaunch
[rosmaster.master][INFO] 2020-07-30 04:29:48,366: +PARAM [/teleop_twist_joy/enable_turbo_button] by /roslaunch
[rosmaster.master][INFO] 2020-07-30 04:29:48,366: +PARAM [/rosbridge_wss/rosbridge_websocket/topics_glob] by /roslaunch
[rosmaster.master][INFO] 2020-07-30 04:29:48,367: +PARAM [/rosbridge_ws/rosbridge_websocket/max_message_size] by /roslaunch
[rosmaster.master][INFO] 2020-07-30 04:29:48,367: +PARAM [/rosbridge_wss/rosbridge_websocket/delay_between_messages] by /roslaunch
[rosmaster.master][INFO] 2020-07-30 04:29:48,367: +PARAM [/rosbridge_ws/rosbridge_websocket/address] by /roslaunch
[rosmaster.master][INFO] 2020-07-30 04:29:48,367: +PARAM [/teleop_twist_joy/scale_linear_turbo] by /roslaunch
[rosmaster.master][INFO] 2020-07-30 04:29:48,367: +PARAM [/rosbridge_wss/rosbridge_websocket/params_glob] by /roslaunch
[rosmaster.master][INFO] 2020-07-30 04:29:48,368: +PARAM [/rosbridge_ws/rosbridge_websocket/authenticate] by /roslaunch
[rosmaster.master][INFO] 2020-07-30 04:29:48,368: +PARAM [/rosbridge_ws/rosbridge_websocket/bson_only_mode] by /roslaunch
[rosmaster.master][INFO] 2020-07-30 04:29:48,368: +PARAM [/rosbridge_ws/rosapi/params_glob] by /roslaunch
[rosmaster.master][INFO] 2020-07-30 04:29:48,368: +PARAM [/teleop_twist_joy/scale_linear] by /roslaunch
[rosmaster.master][INFO] 2020-07-30 04:29:48,369: +PARAM [/rosbridge_wss/rosbridge_websocket/retry_startup_delay] by /roslaunch
[rosmaster.master][INFO] 2020-07-30 04:29:48,369: +PARAM [/rosbridge_wss/rosbridge_websocket/max_message_size] by /roslaunch
[rosmaster.master][INFO] 2020-07-30 04:29:48,369: +PARAM [/ubiquity_robot_mode] by /roslaunch
[rosmaster.master][INFO] 2020-07-30 04:29:48,369: +PARAM [/rosbridge_ws/rosbridge_websocket/topics_glob] by /roslaunch
[rosmaster.master][INFO] 2020-07-30 04:29:48,369: +PARAM [/rosdistro] by /roslaunch
[rosmaster.master][INFO] 2020-07-30 04:29:48,370: +PARAM [/rosbridge_wss/rosbridge_websocket/services_glob] by /roslaunch
[rosmaster.master][INFO] 2020-07-30 04:29:48,370: +PARAM [/rosbridge_wss/rosbridge_websocket/address] by /roslaunch
[rosmaster.master][INFO] 2020-07-30 04:29:48,370: +PARAM [/rosbridge_ws/rosbridge_websocket/use_compression] by /roslaunch
[rosmaster.master][INFO] 2020-07-30 04:29:48,370: +PARAM [/rosbridge_wss/rosbridge_websocket/fragment_timeout] by /roslaunch
[rosmaster.master][INFO] 2020-07-30 04:29:48,371: +PARAM [/rosbridge_ws/rosbridge_websocket/retry_startup_delay] by /roslaunch
[rosmaster.master][INFO] 2020-07-30 04:29:48,371: +PARAM [/rosversion] by /roslaunch
[rosmaster.master][INFO] 2020-07-30 04:29:48,371: +PARAM [/rosbridge_ws/rosbridge_websocket/unregister_timeout] by /roslaunch
[rosmaster.master][INFO] 2020-07-30 04:29:48,371: +PARAM [/rosbridge_wss/rosbridge_websocket/authenticate] by /roslaunch
[rosmaster.master][INFO] 2020-07-30 04:29:48,371: +PARAM [/rosbridge_ws/rosbridge_websocket/params_glob] by /roslaunch
[rosmaster.master][INFO] 2020-07-30 04:29:48,372: +PARAM [/joy_node/autorepeat_rate] by /roslaunch
[rosmaster.master][INFO] 2020-07-30 04:29:48,372: +PARAM [/teleop_twist_joy/scale_angular] by /roslaunch
[rosmaster.master][INFO] 2020-07-30 04:29:48,372: +PARAM [/rosbridge_ws/rosbridge_websocket/port] by /roslaunch
[rosmaster.master][INFO] 2020-07-30 04:29:48,372: +PARAM [/rosbridge_ws/rosapi/services_glob] by /roslaunch
[rosmaster.master][INFO] 2020-07-30 04:29:48,373: +PARAM [/rosbridge_ws/rosbridge_websocket/fragment_timeout] by /roslaunch
[rosmaster.master][INFO] 2020-07-30 04:29:48,373: +PARAM [/rosbridge_ws/rosbridge_websocket/services_glob] by /roslaunch
[rosmaster.master][INFO] 2020-07-30 04:29:48,373: +PARAM [/rosbridge_wss/rosbridge_websocket/keyfile] by /roslaunch
[rosmaster.master][INFO] 2020-07-30 04:29:48,373: +PARAM [/rosbridge_wss/rosbridge_websocket/port] by /roslaunch
[rosmaster.master][INFO] 2020-07-30 04:29:48,373: +PARAM [/rosbridge_wss/rosapi/services_glob] by /roslaunch
[rosmaster.master][INFO] 2020-07-30 04:29:48,374: +PARAM [/rosbridge_wss/rosbridge_websocket/unregister_timeout] by /roslaunch
[rosmaster.master][INFO] 2020-07-30 04:29:48,374: +PARAM [/rosbridge_wss/rosapi/topics_glob] by /roslaunch
[rosmaster.master][INFO] 2020-07-30 04:29:48,374: +PARAM [/teleop_twist_joy/axis_angular] by /roslaunch
[rosmaster.master][INFO] 2020-07-30 04:29:48,374: +PARAM [/rosbridge_ws/rosbridge_websocket/delay_between_messages] by /roslaunch
[rosmaster.master][INFO] 2020-07-30 04:29:48,375: +PARAM [/rosbridge_wss/rosapi/params_glob] by /roslaunch
[rosmaster.master][INFO] 2020-07-30 04:29:48,375: +PARAM [/rosbridge_wss/rosbridge_websocket/use_compression] by /roslaunch
[rosmaster.master][INFO] 2020-07-30 04:29:48,531: +PUB [/rosout] /joy_node http://ubiquityrobot.local:44773/
[rosmaster.master][INFO] 2020-07-30 04:29:48,534: +SERVICE [/joy_node/get_loggers] /joy_node http://ubiquityrobot.local:44773/
[rosmaster.master][INFO] 2020-07-30 04:29:48,537: +SERVICE [/joy_node/set_logger_level] /joy_node http://ubiquityrobot.local:44773/
[rosmaster.master][INFO] 2020-07-30 04:29:48,552: +PUB [/diagnostics] /joy_node http://ubiquityrobot.local:44773/
[rosmaster.master][INFO] 2020-07-30 04:29:48,558: +PUB [/rosout] /teleop_twist_joy http://ubiquityrobot.local:40463/
[rosmaster.master][INFO] 2020-07-30 04:29:48,578: publisherUpdate[/rosout] -> http://ubiquityrobot.local:42981/ ['http://ubiquityrobot.local:44773/']
[rosmaster.master][INFO] 2020-07-30 04:29:48,584: +PUB [/joy] /joy_node http://ubiquityrobot.local:44773/
[rosmaster.master][INFO] 2020-07-30 04:29:48,594: +SERVICE [/teleop_twist_joy/get_loggers] /teleop_twist_joy http://ubiquityrobot.local:40463/
[rosmaster.master][INFO] 2020-07-30 04:29:48,604: publisherUpdate[/rosout] -> http://ubiquityrobot.local:42981/ ['http://ubiquityrobot.local:44773/']: sec=0.03, result=[1, '', 0]
[rosmaster.master][INFO] 2020-07-30 04:29:48,605: publisherUpdate[/rosout] -> http://ubiquityrobot.local:42981/ ['http://ubiquityrobot.local:44773/', 'http://ubiquityrobot.local:40463/']
[rosmaster.master][INFO] 2020-07-30 04:29:48,613: publisherUpdate[/rosout] -> http://ubiquityrobot.local:42981/ ['http://ubiquityrobot.local:44773/', 'http://ubiquityrobot.local:40463/']: sec=0.01, result=[1, '', 0]
[rosmaster.master][INFO] 2020-07-30 04:29:48,614: +SERVICE [/teleop_twist_joy/set_logger_level] /teleop_twist_joy http://ubiquityrobot.local:40463/
[rosmaster.master][INFO] 2020-07-30 04:29:48,638: +PUB [/cmd_vel] /teleop_twist_joy http://ubiquityrobot.local:40463/
[rosmaster.master][INFO] 2020-07-30 04:29:48,662: +SUB [/joy/set_feedback] /joy_node http://ubiquityrobot.local:44773/
[rosmaster.master][INFO] 2020-07-30 04:29:48,691: +SUB [/joy] /teleop_twist_joy http://ubiquityrobot.local:40463/
[rosmaster.master][INFO] 2020-07-30 04:29:48,774: +PUB [/rosout] /tf2_web_republisher http://ubiquityrobot.local:37525/
[rosmaster.master][INFO] 2020-07-30 04:29:48,797: +SERVICE [/tf2_web_republisher/get_loggers] /tf2_web_republisher http://ubiquityrobot.local:37525/
[rosmaster.master][INFO] 2020-07-30 04:29:48,814: publisherUpdate[/rosout] -> http://ubiquityrobot.local:42981/ ['http://ubiquityrobot.local:44773/', 'http://ubiquityrobot.local:40463/', 'http://ubiquityrobot.local:37525/']
[rosmaster.master][INFO] 2020-07-30 04:29:48,817: publisherUpdate[/rosout] -> http://ubiquityrobot.local:42981/ ['http://ubiquityrobot.local:44773/', 'http://ubiquityrobot.local:40463/', 'http://ubiquityrobot.local:37525/']: sec=0.00, result=[1, '', 0]
[rosmaster.master][INFO] 2020-07-30 04:29:48,824: +SERVICE [/tf2_web_republisher/set_logger_level] /tf2_web_republisher http://ubiquityrobot.local:37525/
[rosmaster.master][INFO] 2020-07-30 04:29:49,016: +SUB [/tf] /tf2_web_republisher http://ubiquityrobot.local:37525/
[rosmaster.master][INFO] 2020-07-30 04:29:49,081: +SUB [/tf_static] /tf2_web_republisher http://ubiquityrobot.local:37525/
[rosmaster.master][INFO] 2020-07-30 04:29:49,097: +SERVICE [/republish_tfs] /tf2_web_republisher http://ubiquityrobot.local:37525/
[rosmaster.master][INFO] 2020-07-30 04:29:49,135: +PUB [/tf2_web_republisher/result] /tf2_web_republisher http://ubiquityrobot.local:37525/
[rosmaster.master][INFO] 2020-07-30 04:29:49,143: +PUB [/tf2_web_republisher/feedback] /tf2_web_republisher http://ubiquityrobot.local:37525/
[rosmaster.master][INFO] 2020-07-30 04:29:49,153: +PUB [/tf2_web_republisher/status] /tf2_web_republisher http://ubiquityrobot.local:37525/
[rosmaster.master][INFO] 2020-07-30 04:29:49,194: +SUB [/tf2_web_republisher/goal] /tf2_web_republisher http://ubiquityrobot.local:37525/
[rosmaster.master][INFO] 2020-07-30 04:29:49,218: +SUB [/tf2_web_republisher/cancel] /tf2_web_republisher http://ubiquityrobot.local:37525/
[rosmaster.master][INFO] 2020-07-30 04:29:49,847: +PUB [/rosout] /rosbridge_wss/rosapi http://ubiquityrobot.local:46135/
[rosmaster.master][INFO] 2020-07-30 04:29:49,853: +PUB [/rosout] /rosbridge_ws/rosapi http://ubiquityrobot.local:37487/
[rosmaster.master][INFO] 2020-07-30 04:29:49,864: +SERVICE [/rosbridge_ws/rosapi/get_loggers] /rosbridge_ws/rosapi http://ubiquityrobot.local:37487/
[rosmaster.master][INFO] 2020-07-30 04:29:49,868: +SERVICE [/rosbridge_ws/rosapi/set_logger_level] /rosbridge_ws/rosapi http://ubiquityrobot.local:37487/
[rosmaster.master][INFO] 2020-07-30 04:29:49,873: +SERVICE [/rosbridge_wss/rosapi/get_loggers] /rosbridge_wss/rosapi http://ubiquityrobot.local:46135/
[rosmaster.master][INFO] 2020-07-30 04:29:49,878: +SERVICE [/rosbridge_wss/rosapi/set_logger_level] /rosbridge_wss/rosapi http://ubiquityrobot.local:46135/
[rosmaster.master][INFO] 2020-07-30 04:29:49,887: +SERVICE [/rosapi/topics] /rosbridge_ws/rosapi http://ubiquityrobot.local:37487/
[rosmaster.master][INFO] 2020-07-30 04:29:49,895: +SERVICE [/rosapi/topics_for_type] /rosbridge_ws/rosapi http://ubiquityrobot.local:37487/
[rosmaster.master][INFO] 2020-07-30 04:29:49,899: +SERVICE [/rosapi/topics] /rosbridge_wss/rosapi http://ubiquityrobot.local:46135/
[rosmaster.master][INFO] 2020-07-30 04:29:49,901: +SERVICE [/rosapi/services] /rosbridge_ws/rosapi http://ubiquityrobot.local:37487/
[rosmaster.master][INFO] 2020-07-30 04:29:49,907: +SERVICE [/rosapi/topics_for_type] /rosbridge_wss/rosapi http://ubiquityrobot.local:46135/
[rosmaster.master][INFO] 2020-07-30 04:29:49,908: +SERVICE [/rosapi/services_for_type] /rosbridge_ws/rosapi http://ubiquityrobot.local:37487/
[rosmaster.master][INFO] 2020-07-30 04:29:49,912: +SERVICE [/rosapi/services] /rosbridge_wss/rosapi http://ubiquityrobot.local:46135/
[rosmaster.master][INFO] 2020-07-30 04:29:49,914: +SERVICE [/rosapi/nodes] /rosbridge_ws/rosapi http://ubiquityrobot.local:37487/
[rosmaster.master][INFO] 2020-07-30 04:29:49,918: +SERVICE [/rosapi/services_for_type] /rosbridge_wss/rosapi http://ubiquityrobot.local:46135/
[rosmaster.master][INFO] 2020-07-30 04:29:49,923: publisherUpdate[/rosout] -> http://ubiquityrobot.local:42981/ ['http://ubiquityrobot.local:44773/', 'http://ubiquityrobot.local:40463/', 'http://ubiquityrobot.local:37525/', 'http://ubiquityrobot.local:46135/']
[rosmaster.master][INFO] 2020-07-30 04:29:49,925: publisherUpdate[/rosout] -> http://ubiquityrobot.local:42981/ ['http://ubiquityrobot.local:44773/', 'http://ubiquityrobot.local:40463/', 'http://ubiquityrobot.local:37525/', 'http://ubiquityrobot.local:46135/']: sec=0.00, result=[1, '', 0]
[rosmaster.master][INFO] 2020-07-30 04:29:49,926: publisherUpdate[/rosout] -> http://ubiquityrobot.local:42981/ ['http://ubiquityrobot.local:44773/', 'http://ubiquityrobot.local:40463/', 'http://ubiquityrobot.local:37525/', 'http://ubiquityrobot.local:46135/', 'http://ubiquityrobot.local:37487/']
[rosmaster.master][INFO] 2020-07-30 04:29:49,929: +SERVICE [/rosapi/node_details] /rosbridge_ws/rosapi http://ubiquityrobot.local:37487/
[rosmaster.master][INFO] 2020-07-30 04:29:49,930: publisherUpdate[/rosout] -> http://ubiquityrobot.local:42981/ ['http://ubiquityrobot.local:44773/', 'http://ubiquityrobot.local:40463/', 'http://ubiquityrobot.local:37525/', 'http://ubiquityrobot.local:46135/', 'http://ubiquityrobot.local:37487/']: sec=0.00, result=[1, '', 0]
[rosmaster.master][INFO] 2020-07-30 04:29:49,932: +SERVICE [/rosapi/nodes] /rosbridge_wss/rosapi http://ubiquityrobot.local:46135/
[rosmaster.master][INFO] 2020-07-30 04:29:49,934: +SERVICE [/rosapi/action_servers] /rosbridge_ws/rosapi http://ubiquityrobot.local:37487/
[rosmaster.master][INFO] 2020-07-30 04:29:49,936: +SERVICE [/rosapi/node_details] /rosbridge_wss/rosapi http://ubiquityrobot.local:46135/
[rosmaster.master][INFO] 2020-07-30 04:29:49,939: +SERVICE [/rosapi/topic_type] /rosbridge_ws/rosapi http://ubiquityrobot.local:37487/
[rosmaster.master][INFO] 2020-07-30 04:29:49,941: +SERVICE [/rosapi/action_servers] /rosbridge_wss/rosapi http://ubiquityrobot.local:46135/
[rosmaster.master][INFO] 2020-07-30 04:29:49,944: +SERVICE [/rosapi/service_type] /rosbridge_ws/rosapi http://ubiquityrobot.local:37487/
[rosmaster.master][INFO] 2020-07-30 04:29:49,946: +SERVICE [/rosapi/topic_type] /rosbridge_wss/rosapi http://ubiquityrobot.local:46135/
[rosmaster.master][INFO] 2020-07-30 04:29:49,949: +SERVICE [/rosapi/publishers] /rosbridge_ws/rosapi http://ubiquityrobot.local:37487/
[rosmaster.master][INFO] 2020-07-30 04:29:49,951: +SERVICE [/rosapi/service_type] /rosbridge_wss/rosapi http://ubiquityrobot.local:46135/
[rosmaster.master][INFO] 2020-07-30 04:29:49,955: +SERVICE [/rosapi/subscribers] /rosbridge_ws/rosapi http://ubiquityrobot.local:37487/
[rosmaster.master][INFO] 2020-07-30 04:29:49,957: +SERVICE [/rosapi/publishers] /rosbridge_wss/rosapi http://ubiquityrobot.local:46135/
[rosmaster.master][INFO] 2020-07-30 04:29:49,960: +SERVICE [/rosapi/service_providers] /rosbridge_ws/rosapi http://ubiquityrobot.local:37487/
[rosmaster.master][INFO] 2020-07-30 04:29:49,962: +SERVICE [/rosapi/subscribers] /rosbridge_wss/rosapi http://ubiquityrobot.local:46135/
[rosmaster.master][INFO] 2020-07-30 04:29:49,966: +SERVICE [/rosapi/service_node] /rosbridge_ws/rosapi http://ubiquityrobot.local:37487/
[rosmaster.master][INFO] 2020-07-30 04:29:49,968: +SERVICE [/rosapi/service_providers] /rosbridge_wss/rosapi http://ubiquityrobot.local:46135/
[rosmaster.master][INFO] 2020-07-30 04:29:49,970: +SERVICE [/rosapi/service_host] /rosbridge_ws/rosapi http://ubiquityrobot.local:37487/
[rosmaster.master][INFO] 2020-07-30 04:29:49,972: +SERVICE [/rosapi/service_node] /rosbridge_wss/rosapi http://ubiquityrobot.local:46135/
[rosmaster.master][INFO] 2020-07-30 04:29:49,976: +SERVICE [/rosapi/message_details] /rosbridge_ws/rosapi http://ubiquityrobot.local:37487/
[rosmaster.master][INFO] 2020-07-30 04:29:49,980: +SERVICE [/rosapi/service_host] /rosbridge_wss/rosapi http://ubiquityrobot.local:46135/
[rosmaster.master][INFO] 2020-07-30 04:29:49,983: +SERVICE [/rosapi/service_request_details] /rosbridge_ws/rosapi http://ubiquityrobot.local:37487/
[rosmaster.master][INFO] 2020-07-30 04:29:49,987: +SERVICE [/rosapi/message_details] /rosbridge_wss/rosapi http://ubiquityrobot.local:46135/
[rosmaster.master][INFO] 2020-07-30 04:29:49,991: +SERVICE [/rosapi/service_response_details] /rosbridge_ws/rosapi http://ubiquityrobot.local:37487/
[rosmaster.master][INFO] 2020-07-30 04:29:49,994: +SERVICE [/rosapi/service_request_details] /rosbridge_wss/rosapi http://ubiquityrobot.local:46135/
[rosmaster.master][INFO] 2020-07-30 04:29:49,995: +SERVICE [/rosapi/set_param] /rosbridge_ws/rosapi http://ubiquityrobot.local:37487/
[rosmaster.master][INFO] 2020-07-30 04:29:49,999: +SERVICE [/rosapi/service_response_details] /rosbridge_wss/rosapi http://ubiquityrobot.local:46135/
[rosmaster.master][INFO] 2020-07-30 04:29:50,003: +SERVICE [/rosapi/get_param] /rosbridge_ws/rosapi http://ubiquityrobot.local:37487/
[rosmaster.master][INFO] 2020-07-30 04:29:50,007: +SERVICE [/rosapi/set_param] /rosbridge_wss/rosapi http://ubiquityrobot.local:46135/
[rosmaster.master][INFO] 2020-07-30 04:29:50,010: +SERVICE [/rosapi/has_param] /rosbridge_ws/rosapi http://ubiquityrobot.local:37487/
[rosmaster.master][INFO] 2020-07-30 04:29:50,014: +SERVICE [/rosapi/get_param] /rosbridge_wss/rosapi http://ubiquityrobot.local:46135/
[rosmaster.master][INFO] 2020-07-30 04:29:50,016: +SERVICE [/rosapi/search_param] /rosbridge_ws/rosapi http://ubiquityrobot.local:37487/
[rosmaster.master][INFO] 2020-07-30 04:29:50,019: +SERVICE [/rosapi/has_param] /rosbridge_wss/rosapi http://ubiquityrobot.local:46135/
[rosmaster.master][INFO] 2020-07-30 04:29:50,023: +SERVICE [/rosapi/delete_param] /rosbridge_ws/rosapi http://ubiquityrobot.local:37487/
[rosmaster.master][INFO] 2020-07-30 04:29:50,027: +SERVICE [/rosapi/search_param] /rosbridge_wss/rosapi http://ubiquityrobot.local:46135/
[rosmaster.master][INFO] 2020-07-30 04:29:50,033: +SERVICE [/rosapi/get_param_names] /rosbridge_ws/rosapi http://ubiquityrobot.local:37487/
[rosmaster.master][INFO] 2020-07-30 04:29:50,035: +SERVICE [/rosapi/delete_param] /rosbridge_wss/rosapi http://ubiquityrobot.local:46135/
[rosmaster.master][INFO] 2020-07-30 04:29:50,039: +SERVICE [/rosapi/get_time] /rosbridge_ws/rosapi http://ubiquityrobot.local:37487/
[rosmaster.master][INFO] 2020-07-30 04:29:50,043: +SERVICE [/rosapi/get_param_names] /rosbridge_wss/rosapi http://ubiquityrobot.local:46135/
[rosmaster.master][INFO] 2020-07-30 04:29:50,046: +SERVICE [/rosapi/get_time] /rosbridge_wss/rosapi http://ubiquityrobot.local:46135/
[rosmaster.master][INFO] 2020-07-30 04:29:50,574: +PUB [/rosout] /rosbridge_ws/rosbridge_websocket http://ubiquityrobot.local:40735/
[rosmaster.master][INFO] 2020-07-30 04:29:50,576: +PUB [/rosout] /rosbridge_wss/rosbridge_websocket http://ubiquityrobot.local:43363/
[rosmaster.master][INFO] 2020-07-30 04:29:50,582: +SERVICE [/rosbridge_ws/rosbridge_websocket/get_loggers] /rosbridge_ws/rosbridge_websocket http://ubiquityrobot.local:40735/
[rosmaster.master][INFO] 2020-07-30 04:29:50,584: +SERVICE [/rosbridge_wss/rosbridge_websocket/get_loggers] /rosbridge_wss/rosbridge_websocket http://ubiquityrobot.local:43363/
[rosmaster.master][INFO] 2020-07-30 04:29:50,586: +SERVICE [/rosbridge_ws/rosbridge_websocket/set_logger_level] /rosbridge_ws/rosbridge_websocket http://ubiquityrobot.local:40735/
[rosmaster.master][INFO] 2020-07-30 04:29:50,588: +SERVICE [/rosbridge_wss/rosbridge_websocket/set_logger_level] /rosbridge_wss/rosbridge_websocket http://ubiquityrobot.local:43363/
[rosmaster.master][INFO] 2020-07-30 04:29:50,627: publisherUpdate[/rosout] -> http://ubiquityrobot.local:42981/ ['http://ubiquityrobot.local:44773/', 'http://ubiquityrobot.local:40463/', 'http://ubiquityrobot.local:37525/', 'http://ubiquityrobot.local:46135/', 'http://ubiquityrobot.local:37487/', 'http://ubiquityrobot.local:40735/']
[rosmaster.master][INFO] 2020-07-30 04:29:50,631: publisherUpdate[/rosout] -> http://ubiquityrobot.local:42981/ ['http://ubiquityrobot.local:44773/', 'http://ubiquityrobot.local:40463/', 'http://ubiquityrobot.local:37525/', 'http://ubiquityrobot.local:46135/', 'http://ubiquityrobot.local:37487/', 'http://ubiquityrobot.local:40735/']: sec=0.00, result=[1, '', 0]
[rosmaster.master][INFO] 2020-07-30 04:29:50,631: publisherUpdate[/rosout] -> http://ubiquityrobot.local:42981/ ['http://ubiquityrobot.local:44773/', 'http://ubiquityrobot.local:40463/', 'http://ubiquityrobot.local:37525/', 'http://ubiquityrobot.local:46135/', 'http://ubiquityrobot.local:37487/', 'http://ubiquityrobot.local:40735/', 'http://ubiquityrobot.local:43363/']
[rosmaster.master][INFO] 2020-07-30 04:29:50,633: publisherUpdate[/rosout] -> http://ubiquityrobot.local:42981/ ['http://ubiquityrobot.local:44773/', 'http://ubiquityrobot.local:40463/', 'http://ubiquityrobot.local:37525/', 'http://ubiquityrobot.local:46135/', 'http://ubiquityrobot.local:37487/', 'http://ubiquityrobot.local:40735/', 'http://ubiquityrobot.local:43363/']: sec=0.00, result=[1, '', 0]
[rosmaster.master][INFO] 2020-07-30 04:29:50,635: +PUB [/rosbridge_ws/client_count] /rosbridge_ws/rosbridge_websocket http://ubiquityrobot.local:40735/
[rosmaster.master][INFO] 2020-07-30 04:29:50,637: +PUB [/rosbridge_wss/client_count] /rosbridge_wss/rosbridge_websocket http://ubiquityrobot.local:43363/
[rosmaster.master][INFO] 2020-07-30 04:29:50,639: +PUB [/rosbridge_ws/connected_clients] /rosbridge_ws/rosbridge_websocket http://ubiquityrobot.local:40735/
[rosmaster.master][INFO] 2020-07-30 04:29:50,640: +PUB [/rosbridge_wss/connected_clients] /rosbridge_wss/rosbridge_websocket http://ubiquityrobot.local:43363/
[rosmaster.master][INFO] 2020-07-30 04:33:07,396: +PARAM [/roslaunch/uris/host_ubiquityrobot_local__33325] by /roslaunch
[rosmaster.master][INFO] 2020-07-30 04:33:07,411: +PARAM [/ubiquity_velocity_controller/angular/z/has_acceleration_limits] by /roslaunch
[rosmaster.master][INFO] 2020-07-30 04:33:07,411: +PARAM [/enable_statistics] by /roslaunch
[rosmaster.master][INFO] 2020-07-30 04:33:07,411: +PARAM [/ubiquity_velocity_controller/pose_covariance_diagonal] by /roslaunch
[rosmaster.master][INFO] 2020-07-30 04:33:07,412: +PARAM [/ubiquity_motor/pid_denominator] by /roslaunch
[rosmaster.master][INFO] 2020-07-30 04:33:07,412: +PARAM [/ubiquity_velocity_controller/left_wheel] by /roslaunch
[rosmaster.master][INFO] 2020-07-30 04:33:07,412: +PARAM [/ubiquity_velocity_controller/base_frame_id] by /roslaunch
[rosmaster.master][INFO] 2020-07-30 04:33:07,412: +PARAM [/use_gui] by /roslaunch
[rosmaster.master][INFO] 2020-07-30 04:33:07,413: +PARAM [/ubiquity_velocity_controller/publish_rate] by /roslaunch
[rosmaster.master][INFO] 2020-07-30 04:33:07,413: +PARAM [/ubiquity_motor/serial_port] by /roslaunch
[rosmaster.master][INFO] 2020-07-30 04:33:07,413: +PARAM [/ubiquity_joint_publisher/type] by /roslaunch
[rosmaster.master][INFO] 2020-07-30 04:33:07,413: +PARAM [/ubiquity_velocity_controller/wheel_radius] by /roslaunch
[rosmaster.master][INFO] 2020-07-30 04:33:07,414: +PARAM [/ubiquity_motor/pid_proportional] by /roslaunch
[rosmaster.master][INFO] 2020-07-30 04:33:07,414: +PARAM [/ubiquity_velocity_controller/linear/x/max_velocity] by /roslaunch
[rosmaster.master][INFO] 2020-07-30 04:33:07,414: +PARAM [/ubiquity_robot_mode] by /roslaunch
[rosmaster.master][INFO] 2020-07-30 04:33:07,414: +PARAM [/ubiquity_velocity_controller/wheel_radius_multiplier] by /roslaunch
[rosmaster.master][INFO] 2020-07-30 04:33:07,415: +PARAM [/ubiquity_motor/pid_derivative] by /roslaunch
[rosmaster.master][INFO] 2020-07-30 04:33:07,415: +PARAM [/rosdistro] by /roslaunch
[rosmaster.master][INFO] 2020-07-30 04:33:07,415: +PARAM [/ubiquity_velocity_controller/wheel_separation] by /roslaunch
[rosmaster.master][INFO] 2020-07-30 04:33:07,415: +PARAM [/robot_description] by /roslaunch
[rosmaster.master][INFO] 2020-07-30 04:33:07,415: +PARAM [/ubiquity_velocity_controller/twist_covariance_diagonal] by /roslaunch
[rosmaster.master][INFO] 2020-07-30 04:33:07,416: +PARAM [/ubiquity_velocity_controller/angular/z/max_acceleration] by /roslaunch
[rosmaster.master][INFO] 2020-07-30 04:33:07,416: +PARAM [/ubiquity_motor/serial_baud] by /roslaunch
[rosmaster.master][INFO] 2020-07-30 04:33:07,416: +PARAM [/ubiquity_motor/serial_loop_rate] by /roslaunch
[rosmaster.master][INFO] 2020-07-30 04:33:07,416: +PARAM [/ubiquity_motor/controller_loop_rate] by /roslaunch
[rosmaster.master][INFO] 2020-07-30 04:33:07,417: +PARAM [/ubiquity_velocity_controller/angular/z/has_velocity_limits] by /roslaunch
[rosmaster.master][INFO] 2020-07-30 04:33:07,417: +PARAM [/ubiquity_velocity_controller/type] by /roslaunch
[rosmaster.master][INFO] 2020-07-30 04:33:07,417: +PARAM [/ubiquity_velocity_controller/wheel_separation_multiplier] by /roslaunch
[rosmaster.master][INFO] 2020-07-30 04:33:07,417: +PARAM [/ubiquity_velocity_controller/linear/x/has_velocity_limits] by /roslaunch
[rosmaster.master][INFO] 2020-07-30 04:33:07,418: +PARAM [/rosversion] by /roslaunch
[rosmaster.master][INFO] 2020-07-30 04:33:07,418: +PARAM [/ubiquity_motor/pid_integral] by /roslaunch
[rosmaster.master][INFO] 2020-07-30 04:33:07,418: +PARAM [/ubiquity_joint_publisher/publish_rate] by /roslaunch
[rosmaster.master][INFO] 2020-07-30 04:33:07,418: +PARAM [/ubiquity_velocity_controller/linear/x/has_acceleration_limits] by /roslaunch
[rosmaster.master][INFO] 2020-07-30 04:33:07,418: +PARAM [/ubiquity_velocity_controller/right_wheel] by /roslaunch
[rosmaster.master][INFO] 2020-07-30 04:33:07,419: +PARAM [/ubiquity_velocity_controller/cmd_vel_timeout] by /roslaunch
[rosmaster.master][INFO] 2020-07-30 04:33:07,419: +PARAM [/ubiquity_velocity_controller/angular/z/max_velocity] by /roslaunch
[rosmaster.master][INFO] 2020-07-30 04:33:07,419: +PARAM [/ubiquity_velocity_controller/linear/x/max_acceleration] by /roslaunch
[rosmaster.master][INFO] 2020-07-30 04:33:07,419: +PARAM [/ubiquity_velocity_controller/enable_odom_tf] by /roslaunch
[rosmaster.master][INFO] 2020-07-30 04:33:07,695: +PUB [/rosout] /robot_state_publisher http://ubiquityrobot.local:32931/
[rosmaster.master][INFO] 2020-07-30 04:33:07,699: +SERVICE [/robot_state_publisher/get_loggers] /robot_state_publisher http://ubiquityrobot.local:32931/
[rosmaster.master][INFO] 2020-07-30 04:33:07,705: +SERVICE [/robot_state_publisher/set_logger_level] /robot_state_publisher http://ubiquityrobot.local:32931/
[rosmaster.master][INFO] 2020-07-30 04:33:07,709: +PUB [/rosout] /motor_node http://ubiquityrobot.local:37087/
[rosmaster.master][INFO] 2020-07-30 04:33:07,716: +SERVICE [/motor_node/get_loggers] /motor_node http://ubiquityrobot.local:37087/
[rosmaster.master][INFO] 2020-07-30 04:33:07,723: +SERVICE [/motor_node/set_logger_level] /motor_node http://ubiquityrobot.local:37087/
[rosmaster.master][INFO] 2020-07-30 04:33:07,726: +PUB [/tf] /robot_state_publisher http://ubiquityrobot.local:32931/
[rosmaster.master][INFO] 2020-07-30 04:33:07,734: +PUB [/tf_static] /robot_state_publisher http://ubiquityrobot.local:32931/
[rosmaster.master][INFO] 2020-07-30 04:33:07,750: publisherUpdate[/rosout] -> http://ubiquityrobot.local:42981/ ['http://ubiquityrobot.local:44773/', 'http://ubiquityrobot.local:40463/', 'http://ubiquityrobot.local:37525/', 'http://ubiquityrobot.local:46135/', 'http://ubiquityrobot.local:37487/', 'http://ubiquityrobot.local:40735/', 'http://ubiquityrobot.local:43363/', 'http://ubiquityrobot.local:32931/']
[rosmaster.master][INFO] 2020-07-30 04:33:07,756: publisherUpdate[/rosout] -> http://ubiquityrobot.local:42981/ ['http://ubiquityrobot.local:44773/', 'http://ubiquityrobot.local:40463/', 'http://ubiquityrobot.local:37525/', 'http://ubiquityrobot.local:46135/', 'http://ubiquityrobot.local:37487/', 'http://ubiquityrobot.local:40735/', 'http://ubiquityrobot.local:43363/', 'http://ubiquityrobot.local:32931/']: sec=0.00, result=[1, '', 0]
[rosmaster.master][INFO] 2020-07-30 04:33:07,760: publisherUpdate[/rosout] -> http://ubiquityrobot.local:42981/ ['http://ubiquityrobot.local:44773/', 'http://ubiquityrobot.local:40463/', 'http://ubiquityrobot.local:37525/', 'http://ubiquityrobot.local:46135/', 'http://ubiquityrobot.local:37487/', 'http://ubiquityrobot.local:40735/', 'http://ubiquityrobot.local:43363/', 'http://ubiquityrobot.local:32931/', 'http://ubiquityrobot.local:37087/']
[rosmaster.master][INFO] 2020-07-30 04:33:07,753: publisherUpdate[/tf] -> http://ubiquityrobot.local:37525/ ['http://ubiquityrobot.local:32931/']
[rosmaster.master][INFO] 2020-07-30 04:33:07,764: publisherUpdate[/rosout] -> http://ubiquityrobot.local:42981/ ['http://ubiquityrobot.local:44773/', 'http://ubiquityrobot.local:40463/', 'http://ubiquityrobot.local:37525/', 'http://ubiquityrobot.local:46135/', 'http://ubiquityrobot.local:37487/', 'http://ubiquityrobot.local:40735/', 'http://ubiquityrobot.local:43363/', 'http://ubiquityrobot.local:32931/', 'http://ubiquityrobot.local:37087/']: sec=0.00, result=[1, '', 0]
[rosmaster.master][INFO] 2020-07-30 04:33:07,765: +PARAM [/ubiquity_motor/pid_velocity] by /motor_node
[rosmaster.master][INFO] 2020-07-30 04:33:07,781: publisherUpdate[/tf] -> http://ubiquityrobot.local:37525/ ['http://ubiquityrobot.local:32931/']: sec=0.01, result=[1, '', 0]
[rosmaster.master][INFO] 2020-07-30 04:33:07,785: publisherUpdate[/tf_static] -> http://ubiquityrobot.local:37525/ ['http://ubiquityrobot.local:32931/']
[rosmaster.master][INFO] 2020-07-30 04:33:07,788: publisherUpdate[/tf_static] -> http://ubiquityrobot.local:37525/ ['http://ubiquityrobot.local:32931/']: sec=0.00, result=[1, '', 0]
[rosmaster.master][INFO] 2020-07-30 04:33:07,803: +SUB [/joint_states] /robot_state_publisher http://ubiquityrobot.local:32931/
[rosmaster.master][INFO] 2020-07-30 04:33:07,803: +PARAM [/ubiquity_motor/window_size] by /motor_node
[rosmaster.master][INFO] 2020-07-30 04:33:07,812: +PARAM [/ubiquity_motor/controller_board_version] by /motor_node
[rosmaster.master][INFO] 2020-07-30 04:33:07,820: +PARAM [/ubiquity_motor/fw_estop_detection] by /motor_node
[rosmaster.master][INFO] 2020-07-30 04:33:07,827: +PARAM [/ubiquity_motor/fw_estop_pid_threshold] by /motor_node
[rosmaster.master][INFO] 2020-07-30 04:33:07,831: +PARAM [/ubiquity_motor/fw_max_speed_fwd] by /motor_node
[rosmaster.master][INFO] 2020-07-30 04:33:07,836: +PARAM [/ubiquity_motor/fw_max_speed_rev] by /motor_node
[rosmaster.master][INFO] 2020-07-30 04:33:07,840: +PARAM [/ubiquity_motor/fw_max_pwm] by /motor_node
[rosmaster.master][INFO] 2020-07-30 04:33:07,845: +PARAM [/ubiquity_motor/deadman_timer] by /motor_node
[rosmaster.master][INFO] 2020-07-30 04:33:07,851: +PARAM [/ubiquity_motor/deadzone_enable] by /motor_node
[rosmaster.master][INFO] 2020-07-30 04:33:07,861: +PARAM [/ubiquity_motor/battery_voltage_offset] by /motor_node
[rosmaster.master][INFO] 2020-07-30 04:33:07,872: +PARAM [/ubiquity_motor/battery_voltage_multiplier] by /motor_node
[rosmaster.master][INFO] 2020-07-30 04:33:07,887: +PUB [/diagnostics] /motor_node http://ubiquityrobot.local:37087/
[rosmaster.master][INFO] 2020-07-30 04:33:07,896: +PUB [/left_error] /motor_node http://ubiquityrobot.local:37087/
[rosmaster.master][INFO] 2020-07-30 04:33:07,899: +PUB [/right_error] /motor_node http://ubiquityrobot.local:37087/
[rosmaster.master][INFO] 2020-07-30 04:33:07,901: +PUB [/battery_state] /motor_node http://ubiquityrobot.local:37087/
[rosmaster.master][INFO] 2020-07-30 04:33:07,904: +PUB [/motor_power_active] /motor_node http://ubiquityrobot.local:37087/
[rosmaster.master][INFO] 2020-07-30 04:33:08,010: +SERVICE [/controller_manager/list_controllers] /motor_node http://ubiquityrobot.local:37087/
[rosmaster.master][INFO] 2020-07-30 04:33:08,013: +SERVICE [/controller_manager/list_controller_types] /motor_node http://ubiquityrobot.local:37087/
[rosmaster.master][INFO] 2020-07-30 04:33:08,016: +SERVICE [/controller_manager/load_controller] /motor_node http://ubiquityrobot.local:37087/
[rosmaster.master][INFO] 2020-07-30 04:33:08,019: +SERVICE [/controller_manager/unload_controller] /motor_node http://ubiquityrobot.local:37087/
[rosmaster.master][INFO] 2020-07-30 04:33:08,021: +SERVICE [/controller_manager/switch_controller] /motor_node http://ubiquityrobot.local:37087/
[rosmaster.master][INFO] 2020-07-30 04:33:08,024: +SERVICE [/controller_manager/reload_controller_libraries] /motor_node http://ubiquityrobot.local:37087/
[rosmaster.master][INFO] 2020-07-30 04:33:08,027: +SERVICE [/motor_node/set_parameters] /motor_node http://ubiquityrobot.local:37087/
[rosmaster.master][INFO] 2020-07-30 04:33:08,029: +PUB [/motor_node/parameter_descriptions] /motor_node http://ubiquityrobot.local:37087/
[rosmaster.master][INFO] 2020-07-30 04:33:08,032: +PUB [/motor_node/parameter_updates] /motor_node http://ubiquityrobot.local:37087/
[rosmaster.master][INFO] 2020-07-30 04:33:08,047: +PARAM [/motor_node/PID_P] by /motor_node
[rosmaster.master][INFO] 2020-07-30 04:33:08,049: +PARAM [/motor_node/PID_I] by /motor_node
[rosmaster.master][INFO] 2020-07-30 04:33:08,051: +PARAM [/motor_node/PID_D] by /motor_node
[rosmaster.master][INFO] 2020-07-30 04:33:08,054: +PARAM [/motor_node/PID_C] by /motor_node
[rosmaster.master][INFO] 2020-07-30 04:33:08,056: +PARAM [/motor_node/PID_W] by /motor_node
[rosmaster.master][INFO] 2020-07-30 04:33:08,058: +PARAM [/motor_node/PID_V] by /motor_node
[rosmaster.master][INFO] 2020-07-30 04:33:08,060: +PARAM [/motor_node/PID_P] by /motor_node
[rosmaster.master][INFO] 2020-07-30 04:33:08,063: +PARAM [/motor_node/PID_I] by /motor_node
[rosmaster.master][INFO] 2020-07-30 04:33:08,065: +PARAM [/motor_node/PID_D] by /motor_node
[rosmaster.master][INFO] 2020-07-30 04:33:08,067: +PARAM [/motor_node/PID_C] by /motor_node
[rosmaster.master][INFO] 2020-07-30 04:33:08,070: +PARAM [/motor_node/PID_W] by /motor_node
[rosmaster.master][INFO] 2020-07-30 04:33:08,072: +PARAM [/motor_node/PID_V] by /motor_node
[rosmaster.master][INFO] 2020-07-30 04:33:08,323: +PUB [/rosout] /controller_spawner http://ubiquityrobot.local:42041/
[rosmaster.master][INFO] 2020-07-30 04:33:08,330: +SERVICE [/controller_spawner/get_loggers] /controller_spawner http://ubiquityrobot.local:42041/
[rosmaster.master][INFO] 2020-07-30 04:33:08,334: +SERVICE [/controller_spawner/set_logger_level] /controller_spawner http://ubiquityrobot.local:42041/
[rosmaster.master][INFO] 2020-07-30 04:33:08,354: +PUB [/rosout] /joint_state_publisher http://ubiquityrobot.local:40005/
[rosmaster.master][INFO] 2020-07-30 04:33:08,355: publisherUpdate[/rosout] -> http://ubiquityrobot.local:42981/ ['http://ubiquityrobot.local:44773/', 'http://ubiquityrobot.local:40463/', 'http://ubiquityrobot.local:37525/', 'http://ubiquityrobot.local:46135/', 'http://ubiquityrobot.local:37487/', 'http://ubiquityrobot.local:40735/', 'http://ubiquityrobot.local:43363/', 'http://ubiquityrobot.local:32931/', 'http://ubiquityrobot.local:37087/', 'http://ubiquityrobot.local:42041/']
[rosmaster.master][INFO] 2020-07-30 04:33:08,358: publisherUpdate[/rosout] -> http://ubiquityrobot.local:42981/ ['http://ubiquityrobot.local:44773/', 'http://ubiquityrobot.local:40463/', 'http://ubiquityrobot.local:37525/', 'http://ubiquityrobot.local:46135/', 'http://ubiquityrobot.local:37487/', 'http://ubiquityrobot.local:40735/', 'http://ubiquityrobot.local:43363/', 'http://ubiquityrobot.local:32931/', 'http://ubiquityrobot.local:37087/', 'http://ubiquityrobot.local:42041/']: sec=0.00, result=[1, '', 0]
[rosmaster.master][INFO] 2020-07-30 04:33:08,359: publisherUpdate[/rosout] -> http://ubiquityrobot.local:42981/ ['http://ubiquityrobot.local:44773/', 'http://ubiquityrobot.local:40463/', 'http://ubiquityrobot.local:37525/', 'http://ubiquityrobot.local:46135/', 'http://ubiquityrobot.local:37487/', 'http://ubiquityrobot.local:40735/', 'http://ubiquityrobot.local:43363/', 'http://ubiquityrobot.local:32931/', 'http://ubiquityrobot.local:37087/', 'http://ubiquityrobot.local:42041/', 'http://ubiquityrobot.local:40005/']
[rosmaster.master][INFO] 2020-07-30 04:33:08,361: publisherUpdate[/rosout] -> http://ubiquityrobot.local:42981/ ['http://ubiquityrobot.local:44773/', 'http://ubiquityrobot.local:40463/', 'http://ubiquityrobot.local:37525/', 'http://ubiquityrobot.local:46135/', 'http://ubiquityrobot.local:37487/', 'http://ubiquityrobot.local:40735/', 'http://ubiquityrobot.local:43363/', 'http://ubiquityrobot.local:32931/', 'http://ubiquityrobot.local:37087/', 'http://ubiquityrobot.local:42041/', 'http://ubiquityrobot.local:40005/']: sec=0.00, result=[1, '', 0]
[rosmaster.master][INFO] 2020-07-30 04:33:08,366: +SERVICE [/joint_state_publisher/get_loggers] /joint_state_publisher http://ubiquityrobot.local:40005/
[rosmaster.master][INFO] 2020-07-30 04:33:08,371: +SERVICE [/joint_state_publisher/set_logger_level] /joint_state_publisher http://ubiquityrobot.local:40005/
[rosmaster.master][INFO] 2020-07-30 04:33:08,445: +PUB [/joint_states] /joint_state_publisher http://ubiquityrobot.local:40005/
[rosmaster.master][INFO] 2020-07-30 04:33:08,462: publisherUpdate[/joint_states] -> http://ubiquityrobot.local:32931/ ['http://ubiquityrobot.local:40005/']
[rosmaster.master][INFO] 2020-07-30 04:33:08,465: publisherUpdate[/joint_states] -> http://ubiquityrobot.local:32931/ ['http://ubiquityrobot.local:40005/']: sec=0.00, result=[1, '', 0]
[rosmaster.master][INFO] 2020-07-30 04:33:08,488: +PUB [/odom] /motor_node http://ubiquityrobot.local:37087/
[rosmaster.master][INFO] 2020-07-30 04:33:08,490: +PUB [/tf] /motor_node http://ubiquityrobot.local:37087/
[rosmaster.master][INFO] 2020-07-30 04:33:08,493: publisherUpdate[/tf] -> http://ubiquityrobot.local:37525/ ['http://ubiquityrobot.local:32931/', 'http://ubiquityrobot.local:37087/']
[rosmaster.master][INFO] 2020-07-30 04:33:08,495: publisherUpdate[/tf] -> http://ubiquityrobot.local:37525/ ['http://ubiquityrobot.local:32931/', 'http://ubiquityrobot.local:37087/']: sec=0.00, result=[1, '', 0]
[rosmaster.master][INFO] 2020-07-30 04:33:08,504: +SUB [/cmd_vel] /motor_node http://ubiquityrobot.local:37087/
[rosmaster.master][INFO] 2020-07-30 04:33:08,507: +SERVICE [/ubiquity_velocity_controller/set_parameters] /motor_node http://ubiquityrobot.local:37087/
[rosmaster.master][INFO] 2020-07-30 04:33:08,509: +PUB [/ubiquity_velocity_controller/parameter_descriptions] /motor_node http://ubiquityrobot.local:37087/
[rosmaster.master][INFO] 2020-07-30 04:33:08,511: +PUB [/ubiquity_velocity_controller/parameter_updates] /motor_node http://ubiquityrobot.local:37087/
[rosmaster.master][INFO] 2020-07-30 04:33:08,520: +PARAM [/ubiquity_velocity_controller/left_wheel_radius_multiplier] by /motor_node
[rosmaster.master][INFO] 2020-07-30 04:33:08,522: +PARAM [/ubiquity_velocity_controller/right_wheel_radius_multiplier] by /motor_node
[rosmaster.master][INFO] 2020-07-30 04:33:08,524: +PARAM [/ubiquity_velocity_controller/wheel_separation_multiplier] by /motor_node
[rosmaster.master][INFO] 2020-07-30 04:33:08,526: +PARAM [/ubiquity_velocity_controller/publish_rate] by /motor_node
[rosmaster.master][INFO] 2020-07-30 04:33:08,528: +PARAM [/ubiquity_velocity_controller/enable_odom_tf] by /motor_node
[rosmaster.master][INFO] 2020-07-30 04:33:08,530: +PARAM [/ubiquity_velocity_controller/left_wheel_radius_multiplier] by /motor_node
[rosmaster.master][INFO] 2020-07-30 04:33:08,532: +PARAM [/ubiquity_velocity_controller/right_wheel_radius_multiplier] by /motor_node
[rosmaster.master][INFO] 2020-07-30 04:33:08,534: +PARAM [/ubiquity_velocity_controller/wheel_separation_multiplier] by /motor_node
[rosmaster.master][INFO] 2020-07-30 04:33:08,536: +PARAM [/ubiquity_velocity_controller/publish_rate] by /motor_node
[rosmaster.master][INFO] 2020-07-30 04:33:08,538: +PARAM [/ubiquity_velocity_controller/enable_odom_tf] by /motor_node
[rosmaster.master][INFO] 2020-07-30 04:33:08,540: +PARAM [/ubiquity_velocity_controller/left_wheel_radius_multiplier] by /motor_node
[rosmaster.master][INFO] 2020-07-30 04:33:08,542: +PARAM [/ubiquity_velocity_controller/right_wheel_radius_multiplier] by /motor_node
[rosmaster.master][INFO] 2020-07-30 04:33:08,544: +PARAM [/ubiquity_velocity_controller/wheel_separation_multiplier] by /motor_node
[rosmaster.master][INFO] 2020-07-30 04:33:08,546: +PARAM [/ubiquity_velocity_controller/publish_rate] by /motor_node
[rosmaster.master][INFO] 2020-07-30 04:33:08,548: +PARAM [/ubiquity_velocity_controller/enable_odom_tf] by /motor_node
[rosmaster.master][INFO] 2020-07-30 04:33:08,567: +PUB [/joint_states] /motor_node http://ubiquityrobot.local:37087/
[rosmaster.master][INFO] 2020-07-30 04:33:08,582: publisherUpdate[/joint_states] -> http://ubiquityrobot.local:32931/ ['http://ubiquityrobot.local:40005/', 'http://ubiquityrobot.local:37087/']
[rosmaster.master][INFO] 2020-07-30 04:33:08,584: publisherUpdate[/joint_states] -> http://ubiquityrobot.local:32931/ ['http://ubiquityrobot.local:40005/', 'http://ubiquityrobot.local:37087/']: sec=0.00, result=[1, '', 0]
[rosmaster.master][INFO] 2020-07-30 04:33:09,767: +PUB [/statistics] /robot_state_publisher http://ubiquityrobot.local:32931/
[rosmaster.master][INFO] 2020-07-30 04:34:03,739: +PUB [/cmd_vel] /teleop_twist_keyboard http://10.0.0.216:41434/
[rosmaster.master][INFO] 2020-07-30 04:34:03,758: publisherUpdate[/cmd_vel] -> http://ubiquityrobot.local:37087/ ['http://ubiquityrobot.local:40463/', 'http://10.0.0.216:41434/']
[rosmaster.master][INFO] 2020-07-30 04:34:03,762: publisherUpdate[/cmd_vel] -> http://ubiquityrobot.local:37087/ ['http://ubiquityrobot.local:40463/', 'http://10.0.0.216:41434/']: sec=0.00, result=[1, '', 0]
[rosmaster.master][INFO] 2020-07-30 04:34:03,844: +PUB [/rosout] /teleop_twist_keyboard http://10.0.0.216:41434/
[rosmaster.master][INFO] 2020-07-30 04:34:03,863: publisherUpdate[/rosout] -> http://ubiquityrobot.local:42981/ ['http://ubiquityrobot.local:44773/', 'http://ubiquityrobot.local:40463/', 'http://ubiquityrobot.local:37525/', 'http://ubiquityrobot.local:46135/', 'http://ubiquityrobot.local:37487/', 'http://ubiquityrobot.local:40735/', 'http://ubiquityrobot.local:43363/', 'http://ubiquityrobot.local:32931/', 'http://ubiquityrobot.local:37087/', 'http://ubiquityrobot.local:42041/', 'http://ubiquityrobot.local:40005/', 'http://10.0.0.216:41434/']
[rosmaster.master][INFO] 2020-07-30 04:34:03,867: publisherUpdate[/rosout] -> http://ubiquityrobot.local:42981/ ['http://ubiquityrobot.local:44773/', 'http://ubiquityrobot.local:40463/', 'http://ubiquityrobot.local:37525/', 'http://ubiquityrobot.local:46135/', 'http://ubiquityrobot.local:37487/', 'http://ubiquityrobot.local:40735/', 'http://ubiquityrobot.local:43363/', 'http://ubiquityrobot.local:32931/', 'http://ubiquityrobot.local:37087/', 'http://ubiquityrobot.local:42041/', 'http://ubiquityrobot.local:40005/', 'http://10.0.0.216:41434/']: sec=0.00, result=[1, '', 0]
[rosmaster.master][INFO] 2020-07-30 04:34:03,878: +SERVICE [/teleop_twist_keyboard/get_loggers] /teleop_twist_keyboard http://10.0.0.216:41434/
[rosmaster.master][INFO] 2020-07-30 04:34:03,887: +SERVICE [/teleop_twist_keyboard/set_logger_level] /teleop_twist_keyboard http://10.0.0.216:41434/
[rosmaster.master][INFO] 2020-07-30 04:34:07,413: +PUB [/statistics] /motor_node http://ubiquityrobot.local:37087/
[rosmaster.master][INFO] 2020-07-30 04:34:11,317: -PUB [/rosout] /teleop_twist_keyboard http://10.0.0.216:41434/
[rosmaster.master][INFO] 2020-07-30 04:34:11,318: -PUB [/cmd_vel] /teleop_twist_keyboard http://10.0.0.216:41434/
[rosmaster.master][INFO] 2020-07-30 04:34:11,319: -SERVICE [/teleop_twist_keyboard/set_logger_level] /teleop_twist_keyboard rosrpc://10.0.0.216:35348
[rosmaster.master][INFO] 2020-07-30 04:34:11,320: -SERVICE [/teleop_twist_keyboard/get_loggers] /teleop_twist_keyboard rosrpc://10.0.0.216:35348
[rosmaster.master][INFO] 2020-07-30 04:34:11,381: publisherUpdate[/rosout] -> http://ubiquityrobot.local:42981/ ['http://ubiquityrobot.local:44773/', 'http://ubiquityrobot.local:40463/', 'http://ubiquityrobot.local:37525/', 'http://ubiquityrobot.local:46135/', 'http://ubiquityrobot.local:37487/', 'http://ubiquityrobot.local:40735/', 'http://ubiquityrobot.local:43363/', 'http://ubiquityrobot.local:32931/', 'http://ubiquityrobot.local:37087/', 'http://ubiquityrobot.local:42041/', 'http://ubiquityrobot.local:40005/']
[rosmaster.master][INFO] 2020-07-30 04:34:11,383: publisherUpdate[/cmd_vel] -> http://ubiquityrobot.local:37087/ ['http://ubiquityrobot.local:40463/']
[rosmaster.master][INFO] 2020-07-30 04:34:11,385: publisherUpdate[/rosout] -> http://ubiquityrobot.local:42981/ ['http://ubiquityrobot.local:44773/', 'http://ubiquityrobot.local:40463/', 'http://ubiquityrobot.local:37525/', 'http://ubiquityrobot.local:46135/', 'http://ubiquityrobot.local:37487/', 'http://ubiquityrobot.local:40735/', 'http://ubiquityrobot.local:43363/', 'http://ubiquityrobot.local:32931/', 'http://ubiquityrobot.local:37087/', 'http://ubiquityrobot.local:42041/', 'http://ubiquityrobot.local:40005/']: sec=0.00, result=[1, '', 0]
[rosmaster.master][INFO] 2020-07-30 04:34:11,387: publisherUpdate[/cmd_vel] -> http://ubiquityrobot.local:37087/ ['http://ubiquityrobot.local:40463/']: sec=0.00, result=[1, '', 0]
[rosmaster.master][INFO] 2020-07-30 04:35:48,301: +PARAM [/roslaunch/uris/host_10_0_0_216__32794] by /roslaunch
[rosmaster.master][INFO] 2020-07-30 04:35:48,368: +PARAM [/camera/realsense2_camera/pointcloud_texture_index] by /roslaunch
[rosmaster.master][INFO] 2020-07-30 04:35:48,368: +PARAM [/darknet_ros/subscribers/camera_reading/topic] by /roslaunch
[rosmaster.master][INFO] 2020-07-30 04:35:48,369: +PARAM [/camera/realsense2_camera/color_width] by /roslaunch
[rosmaster.master][INFO] 2020-07-30 04:35:48,370: +PARAM [/camera/realsense2_camera/fisheye_fps] by /roslaunch
[rosmaster.master][INFO] 2020-07-30 04:35:48,370: +PARAM [/camera/realsense2_camera/color_optical_frame_id] by /roslaunch
[rosmaster.master][INFO] 2020-07-30 04:35:48,371: +PARAM [/camera/realsense2_camera/fisheye_frame_id] by /roslaunch
[rosmaster.master][INFO] 2020-07-30 04:35:48,371: +PARAM [/camera/realsense2_camera/fisheye2_optical_frame_id] by /roslaunch
[rosmaster.master][INFO] 2020-07-30 04:35:48,372: +PARAM [/camera/realsense2_camera/fisheye_height] by /roslaunch
[rosmaster.master][INFO] 2020-07-30 04:35:48,373: +PARAM [/darknet_ros/publishers/object_detector/queue_size] by /roslaunch
[rosmaster.master][INFO] 2020-07-30 04:35:48,373: +PARAM [/camera/realsense2_camera/enable_fisheye2] by /roslaunch
[rosmaster.master][INFO] 2020-07-30 04:35:48,374: +PARAM [/camera/realsense2_camera/enable_fisheye1] by /roslaunch
[rosmaster.master][INFO] 2020-07-30 04:35:48,375: +PARAM [/camera/realsense2_camera/accel_optical_frame_id] by /roslaunch
[rosmaster.master][INFO] 2020-07-30 04:35:48,375: +PARAM [/camera/realsense2_camera/serial_no] by /roslaunch
[rosmaster.master][INFO] 2020-07-30 04:35:48,376: +PARAM [/camera/realsense2_camera/fisheye1_optical_frame_id] by /roslaunch
[rosmaster.master][INFO] 2020-07-30 04:35:48,377: +PARAM [/camera/realsense2_camera/allow_no_texture_points] by /roslaunch
[rosmaster.master][INFO] 2020-07-30 04:35:48,377: +PARAM [/camera/realsense2_camera/infra1_frame_id] by /roslaunch
[rosmaster.master][INFO] 2020-07-30 04:35:48,378: +PARAM [/camera/realsense2_camera/publish_tf] by /roslaunch
[rosmaster.master][INFO] 2020-07-30 04:35:48,379: +PARAM [/camera/realsense2_camera/json_file_path] by /roslaunch
[rosmaster.master][INFO] 2020-07-30 04:35:48,379: +PARAM [/darknet_ros/publishers/detection_image/topic] by /roslaunch
[rosmaster.master][INFO] 2020-07-30 04:35:48,380: +PARAM [/camera/realsense2_camera/enable_accel] by /roslaunch
[rosmaster.master][INFO] 2020-07-30 04:35:48,381: +PARAM [/camera/realsense2_camera/depth_frame_id] by /roslaunch
[rosmaster.master][INFO] 2020-07-30 04:35:48,381: +PARAM [/darknet_ros/publishers/bounding_boxes/queue_size] by /roslaunch
[rosmaster.master][INFO] 2020-07-30 04:35:48,382: +PARAM [/camera/realsense2_camera/enable_sync] by /roslaunch
[rosmaster.master][INFO] 2020-07-30 04:35:48,382: +PARAM [/darknet_ros/weights_path] by /roslaunch
[rosmaster.master][INFO] 2020-07-30 04:35:48,383: +PARAM [/darknet_ros/publishers/detection_image/queue_size] by /roslaunch
[rosmaster.master][INFO] 2020-07-30 04:35:48,384: +PARAM [/camera/realsense2_camera/fisheye2_frame_id] by /roslaunch
[rosmaster.master][INFO] 2020-07-30 04:35:48,384: +PARAM [/camera/realsense2_camera/depth_width] by /roslaunch
[rosmaster.master][INFO] 2020-07-30 04:35:48,385: +PARAM [/camera/realsense2_camera/enable_pose] by /roslaunch
[rosmaster.master][INFO] 2020-07-30 04:35:48,385: +PARAM [/camera/realsense2_camera/infra_fps] by /roslaunch
[rosmaster.master][INFO] 2020-07-30 04:35:48,386: +PARAM [/darknet_ros/yolo_model/threshold/value] by /roslaunch
[rosmaster.master][INFO] 2020-07-30 04:35:48,387: +PARAM [/camera/realsense2_camera/infra1_optical_frame_id] by /roslaunch
[rosmaster.master][INFO] 2020-07-30 04:35:48,387: +PARAM [/camera/realsense2_camera/depth_fps] by /roslaunch
[rosmaster.master][INFO] 2020-07-30 04:35:48,388: +PARAM [/darknet_ros/yolo_model/config_file/name] by /roslaunch
[rosmaster.master][INFO] 2020-07-30 04:35:48,388: +PARAM [/camera/realsense2_camera/infra_width] by /roslaunch
[rosmaster.master][INFO] 2020-07-30 04:35:48,389: +PARAM [/rosdistro] by /roslaunch
[rosmaster.master][INFO] 2020-07-30 04:35:48,390: +PARAM [/camera/realsense2_camera/fisheye_optical_frame_id] by /roslaunch
[rosmaster.master][INFO] 2020-07-30 04:35:48,390: +PARAM [/camera/realsense2_camera/infra_height] by /roslaunch
[rosmaster.master][INFO] 2020-07-30 04:35:48,391: +PARAM [/camera/realsense2_camera/aligned_depth_to_color_frame_id] by /roslaunch
[rosmaster.master][INFO] 2020-07-30 04:35:48,391: +PARAM [/camera/realsense2_camera/imu_optical_frame_id] by /roslaunch
[rosmaster.master][INFO] 2020-07-30 04:35:48,392: +PARAM [/camera/realsense2_camera/device_type] by /roslaunch
[rosmaster.master][INFO] 2020-07-30 04:35:48,393: +PARAM [/darknet_ros/publishers/bounding_boxes/latch] by /roslaunch
[rosmaster.master][INFO] 2020-07-30 04:35:48,393: +PARAM [/darknet_ros/actions/camera_reading/name] by /roslaunch
[rosmaster.master][INFO] 2020-07-30 04:35:48,394: +PARAM [/camera/realsense2_camera/calib_odom_file] by /roslaunch
[rosmaster.master][INFO] 2020-07-30 04:35:48,394: +PARAM [/camera/realsense2_camera/usb_port_id] by /roslaunch
[rosmaster.master][INFO] 2020-07-30 04:35:48,395: +PARAM [/camera/realsense2_camera/aligned_depth_to_infra1_frame_id] by /roslaunch
[rosmaster.master][INFO] 2020-07-30 04:35:48,396: +PARAM [/camera/realsense2_camera/color_fps] by /roslaunch
[rosmaster.master][INFO] 2020-07-30 04:35:48,396: +PARAM [/camera/realsense2_camera/linear_accel_cov] by /roslaunch
[rosmaster.master][INFO] 2020-07-30 04:35:48,397: +PARAM [/camera/realsense2_camera/aligned_depth_to_fisheye1_frame_id] by /roslaunch
[rosmaster.master][INFO] 2020-07-30 04:35:48,397: +PARAM [/camera/realsense2_camera/topic_odom_in] by /roslaunch
[rosmaster.master][INFO] 2020-07-30 04:35:48,398: +PARAM [/darknet_ros/image_view/enable_console_output] by /roslaunch
[rosmaster.master][INFO] 2020-07-30 04:35:48,398: +PARAM [/camera/realsense2_camera/initial_reset] by /roslaunch
[rosmaster.master][INFO] 2020-07-30 04:35:48,399: +PARAM [/camera/realsense2_camera/fisheye_width] by /roslaunch
[rosmaster.master][INFO] 2020-07-30 04:35:48,400: +PARAM [/camera/realsense2_camera/align_depth] by /roslaunch
[rosmaster.master][INFO] 2020-07-30 04:35:48,400: +PARAM [/darknet_ros/image_view/wait_key_delay] by /roslaunch
[rosmaster.master][INFO] 2020-07-30 04:35:48,401: +PARAM [/camera/realsense2_camera/enable_infra] by /roslaunch
[rosmaster.master][INFO] 2020-07-30 04:35:48,401: +PARAM [/darknet_ros/subscribers/camera_reading/queue_size] by /roslaunch
[rosmaster.master][INFO] 2020-07-30 04:35:48,402: +PARAM [/camera/realsense2_camera/enable_depth] by /roslaunch
[rosmaster.master][INFO] 2020-07-30 04:35:48,403: +PARAM [/camera/realsense2_camera/aligned_depth_to_fisheye_frame_id] by /roslaunch
[rosmaster.master][INFO] 2020-07-30 04:35:48,403: +PARAM [/camera/realsense2_camera/accel_fps] by /roslaunch
[rosmaster.master][INFO] 2020-07-30 04:35:48,404: +PARAM [/camera/realsense2_camera/unite_imu_method] by /roslaunch
[rosmaster.master][INFO] 2020-07-30 04:35:48,404: +PARAM [/camera/realsense2_camera/gyro_frame_id] by /roslaunch
[rosmaster.master][INFO] 2020-07-30 04:35:48,405: +PARAM [/camera/realsense2_camera/odom_frame_id] by /roslaunch
[rosmaster.master][INFO] 2020-07-30 04:35:48,406: +PARAM [/camera/realsense2_camera/gyro_fps] by /roslaunch
[rosmaster.master][INFO] 2020-07-30 04:35:48,406: +PARAM [/camera/realsense2_camera/base_frame_id] by /roslaunch
[rosmaster.master][INFO] 2020-07-30 04:35:48,407: +PARAM [/darknet_ros/publishers/object_detector/topic] by /roslaunch
[rosmaster.master][INFO] 2020-07-30 04:35:48,407: +PARAM [/darknet_ros/image_view/enable_opencv] by /roslaunch
[rosmaster.master][INFO] 2020-07-30 04:35:48,408: +PARAM [/camera/realsense2_camera/infra2_frame_id] by /roslaunch
[rosmaster.master][INFO] 2020-07-30 04:35:48,409: +PARAM [/camera/realsense2_camera/aligned_depth_to_fisheye2_frame_id] by /roslaunch
[rosmaster.master][INFO] 2020-07-30 04:35:48,409: +PARAM [/camera/realsense2_camera/pointcloud_texture_stream] by /roslaunch
[rosmaster.master][INFO] 2020-07-30 04:35:48,410: +PARAM [/camera/realsense2_camera/color_height] by /roslaunch
[rosmaster.master][INFO] 2020-07-30 04:35:48,410: +PARAM [/darknet_ros/config_path] by /roslaunch
[rosmaster.master][INFO] 2020-07-30 04:35:48,411: +PARAM [/camera/realsense2_camera/publish_odom_tf] by /roslaunch
[rosmaster.master][INFO] 2020-07-30 04:35:48,411: +PARAM [/camera/realsense2_camera/pose_frame_id] by /roslaunch
[rosmaster.master][INFO] 2020-07-30 04:35:48,412: +PARAM [/camera/realsense2_camera/enable_color] by /roslaunch
[rosmaster.master][INFO] 2020-07-30 04:35:48,413: +PARAM [/camera/realsense2_camera/accel_frame_id] by /roslaunch
[rosmaster.master][INFO] 2020-07-30 04:35:48,413: +PARAM [/camera/realsense2_camera/rosbag_filename] by /roslaunch
[rosmaster.master][INFO] 2020-07-30 04:35:48,414: +PARAM [/darknet_ros/yolo_model/weight_file/name] by /roslaunch
[rosmaster.master][INFO] 2020-07-30 04:35:48,415: +PARAM [/camera/realsense2_camera/tf_publish_rate] by /roslaunch
[rosmaster.master][INFO] 2020-07-30 04:35:48,415: +PARAM [/camera/realsense2_camera/enable_fisheye] by /roslaunch
[rosmaster.master][INFO] 2020-07-30 04:35:48,416: +PARAM [/camera/realsense2_camera/enable_infra1] by /roslaunch
[rosmaster.master][INFO] 2020-07-30 04:35:48,416: +PARAM [/darknet_ros/yolo_model/detection_classes/names] by /roslaunch
[rosmaster.master][INFO] 2020-07-30 04:35:48,417: +PARAM [/camera/realsense2_camera/enable_infra2] by /roslaunch
[rosmaster.master][INFO] 2020-07-30 04:35:48,418: +PARAM [/camera/realsense2_camera/filters] by /roslaunch
[rosmaster.master][INFO] 2020-07-30 04:35:48,418: +PARAM [/camera/realsense2_camera/infra2_optical_frame_id] by /roslaunch
[rosmaster.master][INFO] 2020-07-30 04:35:48,419: +PARAM [/darknet_ros/publishers/object_detector/latch] by /roslaunch
[rosmaster.master][INFO] 2020-07-30 04:35:48,419: +PARAM [/darknet_ros/publishers/bounding_boxes/topic] by /roslaunch
[rosmaster.master][INFO] 2020-07-30 04:35:48,420: +PARAM [/camera/realsense2_camera/pose_optical_frame_id] by /roslaunch
[rosmaster.master][INFO] 2020-07-30 04:35:48,421: +PARAM [/camera/realsense2_camera/gyro_optical_frame_id] by /roslaunch
[rosmaster.master][INFO] 2020-07-30 04:35:48,421: +PARAM [/camera/realsense2_camera/depth_optical_frame_id] by /roslaunch
[rosmaster.master][INFO] 2020-07-30 04:35:48,422: +PARAM [/camera/realsense2_camera/color_frame_id] by /roslaunch
[rosmaster.master][INFO] 2020-07-30 04:35:48,422: +PARAM [/darknet_ros/publishers/detection_image/latch] by /roslaunch
[rosmaster.master][INFO] 2020-07-30 04:35:48,423: +PARAM [/rosversion] by /roslaunch
[rosmaster.master][INFO] 2020-07-30 04:35:48,424: +PARAM [/camera/realsense2_camera/depth_height] by /roslaunch
[rosmaster.master][INFO] 2020-07-30 04:35:48,424: +PARAM [/camera/realsense2_camera/aligned_depth_to_infra2_frame_id] by /roslaunch
[rosmaster.master][INFO] 2020-07-30 04:35:48,425: +PARAM [/camera/realsense2_camera/fisheye1_frame_id] by /roslaunch
[rosmaster.master][INFO] 2020-07-30 04:35:48,426: +PARAM [/camera/realsense2_camera/enable_gyro] by /roslaunch
[rosmaster.master][INFO] 2020-07-30 04:35:48,427: +PARAM [/camera/realsense2_camera/enable_pointcloud] by /roslaunch
[rosmaster.master][INFO] 2020-07-30 04:35:48,427: +PARAM [/camera/realsense2_camera/clip_distance] by /roslaunch
[rosmaster.master][INFO] 2020-07-30 04:35:48,870: +PUB [/rosout] /camera/realsense2_camera http://10.0.0.216:43070/
[rosmaster.master][INFO] 2020-07-30 04:35:48,872: +SERVICE [/camera/realsense2_camera/get_loggers] /camera/realsense2_camera http://10.0.0.216:43070/
[rosmaster.master][INFO] 2020-07-30 04:35:48,874: +SERVICE [/camera/realsense2_camera/set_logger_level] /camera/realsense2_camera http://10.0.0.216:43070/
[rosmaster.master][INFO] 2020-07-30 04:35:48,885: +PARAM [/camera/realsense2_camera] by /camera/realsense2_camera
[rosmaster.master][INFO] 2020-07-30 04:35:48,948: +PUB [/rosout] /camera/realsense2_camera_manager http://10.0.0.216:43648/
[rosmaster.master][INFO] 2020-07-30 04:35:48,950: publisherUpdate[/rosout] -> http://ubiquityrobot.local:42981/ ['http://ubiquityrobot.local:44773/', 'http://ubiquityrobot.local:40463/', 'http://ubiquityrobot.local:37525/', 'http://ubiquityrobot.local:46135/', 'http://ubiquityrobot.local:37487/', 'http://ubiquityrobot.local:40735/', 'http://ubiquityrobot.local:43363/', 'http://ubiquityrobot.local:32931/', 'http://ubiquityrobot.local:37087/', 'http://ubiquityrobot.local:42041/', 'http://ubiquityrobot.local:40005/', 'http://10.0.0.216:43070/']
[rosmaster.master][INFO] 2020-07-30 04:35:48,952: publisherUpdate[/rosout] -> http://ubiquityrobot.local:42981/ ['http://ubiquityrobot.local:44773/', 'http://ubiquityrobot.local:40463/', 'http://ubiquityrobot.local:37525/', 'http://ubiquityrobot.local:46135/', 'http://ubiquityrobot.local:37487/', 'http://ubiquityrobot.local:40735/', 'http://ubiquityrobot.local:43363/', 'http://ubiquityrobot.local:32931/', 'http://ubiquityrobot.local:37087/', 'http://ubiquityrobot.local:42041/', 'http://ubiquityrobot.local:40005/', 'http://10.0.0.216:43070/']: sec=0.00, result=[1, '', 0]
[rosmaster.master][INFO] 2020-07-30 04:35:48,952: publisherUpdate[/rosout] -> http://ubiquityrobot.local:42981/ ['http://ubiquityrobot.local:44773/', 'http://ubiquityrobot.local:40463/', 'http://ubiquityrobot.local:37525/', 'http://ubiquityrobot.local:46135/', 'http://ubiquityrobot.local:37487/', 'http://ubiquityrobot.local:40735/', 'http://ubiquityrobot.local:43363/', 'http://ubiquityrobot.local:32931/', 'http://ubiquityrobot.local:37087/', 'http://ubiquityrobot.local:42041/', 'http://ubiquityrobot.local:40005/', 'http://10.0.0.216:43070/', 'http://10.0.0.216:43648/']
[rosmaster.master][INFO] 2020-07-30 04:35:48,953: +SERVICE [/camera/realsense2_camera_manager/get_loggers] /camera/realsense2_camera_manager http://10.0.0.216:43648/
[rosmaster.master][INFO] 2020-07-30 04:35:48,955: publisherUpdate[/rosout] -> http://ubiquityrobot.local:42981/ ['http://ubiquityrobot.local:44773/', 'http://ubiquityrobot.local:40463/', 'http://ubiquityrobot.local:37525/', 'http://ubiquityrobot.local:46135/', 'http://ubiquityrobot.local:37487/', 'http://ubiquityrobot.local:40735/', 'http://ubiquityrobot.local:43363/', 'http://ubiquityrobot.local:32931/', 'http://ubiquityrobot.local:37087/', 'http://ubiquityrobot.local:42041/', 'http://ubiquityrobot.local:40005/', 'http://10.0.0.216:43070/', 'http://10.0.0.216:43648/']: sec=0.00, result=[1, '', 0]
[rosmaster.master][INFO] 2020-07-30 04:35:48,958: +SERVICE [/camera/realsense2_camera_manager/set_logger_level] /camera/realsense2_camera_manager http://10.0.0.216:43648/
[rosmaster.master][INFO] 2020-07-30 04:35:48,965: +SERVICE [/camera/realsense2_camera_manager/load_nodelet] /camera/realsense2_camera_manager http://10.0.0.216:43648/
[rosmaster.master][INFO] 2020-07-30 04:35:48,967: +SERVICE [/camera/realsense2_camera_manager/unload_nodelet] /camera/realsense2_camera_manager http://10.0.0.216:43648/
[rosmaster.master][INFO] 2020-07-30 04:35:48,969: +SERVICE [/camera/realsense2_camera_manager/list] /camera/realsense2_camera_manager http://10.0.0.216:43648/
[rosmaster.master][INFO] 2020-07-30 04:35:49,064: +PUB [/rosout] /darknet_ros http://10.0.0.216:40808/
[rosmaster.master][INFO] 2020-07-30 04:35:49,066: +SERVICE [/darknet_ros/get_loggers] /darknet_ros http://10.0.0.216:40808/
[rosmaster.master][INFO] 2020-07-30 04:35:49,068: +SERVICE [/darknet_ros/set_logger_level] /darknet_ros http://10.0.0.216:40808/
[rosmaster.master][INFO] 2020-07-30 04:35:49,151: publisherUpdate[/rosout] -> http://ubiquityrobot.local:42981/ ['http://ubiquityrobot.local:44773/', 'http://ubiquityrobot.local:40463/', 'http://ubiquityrobot.local:37525/', 'http://ubiquityrobot.local:46135/', 'http://ubiquityrobot.local:37487/', 'http://ubiquityrobot.local:40735/', 'http://ubiquityrobot.local:43363/', 'http://ubiquityrobot.local:32931/', 'http://ubiquityrobot.local:37087/', 'http://ubiquityrobot.local:42041/', 'http://ubiquityrobot.local:40005/', 'http://10.0.0.216:43070/', 'http://10.0.0.216:43648/', 'http://10.0.0.216:40808/']
[rosmaster.master][INFO] 2020-07-30 04:35:49,155: publisherUpdate[/rosout] -> http://ubiquityrobot.local:42981/ ['http://ubiquityrobot.local:44773/', 'http://ubiquityrobot.local:40463/', 'http://ubiquityrobot.local:37525/', 'http://ubiquityrobot.local:46135/', 'http://ubiquityrobot.local:37487/', 'http://ubiquityrobot.local:40735/', 'http://ubiquityrobot.local:43363/', 'http://ubiquityrobot.local:32931/', 'http://ubiquityrobot.local:37087/', 'http://ubiquityrobot.local:42041/', 'http://ubiquityrobot.local:40005/', 'http://10.0.0.216:43070/', 'http://10.0.0.216:43648/', 'http://10.0.0.216:40808/']: sec=0.00, result=[1, '', 0]
[rosmaster.master][INFO] 2020-07-30 04:35:49,400: +PUB [/tf_static] /camera/realsense2_camera_manager http://10.0.0.216:43648/
[rosmaster.master][INFO] 2020-07-30 04:35:49,427: +SERVICE [/camera/realsense2_camera_manager/set_parameters] /camera/realsense2_camera_manager http://10.0.0.216:43648/
[rosmaster.master][INFO] 2020-07-30 04:35:49,431: +PUB [/camera/realsense2_camera_manager/parameter_descriptions] /camera/realsense2_camera_manager http://10.0.0.216:43648/
[rosmaster.master][INFO] 2020-07-30 04:35:49,437: +PUB [/camera/realsense2_camera_manager/parameter_updates] /camera/realsense2_camera_manager http://10.0.0.216:43648/
[rosmaster.master][INFO] 2020-07-30 04:35:49,457: publisherUpdate[/tf_static] -> http://ubiquityrobot.local:37525/ ['http://ubiquityrobot.local:32931/', 'http://10.0.0.216:43648/']
[rosmaster.master][INFO] 2020-07-30 04:35:49,461: publisherUpdate[/tf_static] -> http://ubiquityrobot.local:37525/ ['http://ubiquityrobot.local:32931/', 'http://10.0.0.216:43648/']: sec=0.00, result=[1, '', 0]
[rosmaster.master][INFO] 2020-07-30 04:35:49,532: +PARAM [/camera/realsense2_camera_manager/rs435_depth_gain] by /camera/realsense2_camera_manager
[rosmaster.master][INFO] 2020-07-30 04:35:49,537: +PARAM [/camera/realsense2_camera_manager/rs435_depth_enable_auto_exposure] by /camera/realsense2_camera_manager
[rosmaster.master][INFO] 2020-07-30 04:35:49,541: +PARAM [/camera/realsense2_camera_manager/rs435_depth_visual_preset] by /camera/realsense2_camera_manager
[rosmaster.master][INFO] 2020-07-30 04:35:49,545: +PARAM [/camera/realsense2_camera_manager/rs435_depth_frames_queue_size] by /camera/realsense2_camera_manager
[rosmaster.master][INFO] 2020-07-30 04:35:49,549: +PARAM [/camera/realsense2_camera_manager/rs435_depth_error_polling_enabled] by /camera/realsense2_camera_manager
[rosmaster.master][INFO] 2020-07-30 04:35:49,554: +PARAM [/camera/realsense2_camera_manager/rs435_depth_output_trigger_enabled] by /camera/realsense2_camera_manager
[rosmaster.master][INFO] 2020-07-30 04:35:49,558: +PARAM [/camera/realsense2_camera_manager/rs435_depth_units] by /camera/realsense2_camera_manager
[rosmaster.master][INFO] 2020-07-30 04:35:49,562: +PARAM [/camera/realsense2_camera_manager/rs435_JSON_file_path] by /camera/realsense2_camera_manager
[rosmaster.master][INFO] 2020-07-30 04:35:49,567: +PARAM [/camera/realsense2_camera_manager/rs435_depth_exposure] by /camera/realsense2_camera_manager
[rosmaster.master][INFO] 2020-07-30 04:35:49,571: +PARAM [/camera/realsense2_camera_manager/rs435_depth_laser_power] by /camera/realsense2_camera_manager
[rosmaster.master][INFO] 2020-07-30 04:35:49,576: +PARAM [/camera/realsense2_camera_manager/rs435_depth_emitter_enabled] by /camera/realsense2_camera_manager
[rosmaster.master][INFO] 2020-07-30 04:35:49,581: +PARAM [/camera/realsense2_camera_manager/rs435_color_backlight_compensation] by /camera/realsense2_camera_manager
[rosmaster.master][INFO] 2020-07-30 04:35:49,585: +PARAM [/camera/realsense2_camera_manager/rs435_color_brightness] by /camera/realsense2_camera_manager
[rosmaster.master][INFO] 2020-07-30 04:35:49,589: +PARAM [/camera/realsense2_camera_manager/rs435_color_contrast] by /camera/realsense2_camera_manager
[rosmaster.master][INFO] 2020-07-30 04:35:49,594: +PARAM [/camera/realsense2_camera_manager/rs435_color_exposure] by /camera/realsense2_camera_manager
[rosmaster.master][INFO] 2020-07-30 04:35:49,598: +PARAM [/camera/realsense2_camera_manager/rs435_color_gain] by /camera/realsense2_camera_manager
[rosmaster.master][INFO] 2020-07-30 04:35:49,602: +PARAM [/camera/realsense2_camera_manager/rs435_color_gamma] by /camera/realsense2_camera_manager
[rosmaster.master][INFO] 2020-07-30 04:35:49,607: +PARAM [/camera/realsense2_camera_manager/rs435_color_hue] by /camera/realsense2_camera_manager
[rosmaster.master][INFO] 2020-07-30 04:35:49,611: +PARAM [/camera/realsense2_camera_manager/rs435_color_saturation] by /camera/realsense2_camera_manager
[rosmaster.master][INFO] 2020-07-30 04:35:49,615: +PARAM [/camera/realsense2_camera_manager/rs435_color_sharpness] by /camera/realsense2_camera_manager
[rosmaster.master][INFO] 2020-07-30 04:35:49,619: +PARAM [/camera/realsense2_camera_manager/rs435_color_white_balance] by /camera/realsense2_camera_manager
[rosmaster.master][INFO] 2020-07-30 04:35:49,623: +PARAM [/camera/realsense2_camera_manager/rs435_color_enable_auto_exposure] by /camera/realsense2_camera_manager
[rosmaster.master][INFO] 2020-07-30 04:35:49,628: +PARAM [/camera/realsense2_camera_manager/rs435_color_frames_queue_size] by /camera/realsense2_camera_manager
[rosmaster.master][INFO] 2020-07-30 04:35:49,632: +PARAM [/camera/realsense2_camera_manager/rs435_color_power_line_frequency] by /camera/realsense2_camera_manager
[rosmaster.master][INFO] 2020-07-30 04:35:49,636: +PARAM [/camera/realsense2_camera_manager/rs435_color_auto_exposure_priority] by /camera/realsense2_camera_manager
[rosmaster.master][INFO] 2020-07-30 04:35:49,869: +PUB [/diagnostics] /camera/realsense2_camera_manager http://10.0.0.216:43648/
[rosmaster.master][INFO] 2020-07-30 04:35:49,882: +PUB [/camera/depth/image_rect_raw/compressedDepth] /camera/realsense2_camera_manager http://10.0.0.216:43648/
[rosmaster.master][INFO] 2020-07-30 04:35:49,884: +SERVICE [/camera/depth/image_rect_raw/compressedDepth/set_parameters] /camera/realsense2_camera_manager http://10.0.0.216:43648/
[rosmaster.master][INFO] 2020-07-30 04:35:49,886: +PUB [/camera/depth/image_rect_raw/compressedDepth/parameter_descriptions] /camera/realsense2_camera_manager http://10.0.0.216:43648/
[rosmaster.master][INFO] 2020-07-30 04:35:49,888: +PUB [/camera/depth/image_rect_raw/compressedDepth/parameter_updates] /camera/realsense2_camera_manager http://10.0.0.216:43648/
[rosmaster.master][INFO] 2020-07-30 04:35:49,894: +PARAM [/camera/depth/image_rect_raw/compressedDepth/depth_max] by /camera/realsense2_camera_manager
[rosmaster.master][INFO] 2020-07-30 04:35:49,896: +PARAM [/camera/depth/image_rect_raw/compressedDepth/depth_quantization] by /camera/realsense2_camera_manager
[rosmaster.master][INFO] 2020-07-30 04:35:49,898: +PARAM [/camera/depth/image_rect_raw/compressedDepth/png_level] by /camera/realsense2_camera_manager
[rosmaster.master][INFO] 2020-07-30 04:35:49,900: +PARAM [/camera/depth/image_rect_raw/compressedDepth/depth_max] by /camera/realsense2_camera_manager
[rosmaster.master][INFO] 2020-07-30 04:35:49,903: +PARAM [/camera/depth/image_rect_raw/compressedDepth/depth_quantization] by /camera/realsense2_camera_manager
[rosmaster.master][INFO] 2020-07-30 04:35:49,905: +PARAM [/camera/depth/image_rect_raw/compressedDepth/png_level] by /camera/realsense2_camera_manager
[rosmaster.master][INFO] 2020-07-30 04:35:49,912: +PUB [/camera/depth/image_rect_raw/compressed] /camera/realsense2_camera_manager http://10.0.0.216:43648/
[rosmaster.master][INFO] 2020-07-30 04:35:49,914: +SERVICE [/camera/depth/image_rect_raw/compressed/set_parameters] /camera/realsense2_camera_manager http://10.0.0.216:43648/
[rosmaster.master][INFO] 2020-07-30 04:35:49,916: +PUB [/camera/depth/image_rect_raw/compressed/parameter_descriptions] /camera/realsense2_camera_manager http://10.0.0.216:43648/
[rosmaster.master][INFO] 2020-07-30 04:35:49,918: +PUB [/camera/depth/image_rect_raw/compressed/parameter_updates] /camera/realsense2_camera_manager http://10.0.0.216:43648/
[rosmaster.master][INFO] 2020-07-30 04:35:49,926: +PARAM [/camera/depth/image_rect_raw/compressed/format] by /camera/realsense2_camera_manager
[rosmaster.master][INFO] 2020-07-30 04:35:49,928: +PARAM [/camera/depth/image_rect_raw/compressed/jpeg_quality] by /camera/realsense2_camera_manager
[rosmaster.master][INFO] 2020-07-30 04:35:49,930: +PARAM [/camera/depth/image_rect_raw/compressed/png_level] by /camera/realsense2_camera_manager
[rosmaster.master][INFO] 2020-07-30 04:35:49,932: +PARAM [/camera/depth/image_rect_raw/compressed/format] by /camera/realsense2_camera_manager
[rosmaster.master][INFO] 2020-07-30 04:35:49,934: +PARAM [/camera/depth/image_rect_raw/compressed/jpeg_quality] by /camera/realsense2_camera_manager
[rosmaster.master][INFO] 2020-07-30 04:35:49,936: +PARAM [/camera/depth/image_rect_raw/compressed/png_level] by /camera/realsense2_camera_manager
[rosmaster.master][INFO] 2020-07-30 04:35:49,943: +PUB [/camera/depth/image_rect_raw] /camera/realsense2_camera_manager http://10.0.0.216:43648/
[rosmaster.master][INFO] 2020-07-30 04:35:49,951: +PUB [/camera/depth/image_rect_raw/theora] /camera/realsense2_camera_manager http://10.0.0.216:43648/
[rosmaster.master][INFO] 2020-07-30 04:35:49,953: +SERVICE [/camera/depth/image_rect_raw/theora/set_parameters] /camera/realsense2_camera_manager http://10.0.0.216:43648/
[rosmaster.master][INFO] 2020-07-30 04:35:49,955: +PUB [/camera/depth/image_rect_raw/theora/parameter_descriptions] /camera/realsense2_camera_manager http://10.0.0.216:43648/
[rosmaster.master][INFO] 2020-07-30 04:35:49,957: +PUB [/camera/depth/image_rect_raw/theora/parameter_updates] /camera/realsense2_camera_manager http://10.0.0.216:43648/
[rosmaster.master][INFO] 2020-07-30 04:35:49,966: +PARAM [/camera/depth/image_rect_raw/theora/optimize_for] by /camera/realsense2_camera_manager
[rosmaster.master][INFO] 2020-07-30 04:35:49,968: +PARAM [/camera/depth/image_rect_raw/theora/target_bitrate] by /camera/realsense2_camera_manager
[rosmaster.master][INFO] 2020-07-30 04:35:49,970: +PARAM [/camera/depth/image_rect_raw/theora/quality] by /camera/realsense2_camera_manager
[rosmaster.master][INFO] 2020-07-30 04:35:49,972: +PARAM [/camera/depth/image_rect_raw/theora/keyframe_frequency] by /camera/realsense2_camera_manager
[rosmaster.master][INFO] 2020-07-30 04:35:49,975: +PARAM [/camera/depth/image_rect_raw/theora/optimize_for] by /camera/realsense2_camera_manager
[rosmaster.master][INFO] 2020-07-30 04:35:49,977: +PARAM [/camera/depth/image_rect_raw/theora/target_bitrate] by /camera/realsense2_camera_manager
[rosmaster.master][INFO] 2020-07-30 04:35:49,979: +PARAM [/camera/depth/image_rect_raw/theora/quality] by /camera/realsense2_camera_manager
[rosmaster.master][INFO] 2020-07-30 04:35:49,981: +PARAM [/camera/depth/image_rect_raw/theora/keyframe_frequency] by /camera/realsense2_camera_manager
[rosmaster.master][INFO] 2020-07-30 04:35:49,983: +PUB [/camera/depth/camera_info] /camera/realsense2_camera_manager http://10.0.0.216:43648/
[rosmaster.master][INFO] 2020-07-30 04:35:49,985: +PUB [/camera/depth/color/points] /camera/realsense2_camera_manager http://10.0.0.216:43648/
[rosmaster.master][INFO] 2020-07-30 04:35:49,990: +PUB [/camera/color/image_raw/compressedDepth] /camera/realsense2_camera_manager http://10.0.0.216:43648/
[rosmaster.master][INFO] 2020-07-30 04:35:49,992: +SERVICE [/camera/color/image_raw/compressedDepth/set_parameters] /camera/realsense2_camera_manager http://10.0.0.216:43648/
[rosmaster.master][INFO] 2020-07-30 04:35:49,994: +PUB [/camera/color/image_raw/compressedDepth/parameter_descriptions] /camera/realsense2_camera_manager http://10.0.0.216:43648/
[rosmaster.master][INFO] 2020-07-30 04:35:49,996: +PUB [/camera/color/image_raw/compressedDepth/parameter_updates] /camera/realsense2_camera_manager http://10.0.0.216:43648/
[rosmaster.master][INFO] 2020-07-30 04:35:50,002: +PARAM [/camera/color/image_raw/compressedDepth/depth_max] by /camera/realsense2_camera_manager
[rosmaster.master][INFO] 2020-07-30 04:35:50,004: +PARAM [/camera/color/image_raw/compressedDepth/depth_quantization] by /camera/realsense2_camera_manager
[rosmaster.master][INFO] 2020-07-30 04:35:50,006: +PARAM [/camera/color/image_raw/compressedDepth/png_level] by /camera/realsense2_camera_manager
[rosmaster.master][INFO] 2020-07-30 04:35:50,008: +PARAM [/camera/color/image_raw/compressedDepth/depth_max] by /camera/realsense2_camera_manager
[rosmaster.master][INFO] 2020-07-30 04:35:50,010: +PARAM [/camera/color/image_raw/compressedDepth/depth_quantization] by /camera/realsense2_camera_manager
[rosmaster.master][INFO] 2020-07-30 04:35:50,012: +PARAM [/camera/color/image_raw/compressedDepth/png_level] by /camera/realsense2_camera_manager
[rosmaster.master][INFO] 2020-07-30 04:35:50,014: +PUB [/camera/color/image_raw/compressed] /camera/realsense2_camera_manager http://10.0.0.216:43648/
[rosmaster.master][INFO] 2020-07-30 04:35:50,016: +SERVICE [/camera/color/image_raw/compressed/set_parameters] /camera/realsense2_camera_manager http://10.0.0.216:43648/
[rosmaster.master][INFO] 2020-07-30 04:35:50,018: +PUB [/camera/color/image_raw/compressed/parameter_descriptions] /camera/realsense2_camera_manager http://10.0.0.216:43648/
[rosmaster.master][INFO] 2020-07-30 04:35:50,020: +PUB [/camera/color/image_raw/compressed/parameter_updates] /camera/realsense2_camera_manager http://10.0.0.216:43648/
[rosmaster.master][INFO] 2020-07-30 04:35:50,027: +PARAM [/camera/color/image_raw/compressed/format] by /camera/realsense2_camera_manager
[rosmaster.master][INFO] 2020-07-30 04:35:50,029: +PARAM [/camera/color/image_raw/compressed/jpeg_quality] by /camera/realsense2_camera_manager
[rosmaster.master][INFO] 2020-07-30 04:35:50,031: +PARAM [/camera/color/image_raw/compressed/png_level] by /camera/realsense2_camera_manager
[rosmaster.master][INFO] 2020-07-30 04:35:50,033: +PARAM [/camera/color/image_raw/compressed/format] by /camera/realsense2_camera_manager
[rosmaster.master][INFO] 2020-07-30 04:35:50,035: +PARAM [/camera/color/image_raw/compressed/jpeg_quality] by /camera/realsense2_camera_manager
[rosmaster.master][INFO] 2020-07-30 04:35:50,037: +PARAM [/camera/color/image_raw/compressed/png_level] by /camera/realsense2_camera_manager
[rosmaster.master][INFO] 2020-07-30 04:35:50,039: +PUB [/camera/color/image_raw] /camera/realsense2_camera_manager http://10.0.0.216:43648/
[rosmaster.master][INFO] 2020-07-30 04:35:50,041: +PUB [/camera/color/image_raw/theora] /camera/realsense2_camera_manager http://10.0.0.216:43648/
[rosmaster.master][INFO] 2020-07-30 04:35:50,043: +SERVICE [/camera/color/image_raw/theora/set_parameters] /camera/realsense2_camera_manager http://10.0.0.216:43648/
[rosmaster.master][INFO] 2020-07-30 04:35:50,046: +PUB [/camera/color/image_raw/theora/parameter_descriptions] /camera/realsense2_camera_manager http://10.0.0.216:43648/
[rosmaster.master][INFO] 2020-07-30 04:35:50,048: +PUB [/camera/color/image_raw/theora/parameter_updates] /camera/realsense2_camera_manager http://10.0.0.216:43648/
[rosmaster.master][INFO] 2020-07-30 04:35:50,056: +PARAM [/camera/color/image_raw/theora/optimize_for] by /camera/realsense2_camera_manager
[rosmaster.master][INFO] 2020-07-30 04:35:50,058: +PARAM [/camera/color/image_raw/theora/target_bitrate] by /camera/realsense2_camera_manager
[rosmaster.master][INFO] 2020-07-30 04:35:50,059: +PARAM [/camera/color/image_raw/theora/quality] by /camera/realsense2_camera_manager
[rosmaster.master][INFO] 2020-07-30 04:35:50,061: +PARAM [/camera/color/image_raw/theora/keyframe_frequency] by /camera/realsense2_camera_manager
[rosmaster.master][INFO] 2020-07-30 04:35:50,064: +PARAM [/camera/color/image_raw/theora/optimize_for] by /camera/realsense2_camera_manager
[rosmaster.master][INFO] 2020-07-30 04:35:50,066: +PARAM [/camera/color/image_raw/theora/target_bitrate] by /camera/realsense2_camera_manager
[rosmaster.master][INFO] 2020-07-30 04:35:50,068: +PARAM [/camera/color/image_raw/theora/quality] by /camera/realsense2_camera_manager
[rosmaster.master][INFO] 2020-07-30 04:35:50,070: +PARAM [/camera/color/image_raw/theora/keyframe_frequency] by /camera/realsense2_camera_manager
[rosmaster.master][INFO] 2020-07-30 04:35:50,072: +PUB [/camera/color/camera_info] /camera/realsense2_camera_manager http://10.0.0.216:43648/
[rosmaster.master][INFO] 2020-07-30 04:35:50,074: +PUB [/camera/extrinsics/depth_to_color] /camera/realsense2_camera_manager http://10.0.0.216:43648/
[rosmaster.master][INFO] 2020-07-30 04:35:50,692: +PARAM [/camera/realsense2_camera_manager/rs435_depth_gain] by /camera/realsense2_camera_manager
[rosmaster.master][INFO] 2020-07-30 04:35:50,696: +PARAM [/camera/realsense2_camera_manager/rs435_depth_enable_auto_exposure] by /camera/realsense2_camera_manager
[rosmaster.master][INFO] 2020-07-30 04:35:50,700: +PARAM [/camera/realsense2_camera_manager/rs435_depth_visual_preset] by /camera/realsense2_camera_manager
[rosmaster.master][INFO] 2020-07-30 04:35:50,703: +PARAM [/camera/realsense2_camera_manager/rs435_depth_frames_queue_size] by /camera/realsense2_camera_manager
[rosmaster.master][INFO] 2020-07-30 04:35:50,707: +PARAM [/camera/realsense2_camera_manager/rs435_depth_error_polling_enabled] by /camera/realsense2_camera_manager
[rosmaster.master][INFO] 2020-07-30 04:35:50,711: +PARAM [/camera/realsense2_camera_manager/rs435_depth_output_trigger_enabled] by /camera/realsense2_camera_manager
[rosmaster.master][INFO] 2020-07-30 04:35:50,715: +PARAM [/camera/realsense2_camera_manager/rs435_depth_units] by /camera/realsense2_camera_manager
[rosmaster.master][INFO] 2020-07-30 04:35:50,718: +PARAM [/camera/realsense2_camera_manager/rs435_JSON_file_path] by /camera/realsense2_camera_manager
[rosmaster.master][INFO] 2020-07-30 04:35:50,722: +PARAM [/camera/realsense2_camera_manager/rs435_depth_exposure] by /camera/realsense2_camera_manager
[rosmaster.master][INFO] 2020-07-30 04:35:50,726: +PARAM [/camera/realsense2_camera_manager/rs435_depth_laser_power] by /camera/realsense2_camera_manager
[rosmaster.master][INFO] 2020-07-30 04:35:50,730: +PARAM [/camera/realsense2_camera_manager/rs435_depth_emitter_enabled] by /camera/realsense2_camera_manager
[rosmaster.master][INFO] 2020-07-30 04:35:50,734: +PARAM [/camera/realsense2_camera_manager/rs435_color_backlight_compensation] by /camera/realsense2_camera_manager
[rosmaster.master][INFO] 2020-07-30 04:35:50,737: +PARAM [/camera/realsense2_camera_manager/rs435_color_brightness] by /camera/realsense2_camera_manager
[rosmaster.master][INFO] 2020-07-30 04:35:50,741: +PARAM [/camera/realsense2_camera_manager/rs435_color_contrast] by /camera/realsense2_camera_manager
[rosmaster.master][INFO] 2020-07-30 04:35:50,745: +PARAM [/camera/realsense2_camera_manager/rs435_color_exposure] by /camera/realsense2_camera_manager
[rosmaster.master][INFO] 2020-07-30 04:35:50,748: +PARAM [/camera/realsense2_camera_manager/rs435_color_gain] by /camera/realsense2_camera_manager
[rosmaster.master][INFO] 2020-07-30 04:35:50,752: +PARAM [/camera/realsense2_camera_manager/rs435_color_gamma] by /camera/realsense2_camera_manager
[rosmaster.master][INFO] 2020-07-30 04:35:50,755: +PARAM [/camera/realsense2_camera_manager/rs435_color_hue] by /camera/realsense2_camera_manager
[rosmaster.master][INFO] 2020-07-30 04:35:50,759: +PARAM [/camera/realsense2_camera_manager/rs435_color_saturation] by /camera/realsense2_camera_manager
[rosmaster.master][INFO] 2020-07-30 04:35:50,762: +PARAM [/camera/realsense2_camera_manager/rs435_color_sharpness] by /camera/realsense2_camera_manager
[rosmaster.master][INFO] 2020-07-30 04:35:50,767: +PARAM [/camera/realsense2_camera_manager/rs435_color_white_balance] by /camera/realsense2_camera_manager
[rosmaster.master][INFO] 2020-07-30 04:35:50,770: +PARAM [/camera/realsense2_camera_manager/rs435_color_enable_auto_exposure] by /camera/realsense2_camera_manager
[rosmaster.master][INFO] 2020-07-30 04:35:50,774: +PARAM [/camera/realsense2_camera_manager/rs435_color_frames_queue_size] by /camera/realsense2_camera_manager
[rosmaster.master][INFO] 2020-07-30 04:35:50,779: +PARAM [/camera/realsense2_camera_manager/rs435_color_power_line_frequency] by /camera/realsense2_camera_manager
[rosmaster.master][INFO] 2020-07-30 04:35:50,783: +PARAM [/camera/realsense2_camera_manager/rs435_color_auto_exposure_priority] by /camera/realsense2_camera_manager
[rosmaster.master][INFO] 2020-07-30 04:35:50,787: +PUB [/camera/realsense2_camera_manager/bond] /camera/realsense2_camera_manager http://10.0.0.216:43648/
[rosmaster.master][INFO] 2020-07-30 04:35:50,809: +SUB [/camera/realsense2_camera_manager/bond] /camera/realsense2_camera_manager http://10.0.0.216:43648/
[rosmaster.master][INFO] 2020-07-30 04:35:50,863: +PUB [/camera/realsense2_camera_manager/bond] /camera/realsense2_camera http://10.0.0.216:43070/
[rosmaster.master][INFO] 2020-07-30 04:35:50,865: publisherUpdate[/camera/realsense2_camera_manager/bond] -> http://10.0.0.216:43648/ ['http://10.0.0.216:43648/', 'http://10.0.0.216:43070/']
[rosmaster.master][INFO] 2020-07-30 04:35:50,870: publisherUpdate[/camera/realsense2_camera_manager/bond] -> http://10.0.0.216:43648/ ['http://10.0.0.216:43648/', 'http://10.0.0.216:43070/']: sec=0.00, result=[1, '', 0]
[rosmaster.master][INFO] 2020-07-30 04:35:50,890: +SUB [/camera/realsense2_camera_manager/bond] /camera/realsense2_camera http://10.0.0.216:43070/
[rosmaster.master][INFO] 2020-07-30 04:35:52,749: +SUB [/camera/color/image_raw] /darknet_ros http://10.0.0.216:40808/
[rosmaster.master][INFO] 2020-07-30 04:35:52,755: +PUB [/darknet_ros/found_object] /darknet_ros http://10.0.0.216:40808/
[rosmaster.master][INFO] 2020-07-30 04:35:52,760: +PUB [/darknet_ros/bounding_boxes] /darknet_ros http://10.0.0.216:40808/
[rosmaster.master][INFO] 2020-07-30 04:35:52,766: +PUB [/darknet_ros/detection_image] /darknet_ros http://10.0.0.216:40808/
[rosmaster.master][INFO] 2020-07-30 04:35:52,783: +PUB [/darknet_ros/check_for_objects/result] /darknet_ros http://10.0.0.216:40808/
[rosmaster.master][INFO] 2020-07-30 04:35:52,788: +PUB [/darknet_ros/check_for_objects/feedback] /darknet_ros http://10.0.0.216:40808/
[rosmaster.master][INFO] 2020-07-30 04:35:52,793: +PUB [/darknet_ros/check_for_objects/status] /darknet_ros http://10.0.0.216:40808/
[rosmaster.master][INFO] 2020-07-30 04:35:52,814: +PUB [/statistics] /camera/realsense2_camera_manager http://10.0.0.216:43648/
[rosmaster.master][INFO] 2020-07-30 04:35:52,823: +PUB [/statistics] /camera/realsense2_camera http://10.0.0.216:43070/
[rosmaster.master][INFO] 2020-07-30 04:35:52,838: +SUB [/darknet_ros/check_for_objects/goal] /darknet_ros http://10.0.0.216:40808/
[rosmaster.master][INFO] 2020-07-30 04:35:52,873: +SUB [/darknet_ros/check_for_objects/cancel] /darknet_ros http://10.0.0.216:40808/
[rosmaster.master][INFO] 2020-07-30 04:35:53,909: +PUB [/statistics] /darknet_ros http://10.0.0.216:40808/
[rosmaster.master][INFO] 2020-07-30 04:37:42,987: +PUB [/cmd_vel] /teleop_twist_keyboard http://10.0.0.216:36190/
[rosmaster.master][INFO] 2020-07-30 04:37:43,050: publisherUpdate[/cmd_vel] -> http://ubiquityrobot.local:37087/ ['http://ubiquityrobot.local:40463/', 'http://10.0.0.216:36190/']
[rosmaster.master][INFO] 2020-07-30 04:37:43,053: publisherUpdate[/cmd_vel] -> http://ubiquityrobot.local:37087/ ['http://ubiquityrobot.local:40463/', 'http://10.0.0.216:36190/']: sec=0.00, result=[1, '', 0]
[rosmaster.master][INFO] 2020-07-30 04:37:43,088: +PUB [/rosout] /teleop_twist_keyboard http://10.0.0.216:36190/
[rosmaster.master][INFO] 2020-07-30 04:37:43,105: +SERVICE [/teleop_twist_keyboard/get_loggers] /teleop_twist_keyboard http://10.0.0.216:36190/
[rosmaster.master][INFO] 2020-07-30 04:37:43,113: +SERVICE [/teleop_twist_keyboard/set_logger_level] /teleop_twist_keyboard http://10.0.0.216:36190/
[rosmaster.master][INFO] 2020-07-30 04:37:43,150: publisherUpdate[/rosout] -> http://ubiquityrobot.local:42981/ ['http://ubiquityrobot.local:44773/', 'http://ubiquityrobot.local:40463/', 'http://ubiquityrobot.local:37525/', 'http://ubiquityrobot.local:46135/', 'http://ubiquityrobot.local:37487/', 'http://ubiquityrobot.local:40735/', 'http://ubiquityrobot.local:43363/', 'http://ubiquityrobot.local:32931/', 'http://ubiquityrobot.local:37087/', 'http://ubiquityrobot.local:42041/', 'http://ubiquityrobot.local:40005/', 'http://10.0.0.216:43070/', 'http://10.0.0.216:43648/', 'http://10.0.0.216:40808/', 'http://10.0.0.216:36190/']
[rosmaster.master][INFO] 2020-07-30 04:37:43,155: publisherUpdate[/rosout] -> http://ubiquityrobot.local:42981/ ['http://ubiquityrobot.local:44773/', 'http://ubiquityrobot.local:40463/', 'http://ubiquityrobot.local:37525/', 'http://ubiquityrobot.local:46135/', 'http://ubiquityrobot.local:37487/', 'http://ubiquityrobot.local:40735/', 'http://ubiquityrobot.local:43363/', 'http://ubiquityrobot.local:32931/', 'http://ubiquityrobot.local:37087/', 'http://ubiquityrobot.local:42041/', 'http://ubiquityrobot.local:40005/', 'http://10.0.0.216:43070/', 'http://10.0.0.216:43648/', 'http://10.0.0.216:40808/', 'http://10.0.0.216:36190/']: sec=0.00, result=[1, '', 0]
                                                                                                                                                                                                                                                                                                                                                                                                                                                                                                                                                                                                                                                                                                                                                                                                                                                                                                                                                                                                                                                                                                                                                                                                                                                                                                                                                                                                                                                                                                                                                                                                                                                                                                                                                                                                                                                                                                                                                                                                                                                                                                                                                                          