[roslaunch][INFO] 2020-07-30 04:29:44,030: Checking log directory for disk usage. This may take awhile.
Press Ctrl-C to interrupt
[roslaunch][INFO] 2020-07-30 04:29:44,043: Done checking log file disk usage. Usage is <1GB.
[roslaunch][INFO] 2020-07-30 04:29:44,044: roslaunch starting with args ['roscore', '--core']
[roslaunch][INFO] 2020-07-30 04:29:44,044: roslaunch env is {'ROS_LOG_FILENAME': '/home/ubuntu/.ros/log/4a976e06-d21d-11ea-9d2e-2300b2909729/roslaunch-ubiquityrobot-690.log', 'SHELL': '/bin/bash', 'ROS_DISTRO': 'kinetic', 'PYTHONPATH': '/opt/ros/kinetic/lib/python2.7/dist-packages', 'PWD': '/', 'ROS_MASTER_URI': 'http://ubiquityrobot.local:11311', 'ROS_ROOT': '/opt/ros/kinetic/share/ros', 'PATH': '/opt/ros/kinetic/bin:/usr/local/sbin:/usr/local/bin:/usr/sbin:/usr/bin:/sbin:/bin:/snap/bin', 'ROS_HOSTNAME': 'ubiquityrobot.local', 'ROSLISP_PACKAGE_DIRECTORIES': '', 'ROS_ETC_DIR': '/opt/ros/kinetic/etc/ros', 'USER': 'ubuntu', 'ROS_VERSION': '1', 'HOME': '/home/ubuntu', 'PKG_CONFIG_PATH': '/opt/ros/kinetic/lib/pkgconfig:/opt/ros/kinetic/lib/arm-linux-gnueabihf/pkgconfig', 'ROS_PACKAGE_PATH': '/opt/ros/kinetic/share', 'LOGNAME': 'ubuntu', 'CMAKE_PREFIX_PATH': '/opt/ros/kinetic', 'LD_LIBRARY_PATH': '/opt/ros/kinetic/lib:/opt/ros/kinetic/lib/arm-linux-gnueabihf', 'ROS_PYTHON_VERSION': '2'}
[roslaunch][INFO] 2020-07-30 04:29:44,044: starting in server mode
[roslaunch.parent][INFO] 2020-07-30 04:29:44,045: starting roslaunch parent run
[roslaunch][INFO] 2020-07-30 04:29:44,046: loading roscore config file /opt/ros/kinetic/etc/ros/roscore.xml
[roslaunch][INFO] 2020-07-30 04:29:45,444: Added core node of type [rosout/rosout] in namespace [/]
[roslaunch.pmon][INFO] 2020-07-30 04:29:45,445: start_process_monitor: creating ProcessMonitor
[roslaunch.pmon][INFO] 2020-07-30 04:29:45,445: created process monitor <ProcessMonitor(ProcessMonitor-1, initial daemon)>
[roslaunch.pmon][INFO] 2020-07-30 04:29:45,445: start_process_monitor: ProcessMonitor started
[roslaunch.parent][INFO] 2020-07-30 04:29:45,446: starting parent XML-RPC server
[roslaunch.server][INFO] 2020-07-30 04:29:45,446: starting roslaunch XML-RPC server
[roslaunch.server][INFO] 2020-07-30 04:29:45,446: waiting for roslaunch XML-RPC server to initialize
[xmlrpc][INFO] 2020-07-30 04:29:45,447: XML-RPC server binding to 0.0.0.0:0
[xmlrpc][INFO] 2020-07-30 04:29:45,447: Started XML-RPC server [http://ubiquityrobot.local:33659/]
[xmlrpc][INFO] 2020-07-30 04:29:45,448: xml rpc node: starting XML-RPC server
[roslaunch][INFO] 2020-07-30 04:29:45,460: started roslaunch server http://ubiquityrobot.local:33659/
[roslaunch.parent][INFO] 2020-07-30 04:29:45,460: ... parent XML-RPC server started
[roslaunch][INFO] 2020-07-30 04:29:45,461: master.is_running[http://ubiquityrobot.local:11311/]
[roslaunch][INFO] 2020-07-30 04:29:45,465: auto-starting new master
[roslaunch][INFO] 2020-07-30 04:29:45,466: create_master_process: rosmaster, /opt/ros/kinetic/share/ros, 11311, 3, None
[roslaunch][INFO] 2020-07-30 04:29:45,466: process[master]: launching with args [['rosmaster', '--core', '-p', '11311', '-w', '3']]
[roslaunch.pmon][INFO] 2020-07-30 04:29:45,466: ProcessMonitor.register[master]
[roslaunch.pmon][INFO] 2020-07-30 04:29:45,466: ProcessMonitor.register[master] complete
[roslaunch][INFO] 2020-07-30 04:29:45,467: process[master]: starting os process
[roslaunch][INFO] 2020-07-30 04:29:45,467: process[master]: start w/ args [['rosmaster', '--core', '-p', '11311', '-w', '3', '__log:=/home/ubuntu/.ros/log/4a976e06-d21d-11ea-9d2e-2300b2909729/master.log']]
[roslaunch][INFO] 2020-07-30 04:29:45,467: process[master]: cwd will be [/home/ubuntu/.ros]
[roslaunch][INFO] 2020-07-30 04:29:45,476: process[master]: started with pid [750]
[roslaunch][INFO] 2020-07-30 04:29:45,477: master.is_running[http://ubiquityrobot.local:11311/]
[roslaunch][INFO] 2020-07-30 04:29:45,580: master.is_running[http://ubiquityrobot.local:11311/]
[roslaunch][INFO] 2020-07-30 04:29:45,681: master.is_running[http://ubiquityrobot.local:11311/]
[roslaunch][INFO] 2020-07-30 04:29:45,783: master.is_running[http://ubiquityrobot.local:11311/]
[roslaunch][INFO] 2020-07-30 04:29:45,885: master.is_running[http://ubiquityrobot.local:11311/]
[roslaunch][INFO] 2020-07-30 04:29:45,986: master.is_running[http://ubiquityrobot.local:11311/]
[roslaunch][INFO] 2020-07-30 04:29:45,989: master.is_running[http://ubiquityrobot.local:11311/]
[roslaunch][INFO] 2020-07-30 04:29:45,992: ROS_MASTER_URI=http://ubiquityrobot.local:11311/
[roslaunch][INFO] 2020-07-30 04:29:45,995: setting /run_id to 4a976e06-d21d-11ea-9d2e-2300b2909729
[roslaunch][INFO] 2020-07-30 04:29:45,998: setting /roslaunch/uris/host_ubiquityrobot_local__33659' to http://ubiquityrobot.local:33659/
[roslaunch][INFO] 2020-07-30 04:29:46,004: ... preparing to launch node of type [rosout/rosout]
[roslaunch][INFO] 2020-07-30 04:29:46,004: create_node_process: package[rosout] type[rosout] machine[Machine(name[] env_loader[None] address[localhost] ssh_port[22] user[None] assignable[True] timeout[10.0])] master_uri[http://ubiquityrobot.local:11311/]
[roslaunch][INFO] 2020-07-30 04:29:46,005: process[rosout-1]: env[{'LD_LIBRARY_PATH': '/opt/ros/kinetic/lib:/opt/ros/kinetic/lib/arm-linux-gnueabihf', 'SHELL': '/bin/bash', 'ROS_DISTRO': 'kinetic', 'PYTHONPATH': '/opt/ros/kinetic/lib/python2.7/dist-packages', 'ROSLISP_PACKAGE_DIRECTORIES': '', 'ROS_ETC_DIR': '/opt/ros/kinetic/etc/ros', 'ROS_ROOT': '/opt/ros/kinetic/share/ros', 'PKG_CONFIG_PATH': '/opt/ros/kinetic/lib/pkgconfig:/opt/ros/kinetic/lib/arm-linux-gnueabihf/pkgconfig', 'PWD': '/', 'ROS_MASTER_URI': 'http://ubiquityrobot.local:11311/', 'USER': 'ubuntu', 'ROS_VERSION': '1', 'HOME': '/home/ubuntu', 'ROS_HOSTNAME': 'ubiquityrobot.local', 'PATH': '/opt/ros/kinetic/bin:/usr/local/sbin:/usr/local/bin:/usr/sbin:/usr/bin:/sbin:/bin:/snap/bin', 'ROS_PACKAGE_PATH': '/opt/ros/kinetic/share', 'CMAKE_PREFIX_PATH': '/opt/ros/kinetic', 'ROS_LOG_FILENAME': '/home/ubuntu/.ros/log/4a976e06-d21d-11ea-9d2e-2300b2909729/roslaunch-ubiquityrobot-690.log', 'ROS_PYTHON_VERSION': '2', 'LOGNAME': 'ubuntu'}]
[roslaunch][INFO] 2020-07-30 04:29:46,079: process[rosout-1]: args[[u'/opt/ros/kinetic/lib/rosout/rosout', u'__name:=rosout']]
[roslaunch][INFO] 2020-07-30 04:29:46,079: ... created process [rosout-1]
[roslaunch.pmon][INFO] 2020-07-30 04:29:46,079: ProcessMonitor.register[rosout-1]
[roslaunch.pmon][INFO] 2020-07-30 04:29:46,080: ProcessMonitor.register[rosout-1] complete
[roslaunch][INFO] 2020-07-30 04:29:46,080: ... registered process [rosout-1]
[roslaunch][INFO] 2020-07-30 04:29:46,080: process[rosout-1]: starting os process
[roslaunch][INFO] 2020-07-30 04:29:46,080: process[rosout-1]: start w/ args [[u'/opt/ros/kinetic/lib/rosout/rosout', u'__name:=rosout', u'__log:=/home/ubuntu/.ros/log/4a976e06-d21d-11ea-9d2e-2300b2909729/rosout-1.log']]
[roslaunch][INFO] 2020-07-30 04:29:46,081: process[rosout-1]: cwd will be [/home/ubuntu/.ros]
[roslaunch][INFO] 2020-07-30 04:29:46,092: process[rosout-1]: started with pid [773]
[roslaunch][INFO] 2020-07-30 04:29:46,092: ... successfully launched [rosout-1]
[roslaunch][INFO] 2020-07-30 04:29:46,093: load_parameters starting ...
[roslaunch][INFO] 2020-07-30 04:29:46,100: ... load_parameters complete
[roslaunch][INFO] 2020-07-30 04:29:46,100: launch_nodes: launching local nodes ...
[roslaunch][INFO] 2020-07-30 04:29:46,100: ... launch_nodes complete
[roslaunch.pmon][INFO] 2020-07-30 04:29:46,101: registrations completed <ProcessMonitor(ProcessMonitor-1, started daemon -1237531536)>
[roslaunch.parent][INFO] 2020-07-30 04:29:46,101: ... roslaunch parent running, waiting for process exit
[roslaunch][INFO] 2020-07-30 04:29:46,101: spin
