[roslaunch][INFO] 2020-07-30 17:26:18,057: Checking log directory for disk usage. This may take awhile.
Press Ctrl-C to interrupt
[roslaunch][INFO] 2020-07-30 17:26:18,071: Done checking log file disk usage. Usage is <1GB.
[roslaunch][INFO] 2020-07-30 17:26:18,072: roslaunch starting with args ['roscore', '--core']
[roslaunch][INFO] 2020-07-30 17:26:18,072: roslaunch env is {'ROS_LOG_FILENAME': '/home/ubuntu/.ros/log/c6d41228-d289-11ea-9a6d-fdccc649b925/roslaunch-ubiquityrobot-693.log', 'SHELL': '/bin/bash', 'ROS_DISTRO': 'kinetic', 'PYTHONPATH': '/opt/ros/kinetic/lib/python2.7/dist-packages', 'PWD': '/', 'ROS_MASTER_URI': 'http://ubiquityrobot.local:11311', 'ROS_ROOT': '/opt/ros/kinetic/share/ros', 'PATH': '/opt/ros/kinetic/bin:/usr/local/sbin:/usr/local/bin:/usr/sbin:/usr/bin:/sbin:/bin:/snap/bin', 'ROS_HOSTNAME': 'ubiquityrobot.local', 'ROSLISP_PACKAGE_DIRECTORIES': '', 'ROS_ETC_DIR': '/opt/ros/kinetic/etc/ros', 'USER': 'ubuntu', 'ROS_VERSION': '1', 'HOME': '/home/ubuntu', 'PKG_CONFIG_PATH': '/opt/ros/kinetic/lib/pkgconfig:/opt/ros/kinetic/lib/arm-linux-gnueabihf/pkgconfig', 'ROS_PACKAGE_PATH': '/opt/ros/kinetic/share', 'LOGNAME': 'ubuntu', 'CMAKE_PREFIX_PATH': '/opt/ros/kinetic', 'LD_LIBRARY_PATH': '/opt/ros/kinetic/lib:/opt/ros/kinetic/lib/arm-linux-gnueabihf', 'ROS_PYTHON_VERSION': '2'}
[roslaunch][INFO] 2020-07-30 17:26:18,072: starting in server mode
[roslaunch.parent][INFO] 2020-07-30 17:26:18,073: starting roslaunch parent run
[roslaunch][INFO] 2020-07-30 17:26:18,074: loading roscore config file /opt/ros/kinetic/etc/ros/roscore.xml
[roslaunch][INFO] 2020-07-30 17:26:19,486: Added core node of type [rosout/rosout] in namespace [/]
[roslaunch.pmon][INFO] 2020-07-30 17:26:19,487: start_process_monitor: creating ProcessMonitor
[roslaunch.pmon][INFO] 2020-07-30 17:26:19,487: created process monitor <ProcessMonitor(ProcessMonitor-1, initial daemon)>
[roslaunch.pmon][INFO] 2020-07-30 17:26:19,488: start_process_monitor: ProcessMonitor started
[roslaunch.parent][INFO] 2020-07-30 17:26:19,488: starting parent XML-RPC server
[roslaunch.server][INFO] 2020-07-30 17:26:19,488: starting roslaunch XML-RPC server
[roslaunch.server][INFO] 2020-07-30 17:26:19,489: waiting for roslaunch XML-RPC server to initialize
[xmlrpc][INFO] 2020-07-30 17:26:19,489: XML-RPC server binding to 0.0.0.0:0
[xmlrpc][INFO] 2020-07-30 17:26:19,490: Started XML-RPC server [http://ubiquityrobot.local:44275/]
[xmlrpc][INFO] 2020-07-30 17:26:19,491: xml rpc node: starting XML-RPC server
[roslaunch][INFO] 2020-07-30 17:26:19,503: started roslaunch server http://ubiquityrobot.local:44275/
[roslaunch.parent][INFO] 2020-07-30 17:26:19,503: ... parent XML-RPC server started
[roslaunch][INFO] 2020-07-30 17:26:19,504: master.is_running[http://ubiquityrobot.local:11311/]
[roslaunch][INFO] 2020-07-30 17:26:19,509: auto-starting new master
[roslaunch][INFO] 2020-07-30 17:26:19,509: create_master_process: rosmaster, /opt/ros/kinetic/share/ros, 11311, 3, None
[roslaunch][INFO] 2020-07-30 17:26:19,510: process[master]: launching with args [['rosmaster', '--core', '-p', '11311', '-w', '3']]
[roslaunch.pmon][INFO] 2020-07-30 17:26:19,510: ProcessMonitor.register[master]
[roslaunch.pmon][INFO] 2020-07-30 17:26:19,510: ProcessMonitor.register[master] complete
[roslaunch][INFO] 2020-07-30 17:26:19,511: process[master]: starting os process
[roslaunch][INFO] 2020-07-30 17:26:19,511: process[master]: start w/ args [['rosmaster', '--core', '-p', '11311', '-w', '3', '__log:=/home/ubuntu/.ros/log/c6d41228-d289-11ea-9a6d-fdccc649b925/master.log']]
[roslaunch][INFO] 2020-07-30 17:26:19,512: process[master]: cwd will be [/home/ubuntu/.ros]
[roslaunch][INFO] 2020-07-30 17:26:19,523: process[master]: started with pid [742]
[roslaunch][INFO] 2020-07-30 17:26:19,524: master.is_running[http://ubiquityrobot.local:11311/]
[roslaunch][INFO] 2020-07-30 17:26:19,625: master.is_running[http://ubiquityrobot.local:11311/]
[roslaunch][INFO] 2020-07-30 17:26:19,726: master.is_running[http://ubiquityrobot.local:11311/]
[roslaunch][INFO] 2020-07-30 17:26:19,828: master.is_running[http://ubiquityrobot.local:11311/]
[roslaunch][INFO] 2020-07-30 17:26:19,930: master.is_running[http://ubiquityrobot.local:11311/]
[roslaunch][INFO] 2020-07-30 17:26:20,031: master.is_running[http://ubiquityrobot.local:11311/]
[roslaunch][INFO] 2020-07-30 17:26:20,034: master.is_running[http://ubiquityrobot.local:11311/]
[roslaunch][INFO] 2020-07-30 17:26:20,037: ROS_MASTER_URI=http://ubiquityrobot.local:11311/
[roslaunch][INFO] 2020-07-30 17:26:20,040: setting /run_id to c6d41228-d289-11ea-9a6d-fdccc649b925
[roslaunch][INFO] 2020-07-30 17:26:20,043: setting /roslaunch/uris/host_ubiquityrobot_local__44275' to http://ubiquityrobot.local:44275/
[roslaunch][INFO] 2020-07-30 17:26:20,049: ... preparing to launch node of type [rosout/rosout]
[roslaunch][INFO] 2020-07-30 17:26:20,049: create_node_process: package[rosout] type[rosout] machine[Machine(name[] env_loader[None] address[localhost] ssh_port[22] user[None] assignable[True] timeout[10.0])] master_uri[http://ubiquityrobot.local:11311/]
[roslaunch][INFO] 2020-07-30 17:26:20,050: process[rosout-1]: env[{'LD_LIBRARY_PATH': '/opt/ros/kinetic/lib:/opt/ros/kinetic/lib/arm-linux-gnueabihf', 'SHELL': '/bin/bash', 'ROS_DISTRO': 'kinetic', 'PYTHONPATH': '/opt/ros/kinetic/lib/python2.7/dist-packages', 'ROSLISP_PACKAGE_DIRECTORIES': '', 'ROS_ETC_DIR': '/opt/ros/kinetic/etc/ros', 'ROS_ROOT': '/opt/ros/kinetic/share/ros', 'PKG_CONFIG_PATH': '/opt/ros/kinetic/lib/pkgconfig:/opt/ros/kinetic/lib/arm-linux-gnueabihf/pkgconfig', 'PWD': '/', 'ROS_MASTER_URI': 'http://ubiquityrobot.local:11311/', 'USER': 'ubuntu', 'ROS_VERSION': '1', 'HOME': '/home/ubuntu', 'ROS_HOSTNAME': 'ubiquityrobot.local', 'PATH': '/opt/ros/kinetic/bin:/usr/local/sbin:/usr/local/bin:/usr/sbin:/usr/bin:/sbin:/bin:/snap/bin', 'ROS_PACKAGE_PATH': '/opt/ros/kinetic/share', 'CMAKE_PREFIX_PATH': '/opt/ros/kinetic', 'ROS_LOG_FILENAME': '/home/ubuntu/.ros/log/c6d41228-d289-11ea-9a6d-fdccc649b925/roslaunch-ubiquityrobot-693.log', 'ROS_PYTHON_VERSION': '2', 'LOGNAME': 'ubuntu'}]
[roslaunch][INFO] 2020-07-30 17:26:20,159: process[rosout-1]: args[[u'/opt/ros/kinetic/lib/rosout/rosout', u'__name:=rosout']]
[roslaunch][INFO] 2020-07-30 17:26:20,160: ... created process [rosout-1]
[roslaunch.pmon][INFO] 2020-07-30 17:26:20,160: ProcessMonitor.register[rosout-1]
[roslaunch.pmon][INFO] 2020-07-30 17:26:20,160: ProcessMonitor.register[rosout-1] complete
[roslaunch][INFO] 2020-07-30 17:26:20,161: ... registered process [rosout-1]
[roslaunch][INFO] 2020-07-30 17:26:20,161: process[rosout-1]: starting os process
[roslaunch][INFO] 2020-07-30 17:26:20,161: process[rosout-1]: start w/ args [[u'/opt/ros/kinetic/lib/rosout/rosout', u'__name:=rosout', u'__log:=/home/ubuntu/.ros/log/c6d41228-d289-11ea-9a6d-fdccc649b925/rosout-1.log']]
[roslaunch][INFO] 2020-07-30 17:26:20,162: process[rosout-1]: cwd will be [/home/ubuntu/.ros]
[roslaunch][INFO] 2020-07-30 17:26:20,174: process[rosout-1]: started with pid [769]
[roslaunch][INFO] 2020-07-30 17:26:20,175: ... successfully launched [rosout-1]
[roslaunch][INFO] 2020-07-30 17:26:20,175: load_parameters starting ...
[roslaunch][INFO] 2020-07-30 17:26:20,183: ... load_parameters complete
[roslaunch][INFO] 2020-07-30 17:26:20,183: launch_nodes: launching local nodes ...
[roslaunch][INFO] 2020-07-30 17:26:20,184: ... launch_nodes complete
[roslaunch.pmon][INFO] 2020-07-30 17:26:20,184: registrations completed <ProcessMonitor(ProcessMonitor-1, started daemon -1238010768)>
[roslaunch.parent][INFO] 2020-07-30 17:26:20,184: ... roslaunch parent running, waiting for process exit
[roslaunch][INFO] 2020-07-30 17:26:20,184: spin
