[roslaunch][INFO] 2020-07-30 02:48:44,085: Checking log directory for disk usage. This may take awhile.
Press Ctrl-C to interrupt
[roslaunch][INFO] 2020-07-30 02:48:44,098: Done checking log file disk usage. Usage is <1GB.
[roslaunch][INFO] 2020-07-30 02:48:44,099: roslaunch starting with args ['roscore', '--core']
[roslaunch][INFO] 2020-07-30 02:48:44,099: roslaunch env is {'ROS_LOG_FILENAME': '/home/ubuntu/.ros/log/2ea47918-d20f-11ea-9ecc-b9034c0b7885/roslaunch-ubiquityrobot-688.log', 'SHELL': '/bin/bash', 'ROS_DISTRO': 'kinetic', 'PYTHONPATH': '/opt/ros/kinetic/lib/python2.7/dist-packages', 'PWD': '/', 'ROS_MASTER_URI': 'http://ubiquityrobot.local:11311', 'ROS_ROOT': '/opt/ros/kinetic/share/ros', 'PATH': '/opt/ros/kinetic/bin:/usr/local/sbin:/usr/local/bin:/usr/sbin:/usr/bin:/sbin:/bin:/snap/bin', 'ROS_HOSTNAME': 'ubiquityrobot.local', 'ROSLISP_PACKAGE_DIRECTORIES': '', 'ROS_ETC_DIR': '/opt/ros/kinetic/etc/ros', 'USER': 'ubuntu', 'ROS_VERSION': '1', 'HOME': '/home/ubuntu', 'PKG_CONFIG_PATH': '/opt/ros/kinetic/lib/pkgconfig:/opt/ros/kinetic/lib/arm-linux-gnueabihf/pkgconfig', 'ROS_PACKAGE_PATH': '/opt/ros/kinetic/share', 'LOGNAME': 'ubuntu', 'CMAKE_PREFIX_PATH': '/opt/ros/kinetic', 'LD_LIBRARY_PATH': '/opt/ros/kinetic/lib:/opt/ros/kinetic/lib/arm-linux-gnueabihf', 'ROS_PYTHON_VERSION': '2'}
[roslaunch][INFO] 2020-07-30 02:48:44,099: starting in server mode
[roslaunch.parent][INFO] 2020-07-30 02:48:44,100: starting roslaunch parent run
[roslaunch][INFO] 2020-07-30 02:48:44,101: loading roscore config file /opt/ros/kinetic/etc/ros/roscore.xml
[roslaunch][INFO] 2020-07-30 02:48:45,706: Added core node of type [rosout/rosout] in namespace [/]
[roslaunch.pmon][INFO] 2020-07-30 02:48:45,706: start_process_monitor: creating ProcessMonitor
[roslaunch.pmon][INFO] 2020-07-30 02:48:45,707: created process monitor <ProcessMonitor(ProcessMonitor-1, initial daemon)>
[roslaunch.pmon][INFO] 2020-07-30 02:48:45,707: start_process_monitor: ProcessMonitor started
[roslaunch.parent][INFO] 2020-07-30 02:48:45,707: starting parent XML-RPC server
[roslaunch.server][INFO] 2020-07-30 02:48:45,708: starting roslaunch XML-RPC server
[roslaunch.server][INFO] 2020-07-30 02:48:45,708: waiting for roslaunch XML-RPC server to initialize
[xmlrpc][INFO] 2020-07-30 02:48:45,708: XML-RPC server binding to 0.0.0.0:0
[xmlrpc][INFO] 2020-07-30 02:48:45,709: Started XML-RPC server [http://ubiquityrobot.local:37123/]
[xmlrpc][INFO] 2020-07-30 02:48:45,710: xml rpc node: starting XML-RPC server
[roslaunch][INFO] 2020-07-30 02:48:45,722: started roslaunch server http://ubiquityrobot.local:37123/
[roslaunch.parent][INFO] 2020-07-30 02:48:45,722: ... parent XML-RPC server started
[roslaunch][INFO] 2020-07-30 02:48:45,722: master.is_running[http://ubiquityrobot.local:11311/]
[roslaunch][INFO] 2020-07-30 02:48:45,962: auto-starting new master
[roslaunch][INFO] 2020-07-30 02:48:45,963: create_master_process: rosmaster, /opt/ros/kinetic/share/ros, 11311, 3, None
[roslaunch][INFO] 2020-07-30 02:48:45,963: process[master]: launching with args [['rosmaster', '--core', '-p', '11311', '-w', '3']]
[roslaunch.pmon][INFO] 2020-07-30 02:48:45,964: ProcessMonitor.register[master]
[roslaunch.pmon][INFO] 2020-07-30 02:48:45,964: ProcessMonitor.register[master] complete
[roslaunch][INFO] 2020-07-30 02:48:45,964: process[master]: starting os process
[roslaunch][INFO] 2020-07-30 02:48:45,965: process[master]: start w/ args [['rosmaster', '--core', '-p', '11311', '-w', '3', '__log:=/home/ubuntu/.ros/log/2ea47918-d20f-11ea-9ecc-b9034c0b7885/master.log']]
[roslaunch][INFO] 2020-07-30 02:48:45,965: process[master]: cwd will be [/home/ubuntu/.ros]
[roslaunch][INFO] 2020-07-30 02:48:45,985: process[master]: started with pid [841]
[roslaunch][INFO] 2020-07-30 02:48:45,986: master.is_running[http://ubiquityrobot.local:11311/]
[roslaunch][INFO] 2020-07-30 02:48:46,088: master.is_running[http://ubiquityrobot.local:11311/]
[roslaunch][INFO] 2020-07-30 02:48:46,190: master.is_running[http://ubiquityrobot.local:11311/]
[roslaunch][INFO] 2020-07-30 02:48:46,291: master.is_running[http://ubiquityrobot.local:11311/]
[roslaunch][INFO] 2020-07-30 02:48:46,393: master.is_running[http://ubiquityrobot.local:11311/]
[roslaunch][INFO] 2020-07-30 02:48:46,494: master.is_running[http://ubiquityrobot.local:11311/]
[roslaunch][INFO] 2020-07-30 02:48:46,498: master.is_running[http://ubiquityrobot.local:11311/]
[roslaunch][INFO] 2020-07-30 02:48:46,500: ROS_MASTER_URI=http://ubiquityrobot.local:11311/
[roslaunch][INFO] 2020-07-30 02:48:46,503: setting /run_id to 2ea47918-d20f-11ea-9ecc-b9034c0b7885
[roslaunch][INFO] 2020-07-30 02:48:46,507: setting /roslaunch/uris/host_ubiquityrobot_local__37123' to http://ubiquityrobot.local:37123/
[roslaunch][INFO] 2020-07-30 02:48:46,512: ... preparing to launch node of type [rosout/rosout]
[roslaunch][INFO] 2020-07-30 02:48:46,513: create_node_process: package[rosout] type[rosout] machine[Machine(name[] env_loader[None] address[localhost] ssh_port[22] user[None] assignable[True] timeout[10.0])] master_uri[http://ubiquityrobot.local:11311/]
[roslaunch][INFO] 2020-07-30 02:48:46,513: process[rosout-1]: env[{'LD_LIBRARY_PATH': '/opt/ros/kinetic/lib:/opt/ros/kinetic/lib/arm-linux-gnueabihf', 'SHELL': '/bin/bash', 'ROS_DISTRO': 'kinetic', 'PYTHONPATH': '/opt/ros/kinetic/lib/python2.7/dist-packages', 'ROSLISP_PACKAGE_DIRECTORIES': '', 'ROS_ETC_DIR': '/opt/ros/kinetic/etc/ros', 'ROS_ROOT': '/opt/ros/kinetic/share/ros', 'PKG_CONFIG_PATH': '/opt/ros/kinetic/lib/pkgconfig:/opt/ros/kinetic/lib/arm-linux-gnueabihf/pkgconfig', 'PWD': '/', 'ROS_MASTER_URI': 'http://ubiquityrobot.local:11311/', 'USER': 'ubuntu', 'ROS_VERSION': '1', 'HOME': '/home/ubuntu', 'ROS_HOSTNAME': 'ubiquityrobot.local', 'PATH': '/opt/ros/kinetic/bin:/usr/local/sbin:/usr/local/bin:/usr/sbin:/usr/bin:/sbin:/bin:/snap/bin', 'ROS_PACKAGE_PATH': '/opt/ros/kinetic/share', 'CMAKE_PREFIX_PATH': '/opt/ros/kinetic', 'ROS_LOG_FILENAME': '/home/ubuntu/.ros/log/2ea47918-d20f-11ea-9ecc-b9034c0b7885/roslaunch-ubiquityrobot-688.log', 'ROS_PYTHON_VERSION': '2', 'LOGNAME': 'ubuntu'}]
[roslaunch][INFO] 2020-07-30 02:48:46,586: process[rosout-1]: args[[u'/opt/ros/kinetic/lib/rosout/rosout', u'__name:=rosout']]
[roslaunch][INFO] 2020-07-30 02:48:46,586: ... created process [rosout-1]
[roslaunch.pmon][INFO] 2020-07-30 02:48:46,587: ProcessMonitor.register[rosout-1]
[roslaunch.pmon][INFO] 2020-07-30 02:48:46,587: ProcessMonitor.register[rosout-1] complete
[roslaunch][INFO] 2020-07-30 02:48:46,587: ... registered process [rosout-1]
[roslaunch][INFO] 2020-07-30 02:48:46,587: process[rosout-1]: starting os process
[roslaunch][INFO] 2020-07-30 02:48:46,588: process[rosout-1]: start w/ args [[u'/opt/ros/kinetic/lib/rosout/rosout', u'__name:=rosout', u'__log:=/home/ubuntu/.ros/log/2ea47918-d20f-11ea-9ecc-b9034c0b7885/rosout-1.log']]
[roslaunch][INFO] 2020-07-30 02:48:46,588: process[rosout-1]: cwd will be [/home/ubuntu/.ros]
[roslaunch][INFO] 2020-07-30 02:48:46,599: process[rosout-1]: started with pid [855]
[roslaunch][INFO] 2020-07-30 02:48:46,600: ... successfully launched [rosout-1]
[roslaunch][INFO] 2020-07-30 02:48:46,623: load_parameters starting ...
[roslaunch][INFO] 2020-07-30 02:48:46,630: ... load_parameters complete
[roslaunch][INFO] 2020-07-30 02:48:46,630: launch_nodes: launching local nodes ...
[roslaunch][INFO] 2020-07-30 02:48:46,630: ... launch_nodes complete
[roslaunch.pmon][INFO] 2020-07-30 02:48:46,631: registrations completed <ProcessMonitor(ProcessMonitor-1, started daemon -1237797776)>
[roslaunch.parent][INFO] 2020-07-30 02:48:46,631: ... roslaunch parent running, waiting for process exit
[roslaunch][INFO] 2020-07-30 02:48:46,631: spin
