[rosmaster.main][INFO] 2020-07-30 17:17:14,183: initialization complete, waiting for shutdown
[rosmaster.main][INFO] 2020-07-30 17:17:14,183: Starting ROS Master Node
[xmlrpc][INFO] 2020-07-30 17:17:14,185: XML-RPC server binding to 0.0.0.0:11311
[rosmaster.master][INFO] 2020-07-30 17:17:14,186: Master initialized: port[11311], uri[http://ubiquityrobot.local:11311/]
[xmlrpc][INFO] 2020-07-30 17:17:14,185: Started XML-RPC server [http://ubiquityrobot.local:11311/]
[xmlrpc][INFO] 2020-07-30 17:17:14,186: xml rpc node: starting XML-RPC server
[rosmaster.master][INFO] 2020-07-30 17:17:14,202: +PARAM [/run_id] by /roslaunch
[rosmaster.master][INFO] 2020-07-30 17:17:14,205: +PARAM [/roslaunch/uris/host_ubiquityrobot_local__35319] by /roslaunch
[rosmaster.master][INFO] 2020-07-30 17:17:14,303: +PARAM [/rosversion] by /roslaunch
[rosmaster.master][INFO] 2020-07-30 17:17:14,303: +PARAM [/rosdistro] by /roslaunch
[rosmaster.master][INFO] 2020-07-30 17:17:14,480: +SERVICE [/rosout/get_loggers] /rosout http://ubiquityrobot.local:35929/
[rosmaster.master][INFO] 2020-07-30 17:17:14,482: +SERVICE [/rosout/set_logger_level] /rosout http://ubiquityrobot.local:35929/
[rosmaster.master][INFO] 2020-07-30 17:17:14,488: +PUB [/rosout_agg] /rosout http://ubiquityrobot.local:35929/
[rosmaster.master][INFO] 2020-07-30 17:17:14,500: +SUB [/rosout] /rosout http://ubiquityrobot.local:35929/
[rosmaster.master][INFO] 2020-07-30 17:17:16,521: +PARAM [/roslaunch/uris/host_ubiquityrobot_local__41909] by /roslaunch
[rosmaster.master][INFO] 2020-07-30 17:17:16,540: +PARAM [/rosbridge_ws/rosapi/topics_glob] by /roslaunch
[rosmaster.master][INFO] 2020-07-30 17:17:16,540: +PARAM [/joy_node/dev] by /roslaunch
[rosmaster.master][INFO] 2020-07-30 17:17:16,541: +PARAM [/rosbridge_wss/rosbridge_websocket/certfile] by /roslaunch
[rosmaster.master][INFO] 2020-07-30 17:17:16,541: +PARAM [/teleop_twist_joy/enable_button] by /roslaunch
[rosmaster.master][INFO] 2020-07-30 17:17:16,541: +PARAM [/teleop_twist_joy/axis_linear] by /roslaunch
[rosmaster.master][INFO] 2020-07-30 17:17:16,541: +PARAM [/teleop_twist_joy/enable_turbo_button] by /roslaunch
[rosmaster.master][INFO] 2020-07-30 17:17:16,541: +PARAM [/rosbridge_wss/rosbridge_websocket/topics_glob] by /roslaunch
[rosmaster.master][INFO] 2020-07-30 17:17:16,542: +PARAM [/rosbridge_ws/rosbridge_websocket/max_message_size] by /roslaunch
[rosmaster.master][INFO] 2020-07-30 17:17:16,542: +PARAM [/rosbridge_wss/rosbridge_websocket/delay_between_messages] by /roslaunch
[rosmaster.master][INFO] 2020-07-30 17:17:16,542: +PARAM [/rosbridge_ws/rosbridge_websocket/address] by /roslaunch
[rosmaster.master][INFO] 2020-07-30 17:17:16,542: +PARAM [/teleop_twist_joy/scale_linear_turbo] by /roslaunch
[rosmaster.master][INFO] 2020-07-30 17:17:16,543: +PARAM [/rosbridge_wss/rosbridge_websocket/params_glob] by /roslaunch
[rosmaster.master][INFO] 2020-07-30 17:17:16,543: +PARAM [/rosbridge_ws/rosbridge_websocket/authenticate] by /roslaunch
[rosmaster.master][INFO] 2020-07-30 17:17:16,543: +PARAM [/rosbridge_ws/rosbridge_websocket/bson_only_mode] by /roslaunch
[rosmaster.master][INFO] 2020-07-30 17:17:16,543: +PARAM [/rosbridge_ws/rosapi/params_glob] by /roslaunch
[rosmaster.master][INFO] 2020-07-30 17:17:16,543: +PARAM [/teleop_twist_joy/scale_linear] by /roslaunch
[rosmaster.master][INFO] 2020-07-30 17:17:16,544: +PARAM [/rosbridge_wss/rosbridge_websocket/retry_startup_delay] by /roslaunch
[rosmaster.master][INFO] 2020-07-30 17:17:16,544: +PARAM [/rosbridge_wss/rosbridge_websocket/max_message_size] by /roslaunch
[rosmaster.master][INFO] 2020-07-30 17:17:16,544: +PARAM [/ubiquity_robot_mode] by /roslaunch
[rosmaster.master][INFO] 2020-07-30 17:17:16,544: +PARAM [/rosbridge_ws/rosbridge_websocket/topics_glob] by /roslaunch
[rosmaster.master][INFO] 2020-07-30 17:17:16,545: +PARAM [/rosdistro] by /roslaunch
[rosmaster.master][INFO] 2020-07-30 17:17:16,545: +PARAM [/rosbridge_wss/rosbridge_websocket/services_glob] by /roslaunch
[rosmaster.master][INFO] 2020-07-30 17:17:16,545: +PARAM [/rosbridge_wss/rosbridge_websocket/address] by /roslaunch
[rosmaster.master][INFO] 2020-07-30 17:17:16,545: +PARAM [/rosbridge_ws/rosbridge_websocket/use_compression] by /roslaunch
[rosmaster.master][INFO] 2020-07-30 17:17:16,545: +PARAM [/rosbridge_wss/rosbridge_websocket/fragment_timeout] by /roslaunch
[rosmaster.master][INFO] 2020-07-30 17:17:16,546: +PARAM [/rosbridge_ws/rosbridge_websocket/retry_startup_delay] by /roslaunch
[rosmaster.master][INFO] 2020-07-30 17:17:16,546: +PARAM [/rosversion] by /roslaunch
[rosmaster.master][INFO] 2020-07-30 17:17:16,546: +PARAM [/rosbridge_ws/rosbridge_websocket/unregister_timeout] by /roslaunch
[rosmaster.master][INFO] 2020-07-30 17:17:16,546: +PARAM [/rosbridge_wss/rosbridge_websocket/authenticate] by /roslaunch
[rosmaster.master][INFO] 2020-07-30 17:17:16,547: +PARAM [/rosbridge_ws/rosbridge_websocket/params_glob] by /roslaunch
[rosmaster.master][INFO] 2020-07-30 17:17:16,547: +PARAM [/joy_node/autorepeat_rate] by /roslaunch
[rosmaster.master][INFO] 2020-07-30 17:17:16,547: +PARAM [/teleop_twist_joy/scale_angular] by /roslaunch
[rosmaster.master][INFO] 2020-07-30 17:17:16,547: +PARAM [/rosbridge_ws/rosbridge_websocket/port] by /roslaunch
[rosmaster.master][INFO] 2020-07-30 17:17:16,548: +PARAM [/rosbridge_ws/rosapi/services_glob] by /roslaunch
[rosmaster.master][INFO] 2020-07-30 17:17:16,548: +PARAM [/rosbridge_ws/rosbridge_websocket/fragment_timeout] by /roslaunch
[rosmaster.master][INFO] 2020-07-30 17:17:16,548: +PARAM [/rosbridge_ws/rosbridge_websocket/services_glob] by /roslaunch
[rosmaster.master][INFO] 2020-07-30 17:17:16,548: +PARAM [/rosbridge_wss/rosbridge_websocket/keyfile] by /roslaunch
[rosmaster.master][INFO] 2020-07-30 17:17:16,548: +PARAM [/rosbridge_wss/rosbridge_websocket/port] by /roslaunch
[rosmaster.master][INFO] 2020-07-30 17:17:16,549: +PARAM [/rosbridge_wss/rosapi/services_glob] by /roslaunch
[rosmaster.master][INFO] 2020-07-30 17:17:16,549: +PARAM [/rosbridge_wss/rosbridge_websocket/unregister_timeout] by /roslaunch
[rosmaster.master][INFO] 2020-07-30 17:17:16,549: +PARAM [/rosbridge_wss/rosapi/topics_glob] by /roslaunch
[rosmaster.master][INFO] 2020-07-30 17:17:16,549: +PARAM [/teleop_twist_joy/axis_angular] by /roslaunch
[rosmaster.master][INFO] 2020-07-30 17:17:16,550: +PARAM [/rosbridge_ws/rosbridge_websocket/delay_between_messages] by /roslaunch
[rosmaster.master][INFO] 2020-07-30 17:17:16,550: +PARAM [/rosbridge_wss/rosapi/params_glob] by /roslaunch
[rosmaster.master][INFO] 2020-07-30 17:17:16,550: +PARAM [/rosbridge_wss/rosbridge_websocket/use_compression] by /roslaunch
[rosmaster.master][INFO] 2020-07-30 17:17:16,707: +PUB [/rosout] /joy_node http://ubiquityrobot.local:40125/
[rosmaster.master][INFO] 2020-07-30 17:17:16,712: +SERVICE [/joy_node/get_loggers] /joy_node http://ubiquityrobot.local:40125/
[rosmaster.master][INFO] 2020-07-30 17:17:16,720: +SERVICE [/joy_node/set_logger_level] /joy_node http://ubiquityrobot.local:40125/
[rosmaster.master][INFO] 2020-07-30 17:17:16,731: +PUB [/rosout] /teleop_twist_joy http://ubiquityrobot.local:32783/
[rosmaster.master][INFO] 2020-07-30 17:17:16,758: +PUB [/diagnostics] /joy_node http://ubiquityrobot.local:40125/
[rosmaster.master][INFO] 2020-07-30 17:17:16,759: +SERVICE [/teleop_twist_joy/get_loggers] /teleop_twist_joy http://ubiquityrobot.local:32783/
[rosmaster.master][INFO] 2020-07-30 17:17:16,767: +SERVICE [/teleop_twist_joy/set_logger_level] /teleop_twist_joy http://ubiquityrobot.local:32783/
[rosmaster.master][INFO] 2020-07-30 17:17:16,783: +PUB [/cmd_vel] /teleop_twist_joy http://ubiquityrobot.local:32783/
[rosmaster.master][INFO] 2020-07-30 17:17:16,786: +PUB [/joy] /joy_node http://ubiquityrobot.local:40125/
[rosmaster.master][INFO] 2020-07-30 17:17:16,788: publisherUpdate[/rosout] -> http://ubiquityrobot.local:35929/ ['http://ubiquityrobot.local:40125/']
[rosmaster.master][INFO] 2020-07-30 17:17:16,804: publisherUpdate[/rosout] -> http://ubiquityrobot.local:35929/ ['http://ubiquityrobot.local:40125/']: sec=0.02, result=[1, '', 0]
[rosmaster.master][INFO] 2020-07-30 17:17:16,805: publisherUpdate[/rosout] -> http://ubiquityrobot.local:35929/ ['http://ubiquityrobot.local:40125/', 'http://ubiquityrobot.local:32783/']
[rosmaster.master][INFO] 2020-07-30 17:17:16,808: publisherUpdate[/rosout] -> http://ubiquityrobot.local:35929/ ['http://ubiquityrobot.local:40125/', 'http://ubiquityrobot.local:32783/']: sec=0.00, result=[1, '', 0]
[rosmaster.master][INFO] 2020-07-30 17:17:16,847: +SUB [/joy/set_feedback] /joy_node http://ubiquityrobot.local:40125/
[rosmaster.master][INFO] 2020-07-30 17:17:16,871: +SUB [/joy] /teleop_twist_joy http://ubiquityrobot.local:32783/
[rosmaster.master][INFO] 2020-07-30 17:17:16,940: +PUB [/rosout] /tf2_web_republisher http://ubiquityrobot.local:36881/
[rosmaster.master][INFO] 2020-07-30 17:17:16,958: +SERVICE [/tf2_web_republisher/get_loggers] /tf2_web_republisher http://ubiquityrobot.local:36881/
[rosmaster.master][INFO] 2020-07-30 17:17:16,985: +SERVICE [/tf2_web_republisher/set_logger_level] /tf2_web_republisher http://ubiquityrobot.local:36881/
[rosmaster.master][INFO] 2020-07-30 17:17:16,991: publisherUpdate[/rosout] -> http://ubiquityrobot.local:35929/ ['http://ubiquityrobot.local:40125/', 'http://ubiquityrobot.local:32783/', 'http://ubiquityrobot.local:36881/']
[rosmaster.master][INFO] 2020-07-30 17:17:17,017: publisherUpdate[/rosout] -> http://ubiquityrobot.local:35929/ ['http://ubiquityrobot.local:40125/', 'http://ubiquityrobot.local:32783/', 'http://ubiquityrobot.local:36881/']: sec=0.01, result=[1, '', 0]
[rosmaster.master][INFO] 2020-07-30 17:17:17,103: +SUB [/tf] /tf2_web_republisher http://ubiquityrobot.local:36881/
[rosmaster.master][INFO] 2020-07-30 17:17:17,201: +SUB [/tf_static] /tf2_web_republisher http://ubiquityrobot.local:36881/
[rosmaster.master][INFO] 2020-07-30 17:17:17,207: +SERVICE [/republish_tfs] /tf2_web_republisher http://ubiquityrobot.local:36881/
[rosmaster.master][INFO] 2020-07-30 17:17:17,228: +PUB [/tf2_web_republisher/result] /tf2_web_republisher http://ubiquityrobot.local:36881/
[rosmaster.master][INFO] 2020-07-30 17:17:17,234: +PUB [/tf2_web_republisher/feedback] /tf2_web_republisher http://ubiquityrobot.local:36881/
[rosmaster.master][INFO] 2020-07-30 17:17:17,239: +PUB [/tf2_web_republisher/status] /tf2_web_republisher http://ubiquityrobot.local:36881/
[rosmaster.master][INFO] 2020-07-30 17:17:17,289: +SUB [/tf2_web_republisher/goal] /tf2_web_republisher http://ubiquityrobot.local:36881/
[rosmaster.master][INFO] 2020-07-30 17:17:17,304: +SUB [/tf2_web_republisher/cancel] /tf2_web_republisher http://ubiquityrobot.local:36881/
[rosmaster.master][INFO] 2020-07-30 17:17:17,990: +PUB [/rosout] /rosbridge_ws/rosapi http://ubiquityrobot.local:43633/
[rosmaster.master][INFO] 2020-07-30 17:17:17,994: +PUB [/rosout] /rosbridge_wss/rosapi http://ubiquityrobot.local:34023/
[rosmaster.master][INFO] 2020-07-30 17:17:18,001: +SERVICE [/rosbridge_ws/rosapi/get_loggers] /rosbridge_ws/rosapi http://ubiquityrobot.local:43633/
[rosmaster.master][INFO] 2020-07-30 17:17:18,002: publisherUpdate[/rosout] -> http://ubiquityrobot.local:35929/ ['http://ubiquityrobot.local:40125/', 'http://ubiquityrobot.local:32783/', 'http://ubiquityrobot.local:36881/', 'http://ubiquityrobot.local:43633/']
[rosmaster.master][INFO] 2020-07-30 17:17:18,004: publisherUpdate[/rosout] -> http://ubiquityrobot.local:35929/ ['http://ubiquityrobot.local:40125/', 'http://ubiquityrobot.local:32783/', 'http://ubiquityrobot.local:36881/', 'http://ubiquityrobot.local:43633/']: sec=0.00, result=[1, '', 0]
[rosmaster.master][INFO] 2020-07-30 17:17:18,006: +SERVICE [/rosbridge_ws/rosapi/set_logger_level] /rosbridge_ws/rosapi http://ubiquityrobot.local:43633/
[rosmaster.master][INFO] 2020-07-30 17:17:18,007: publisherUpdate[/rosout] -> http://ubiquityrobot.local:35929/ ['http://ubiquityrobot.local:40125/', 'http://ubiquityrobot.local:32783/', 'http://ubiquityrobot.local:36881/', 'http://ubiquityrobot.local:43633/', 'http://ubiquityrobot.local:34023/']
[rosmaster.master][INFO] 2020-07-30 17:17:18,010: publisherUpdate[/rosout] -> http://ubiquityrobot.local:35929/ ['http://ubiquityrobot.local:40125/', 'http://ubiquityrobot.local:32783/', 'http://ubiquityrobot.local:36881/', 'http://ubiquityrobot.local:43633/', 'http://ubiquityrobot.local:34023/']: sec=0.00, result=[1, '', 0]
[rosmaster.master][INFO] 2020-07-30 17:17:18,011: +SERVICE [/rosbridge_wss/rosapi/get_loggers] /rosbridge_wss/rosapi http://ubiquityrobot.local:34023/
[rosmaster.master][INFO] 2020-07-30 17:17:18,018: +SERVICE [/rosbridge_wss/rosapi/set_logger_level] /rosbridge_wss/rosapi http://ubiquityrobot.local:34023/
[rosmaster.master][INFO] 2020-07-30 17:17:18,026: +SERVICE [/rosapi/topics] /rosbridge_ws/rosapi http://ubiquityrobot.local:43633/
[rosmaster.master][INFO] 2020-07-30 17:17:18,030: +SERVICE [/rosapi/topics_for_type] /rosbridge_ws/rosapi http://ubiquityrobot.local:43633/
[rosmaster.master][INFO] 2020-07-30 17:17:18,036: +SERVICE [/rosapi/topics] /rosbridge_wss/rosapi http://ubiquityrobot.local:34023/
[rosmaster.master][INFO] 2020-07-30 17:17:18,038: +SERVICE [/rosapi/services] /rosbridge_ws/rosapi http://ubiquityrobot.local:43633/
[rosmaster.master][INFO] 2020-07-30 17:17:18,044: +SERVICE [/rosapi/topics_for_type] /rosbridge_wss/rosapi http://ubiquityrobot.local:34023/
[rosmaster.master][INFO] 2020-07-30 17:17:18,046: +SERVICE [/rosapi/services_for_type] /rosbridge_ws/rosapi http://ubiquityrobot.local:43633/
[rosmaster.master][INFO] 2020-07-30 17:17:18,050: +SERVICE [/rosapi/services] /rosbridge_wss/rosapi http://ubiquityrobot.local:34023/
[rosmaster.master][INFO] 2020-07-30 17:17:18,052: +SERVICE [/rosapi/nodes] /rosbridge_ws/rosapi http://ubiquityrobot.local:43633/
[rosmaster.master][INFO] 2020-07-30 17:17:18,056: +SERVICE [/rosapi/services_for_type] /rosbridge_wss/rosapi http://ubiquityrobot.local:34023/
[rosmaster.master][INFO] 2020-07-30 17:17:18,058: +SERVICE [/rosapi/node_details] /rosbridge_ws/rosapi http://ubiquityrobot.local:43633/
[rosmaster.master][INFO] 2020-07-30 17:17:18,061: +SERVICE [/rosapi/nodes] /rosbridge_wss/rosapi http://ubiquityrobot.local:34023/
[rosmaster.master][INFO] 2020-07-30 17:17:18,066: +SERVICE [/rosapi/action_servers] /rosbridge_ws/rosapi http://ubiquityrobot.local:43633/
[rosmaster.master][INFO] 2020-07-30 17:17:18,070: +SERVICE [/rosapi/node_details] /rosbridge_wss/rosapi http://ubiquityrobot.local:34023/
[rosmaster.master][INFO] 2020-07-30 17:17:18,073: +SERVICE [/rosapi/topic_type] /rosbridge_ws/rosapi http://ubiquityrobot.local:43633/
[rosmaster.master][INFO] 2020-07-30 17:17:18,075: +SERVICE [/rosapi/action_servers] /rosbridge_wss/rosapi http://ubiquityrobot.local:34023/
[rosmaster.master][INFO] 2020-07-30 17:17:18,077: +SERVICE [/rosapi/service_type] /rosbridge_ws/rosapi http://ubiquityrobot.local:43633/
[rosmaster.master][INFO] 2020-07-30 17:17:18,079: +SERVICE [/rosapi/topic_type] /rosbridge_wss/rosapi http://ubiquityrobot.local:34023/
[rosmaster.master][INFO] 2020-07-30 17:17:18,083: +SERVICE [/rosapi/publishers] /rosbridge_ws/rosapi http://ubiquityrobot.local:43633/
[rosmaster.master][INFO] 2020-07-30 17:17:18,087: +SERVICE [/rosapi/service_type] /rosbridge_wss/rosapi http://ubiquityrobot.local:34023/
[rosmaster.master][INFO] 2020-07-30 17:17:18,089: +SERVICE [/rosapi/subscribers] /rosbridge_ws/rosapi http://ubiquityrobot.local:43633/
[rosmaster.master][INFO] 2020-07-30 17:17:18,093: +SERVICE [/rosapi/publishers] /rosbridge_wss/rosapi http://ubiquityrobot.local:34023/
[rosmaster.master][INFO] 2020-07-30 17:17:18,095: +SERVICE [/rosapi/service_providers] /rosbridge_ws/rosapi http://ubiquityrobot.local:43633/
[rosmaster.master][INFO] 2020-07-30 17:17:18,099: +SERVICE [/rosapi/subscribers] /rosbridge_wss/rosapi http://ubiquityrobot.local:34023/
[rosmaster.master][INFO] 2020-07-30 17:17:18,102: +SERVICE [/rosapi/service_node] /rosbridge_ws/rosapi http://ubiquityrobot.local:43633/
[rosmaster.master][INFO] 2020-07-30 17:17:18,107: +SERVICE [/rosapi/service_providers] /rosbridge_wss/rosapi http://ubiquityrobot.local:34023/
[rosmaster.master][INFO] 2020-07-30 17:17:18,113: +SERVICE [/rosapi/service_host] /rosbridge_ws/rosapi http://ubiquityrobot.local:43633/
[rosmaster.master][INFO] 2020-07-30 17:17:18,116: +SERVICE [/rosapi/service_node] /rosbridge_wss/rosapi http://ubiquityrobot.local:34023/
[rosmaster.master][INFO] 2020-07-30 17:17:18,118: +SERVICE [/rosapi/message_details] /rosbridge_ws/rosapi http://ubiquityrobot.local:43633/
[rosmaster.master][INFO] 2020-07-30 17:17:18,120: +SERVICE [/rosapi/service_host] /rosbridge_wss/rosapi http://ubiquityrobot.local:34023/
[rosmaster.master][INFO] 2020-07-30 17:17:18,123: +SERVICE [/rosapi/service_request_details] /rosbridge_ws/rosapi http://ubiquityrobot.local:43633/
[rosmaster.master][INFO] 2020-07-30 17:17:18,124: +SERVICE [/rosapi/message_details] /rosbridge_wss/rosapi http://ubiquityrobot.local:34023/
[rosmaster.master][INFO] 2020-07-30 17:17:18,128: +SERVICE [/rosapi/service_response_details] /rosbridge_ws/rosapi http://ubiquityrobot.local:43633/
[rosmaster.master][INFO] 2020-07-30 17:17:18,133: +SERVICE [/rosapi/set_param] /rosbridge_ws/rosapi http://ubiquityrobot.local:43633/
[rosmaster.master][INFO] 2020-07-30 17:17:18,135: +SERVICE [/rosapi/service_request_details] /rosbridge_wss/rosapi http://ubiquityrobot.local:34023/
[rosmaster.master][INFO] 2020-07-30 17:17:18,139: +SERVICE [/rosapi/get_param] /rosbridge_ws/rosapi http://ubiquityrobot.local:43633/
[rosmaster.master][INFO] 2020-07-30 17:17:18,143: +SERVICE [/rosapi/service_response_details] /rosbridge_wss/rosapi http://ubiquityrobot.local:34023/
[rosmaster.master][INFO] 2020-07-30 17:17:18,144: +SERVICE [/rosapi/has_param] /rosbridge_ws/rosapi http://ubiquityrobot.local:43633/
[rosmaster.master][INFO] 2020-07-30 17:17:18,148: +SERVICE [/rosapi/set_param] /rosbridge_wss/rosapi http://ubiquityrobot.local:34023/
[rosmaster.master][INFO] 2020-07-30 17:17:18,152: +SERVICE [/rosapi/search_param] /rosbridge_ws/rosapi http://ubiquityrobot.local:43633/
[rosmaster.master][INFO] 2020-07-30 17:17:18,156: +SERVICE [/rosapi/get_param] /rosbridge_wss/rosapi http://ubiquityrobot.local:34023/
[rosmaster.master][INFO] 2020-07-30 17:17:18,159: +SERVICE [/rosapi/delete_param] /rosbridge_ws/rosapi http://ubiquityrobot.local:43633/
[rosmaster.master][INFO] 2020-07-30 17:17:18,161: +SERVICE [/rosapi/has_param] /rosbridge_wss/rosapi http://ubiquityrobot.local:34023/
[rosmaster.master][INFO] 2020-07-30 17:17:18,165: +SERVICE [/rosapi/get_param_names] /rosbridge_ws/rosapi http://ubiquityrobot.local:43633/
[rosmaster.master][INFO] 2020-07-30 17:17:18,169: +SERVICE [/rosapi/search_param] /rosbridge_wss/rosapi http://ubiquityrobot.local:34023/
[rosmaster.master][INFO] 2020-07-30 17:17:18,172: +SERVICE [/rosapi/get_time] /rosbridge_ws/rosapi http://ubiquityrobot.local:43633/
[rosmaster.master][INFO] 2020-07-30 17:17:18,176: +SERVICE [/rosapi/delete_param] /rosbridge_wss/rosapi http://ubiquityrobot.local:34023/
[rosmaster.master][INFO] 2020-07-30 17:17:18,180: +SERVICE [/rosapi/get_param_names] /rosbridge_wss/rosapi http://ubiquityrobot.local:34023/
[rosmaster.master][INFO] 2020-07-30 17:17:18,183: +SERVICE [/rosapi/get_time] /rosbridge_wss/rosapi http://ubiquityrobot.local:34023/
[rosmaster.master][INFO] 2020-07-30 17:17:18,716: +PUB [/rosout] /rosbridge_ws/rosbridge_websocket http://ubiquityrobot.local:42209/
[rosmaster.master][INFO] 2020-07-30 17:17:18,717: +PUB [/rosout] /rosbridge_wss/rosbridge_websocket http://ubiquityrobot.local:38833/
[rosmaster.master][INFO] 2020-07-30 17:17:18,724: +SERVICE [/rosbridge_ws/rosbridge_websocket/get_loggers] /rosbridge_ws/rosbridge_websocket http://ubiquityrobot.local:42209/
[rosmaster.master][INFO] 2020-07-30 17:17:18,726: +SERVICE [/rosbridge_wss/rosbridge_websocket/get_loggers] /rosbridge_wss/rosbridge_websocket http://ubiquityrobot.local:38833/
[rosmaster.master][INFO] 2020-07-30 17:17:18,729: +SERVICE [/rosbridge_ws/rosbridge_websocket/set_logger_level] /rosbridge_ws/rosbridge_websocket http://ubiquityrobot.local:42209/
[rosmaster.master][INFO] 2020-07-30 17:17:18,731: +SERVICE [/rosbridge_wss/rosbridge_websocket/set_logger_level] /rosbridge_wss/rosbridge_websocket http://ubiquityrobot.local:38833/
[rosmaster.master][INFO] 2020-07-30 17:17:18,736: publisherUpdate[/rosout] -> http://ubiquityrobot.local:35929/ ['http://ubiquityrobot.local:40125/', 'http://ubiquityrobot.local:32783/', 'http://ubiquityrobot.local:36881/', 'http://ubiquityrobot.local:43633/', 'http://ubiquityrobot.local:34023/', 'http://ubiquityrobot.local:42209/']
[rosmaster.master][INFO] 2020-07-30 17:17:18,739: publisherUpdate[/rosout] -> http://ubiquityrobot.local:35929/ ['http://ubiquityrobot.local:40125/', 'http://ubiquityrobot.local:32783/', 'http://ubiquityrobot.local:36881/', 'http://ubiquityrobot.local:43633/', 'http://ubiquityrobot.local:34023/', 'http://ubiquityrobot.local:42209/']: sec=0.00, result=[1, '', 0]
[rosmaster.master][INFO] 2020-07-30 17:17:18,740: publisherUpdate[/rosout] -> http://ubiquityrobot.local:35929/ ['http://ubiquityrobot.local:40125/', 'http://ubiquityrobot.local:32783/', 'http://ubiquityrobot.local:36881/', 'http://ubiquityrobot.local:43633/', 'http://ubiquityrobot.local:34023/', 'http://ubiquityrobot.local:42209/', 'http://ubiquityrobot.local:38833/']
[rosmaster.master][INFO] 2020-07-30 17:17:18,742: publisherUpdate[/rosout] -> http://ubiquityrobot.local:35929/ ['http://ubiquityrobot.local:40125/', 'http://ubiquityrobot.local:32783/', 'http://ubiquityrobot.local:36881/', 'http://ubiquityrobot.local:43633/', 'http://ubiquityrobot.local:34023/', 'http://ubiquityrobot.local:42209/', 'http://ubiquityrobot.local:38833/']: sec=0.00, result=[1, '', 0]
[rosmaster.master][INFO] 2020-07-30 17:17:18,775: +PUB [/rosbridge_ws/client_count] /rosbridge_ws/rosbridge_websocket http://ubiquityrobot.local:42209/
[rosmaster.master][INFO] 2020-07-30 17:17:18,779: +PUB [/rosbridge_ws/connected_clients] /rosbridge_ws/rosbridge_websocket http://ubiquityrobot.local:42209/
[rosmaster.master][INFO] 2020-07-30 17:17:18,781: +PUB [/rosbridge_wss/client_count] /rosbridge_wss/rosbridge_websocket http://ubiquityrobot.local:38833/
[rosmaster.master][INFO] 2020-07-30 17:17:18,786: +PUB [/rosbridge_wss/connected_clients] /rosbridge_wss/rosbridge_websocket http://ubiquityrobot.local:38833/
[rosmaster.master][INFO] 2020-07-30 17:20:35,726: +PARAM [/roslaunch/uris/host_ubiquityrobot_local__39567] by /roslaunch
[rosmaster.master][INFO] 2020-07-30 17:20:35,741: +PARAM [/ubiquity_velocity_controller/angular/z/has_acceleration_limits] by /roslaunch
[rosmaster.master][INFO] 2020-07-30 17:20:35,742: +PARAM [/enable_statistics] by /roslaunch
[rosmaster.master][INFO] 2020-07-30 17:20:35,742: +PARAM [/ubiquity_velocity_controller/pose_covariance_diagonal] by /roslaunch
[rosmaster.master][INFO] 2020-07-30 17:20:35,742: +PARAM [/ubiquity_motor/pid_denominator] by /roslaunch
[rosmaster.master][INFO] 2020-07-30 17:20:35,742: +PARAM [/ubiquity_velocity_controller/left_wheel] by /roslaunch
[rosmaster.master][INFO] 2020-07-30 17:20:35,743: +PARAM [/ubiquity_velocity_controller/base_frame_id] by /roslaunch
[rosmaster.master][INFO] 2020-07-30 17:20:35,743: +PARAM [/use_gui] by /roslaunch
[rosmaster.master][INFO] 2020-07-30 17:20:35,743: +PARAM [/ubiquity_velocity_controller/publish_rate] by /roslaunch
[rosmaster.master][INFO] 2020-07-30 17:20:35,743: +PARAM [/ubiquity_motor/serial_port] by /roslaunch
[rosmaster.master][INFO] 2020-07-30 17:20:35,744: +PARAM [/ubiquity_joint_publisher/type] by /roslaunch
[rosmaster.master][INFO] 2020-07-30 17:20:35,744: +PARAM [/ubiquity_velocity_controller/wheel_radius] by /roslaunch
[rosmaster.master][INFO] 2020-07-30 17:20:35,744: +PARAM [/ubiquity_motor/pid_proportional] by /roslaunch
[rosmaster.master][INFO] 2020-07-30 17:20:35,744: +PARAM [/ubiquity_velocity_controller/linear/x/max_velocity] by /roslaunch
[rosmaster.master][INFO] 2020-07-30 17:20:35,744: +PARAM [/ubiquity_robot_mode] by /roslaunch
[rosmaster.master][INFO] 2020-07-30 17:20:35,745: +PARAM [/ubiquity_velocity_controller/wheel_radius_multiplier] by /roslaunch
[rosmaster.master][INFO] 2020-07-30 17:20:35,745: +PARAM [/ubiquity_motor/pid_derivative] by /roslaunch
[rosmaster.master][INFO] 2020-07-30 17:20:35,745: +PARAM [/rosdistro] by /roslaunch
[rosmaster.master][INFO] 2020-07-30 17:20:35,745: +PARAM [/ubiquity_velocity_controller/wheel_separation] by /roslaunch
[rosmaster.master][INFO] 2020-07-30 17:20:35,746: +PARAM [/robot_description] by /roslaunch
[rosmaster.master][INFO] 2020-07-30 17:20:35,746: +PARAM [/ubiquity_velocity_controller/twist_covariance_diagonal] by /roslaunch
[rosmaster.master][INFO] 2020-07-30 17:20:35,746: +PARAM [/ubiquity_velocity_controller/angular/z/max_acceleration] by /roslaunch
[rosmaster.master][INFO] 2020-07-30 17:20:35,746: +PARAM [/ubiquity_motor/serial_baud] by /roslaunch
[rosmaster.master][INFO] 2020-07-30 17:20:35,747: +PARAM [/ubiquity_motor/serial_loop_rate] by /roslaunch
[rosmaster.master][INFO] 2020-07-30 17:20:35,747: +PARAM [/ubiquity_motor/controller_loop_rate] by /roslaunch
[rosmaster.master][INFO] 2020-07-30 17:20:35,747: +PARAM [/ubiquity_velocity_controller/angular/z/has_velocity_limits] by /roslaunch
[rosmaster.master][INFO] 2020-07-30 17:20:35,747: +PARAM [/ubiquity_velocity_controller/type] by /roslaunch
[rosmaster.master][INFO] 2020-07-30 17:20:35,748: +PARAM [/ubiquity_velocity_controller/wheel_separation_multiplier] by /roslaunch
[rosmaster.master][INFO] 2020-07-30 17:20:35,748: +PARAM [/ubiquity_velocity_controller/linear/x/has_velocity_limits] by /roslaunch
[rosmaster.master][INFO] 2020-07-30 17:20:35,748: +PARAM [/rosversion] by /roslaunch
[rosmaster.master][INFO] 2020-07-30 17:20:35,748: +PARAM [/ubiquity_motor/pid_integral] by /roslaunch
[rosmaster.master][INFO] 2020-07-30 17:20:35,749: +PARAM [/ubiquity_joint_publisher/publish_rate] by /roslaunch
[rosmaster.master][INFO] 2020-07-30 17:20:35,749: +PARAM [/ubiquity_velocity_controller/linear/x/has_acceleration_limits] by /roslaunch
[rosmaster.master][INFO] 2020-07-30 17:20:35,749: +PARAM [/ubiquity_velocity_controller/right_wheel] by /roslaunch
[rosmaster.master][INFO] 2020-07-30 17:20:35,749: +PARAM [/ubiquity_velocity_controller/cmd_vel_timeout] by /roslaunch
[rosmaster.master][INFO] 2020-07-30 17:20:35,750: +PARAM [/ubiquity_velocity_controller/angular/z/max_velocity] by /roslaunch
[rosmaster.master][INFO] 2020-07-30 17:20:35,750: +PARAM [/ubiquity_velocity_controller/linear/x/max_acceleration] by /roslaunch
[rosmaster.master][INFO] 2020-07-30 17:20:35,750: +PARAM [/ubiquity_velocity_controller/enable_odom_tf] by /roslaunch
[rosmaster.master][INFO] 2020-07-30 17:20:36,049: +PUB [/rosout] /motor_node http://ubiquityrobot.local:40061/
[rosmaster.master][INFO] 2020-07-30 17:20:36,053: +PUB [/rosout] /robot_state_publisher http://ubiquityrobot.local:38937/
[rosmaster.master][INFO] 2020-07-30 17:20:36,055: +SERVICE [/motor_node/get_loggers] /motor_node http://ubiquityrobot.local:40061/
[rosmaster.master][INFO] 2020-07-30 17:20:36,058: +SERVICE [/robot_state_publisher/get_loggers] /robot_state_publisher http://ubiquityrobot.local:38937/
[rosmaster.master][INFO] 2020-07-30 17:20:36,059: publisherUpdate[/rosout] -> http://ubiquityrobot.local:35929/ ['http://ubiquityrobot.local:40125/', 'http://ubiquityrobot.local:32783/', 'http://ubiquityrobot.local:36881/', 'http://ubiquityrobot.local:43633/', 'http://ubiquityrobot.local:34023/', 'http://ubiquityrobot.local:42209/', 'http://ubiquityrobot.local:38833/', 'http://ubiquityrobot.local:40061/']
[rosmaster.master][INFO] 2020-07-30 17:20:36,061: +SERVICE [/motor_node/set_logger_level] /motor_node http://ubiquityrobot.local:40061/
[rosmaster.master][INFO] 2020-07-30 17:20:36,063: publisherUpdate[/rosout] -> http://ubiquityrobot.local:35929/ ['http://ubiquityrobot.local:40125/', 'http://ubiquityrobot.local:32783/', 'http://ubiquityrobot.local:36881/', 'http://ubiquityrobot.local:43633/', 'http://ubiquityrobot.local:34023/', 'http://ubiquityrobot.local:42209/', 'http://ubiquityrobot.local:38833/', 'http://ubiquityrobot.local:40061/']: sec=0.00, result=[1, '', 0]
[rosmaster.master][INFO] 2020-07-30 17:20:36,066: +SERVICE [/robot_state_publisher/set_logger_level] /robot_state_publisher http://ubiquityrobot.local:38937/
[rosmaster.master][INFO] 2020-07-30 17:20:36,069: publisherUpdate[/rosout] -> http://ubiquityrobot.local:35929/ ['http://ubiquityrobot.local:40125/', 'http://ubiquityrobot.local:32783/', 'http://ubiquityrobot.local:36881/', 'http://ubiquityrobot.local:43633/', 'http://ubiquityrobot.local:34023/', 'http://ubiquityrobot.local:42209/', 'http://ubiquityrobot.local:38833/', 'http://ubiquityrobot.local:40061/', 'http://ubiquityrobot.local:38937/']
[rosmaster.master][INFO] 2020-07-30 17:20:36,077: publisherUpdate[/rosout] -> http://ubiquityrobot.local:35929/ ['http://ubiquityrobot.local:40125/', 'http://ubiquityrobot.local:32783/', 'http://ubiquityrobot.local:36881/', 'http://ubiquityrobot.local:43633/', 'http://ubiquityrobot.local:34023/', 'http://ubiquityrobot.local:42209/', 'http://ubiquityrobot.local:38833/', 'http://ubiquityrobot.local:40061/', 'http://ubiquityrobot.local:38937/']: sec=0.00, result=[1, '', 0]
[rosmaster.master][INFO] 2020-07-30 17:20:36,104: +PARAM [/ubiquity_motor/pid_velocity] by /motor_node
[rosmaster.master][INFO] 2020-07-30 17:20:36,109: +PUB [/tf] /robot_state_publisher http://ubiquityrobot.local:38937/
[rosmaster.master][INFO] 2020-07-30 17:20:36,117: +PUB [/tf_static] /robot_state_publisher http://ubiquityrobot.local:38937/
[rosmaster.master][INFO] 2020-07-30 17:20:36,125: +PARAM [/ubiquity_motor/window_size] by /motor_node
[rosmaster.master][INFO] 2020-07-30 17:20:36,143: +PARAM [/ubiquity_motor/controller_board_version] by /motor_node
[rosmaster.master][INFO] 2020-07-30 17:20:36,149: publisherUpdate[/tf] -> http://ubiquityrobot.local:36881/ ['http://ubiquityrobot.local:38937/']
[rosmaster.master][INFO] 2020-07-30 17:20:36,153: publisherUpdate[/tf] -> http://ubiquityrobot.local:36881/ ['http://ubiquityrobot.local:38937/']: sec=0.00, result=[1, '', 0]
[rosmaster.master][INFO] 2020-07-30 17:20:36,154: publisherUpdate[/tf_static] -> http://ubiquityrobot.local:36881/ ['http://ubiquityrobot.local:38937/']
[rosmaster.master][INFO] 2020-07-30 17:20:36,156: publisherUpdate[/tf_static] -> http://ubiquityrobot.local:36881/ ['http://ubiquityrobot.local:38937/']: sec=0.00, result=[1, '', 0]
[rosmaster.master][INFO] 2020-07-30 17:20:36,162: +PARAM [/ubiquity_motor/fw_estop_detection] by /motor_node
[rosmaster.master][INFO] 2020-07-30 17:20:36,172: +PARAM [/ubiquity_motor/fw_estop_pid_threshold] by /motor_node
[rosmaster.master][INFO] 2020-07-30 17:20:36,176: +SUB [/joint_states] /robot_state_publisher http://ubiquityrobot.local:38937/
[rosmaster.master][INFO] 2020-07-30 17:20:36,180: +PARAM [/ubiquity_motor/fw_max_speed_fwd] by /motor_node
[rosmaster.master][INFO] 2020-07-30 17:20:36,191: +PARAM [/ubiquity_motor/fw_max_speed_rev] by /motor_node
[rosmaster.master][INFO] 2020-07-30 17:20:36,200: +PARAM [/ubiquity_motor/fw_max_pwm] by /motor_node
[rosmaster.master][INFO] 2020-07-30 17:20:36,207: +PARAM [/ubiquity_motor/deadman_timer] by /motor_node
[rosmaster.master][INFO] 2020-07-30 17:20:36,214: +PARAM [/ubiquity_motor/deadzone_enable] by /motor_node
[rosmaster.master][INFO] 2020-07-30 17:20:36,221: +PARAM [/ubiquity_motor/battery_voltage_offset] by /motor_node
[rosmaster.master][INFO] 2020-07-30 17:20:36,226: +PARAM [/ubiquity_motor/battery_voltage_multiplier] by /motor_node
[rosmaster.master][INFO] 2020-07-30 17:20:36,233: +PUB [/diagnostics] /motor_node http://ubiquityrobot.local:40061/
[rosmaster.master][INFO] 2020-07-30 17:20:36,240: +PUB [/left_error] /motor_node http://ubiquityrobot.local:40061/
[rosmaster.master][INFO] 2020-07-30 17:20:36,242: +PUB [/right_error] /motor_node http://ubiquityrobot.local:40061/
[rosmaster.master][INFO] 2020-07-30 17:20:36,245: +PUB [/battery_state] /motor_node http://ubiquityrobot.local:40061/
[rosmaster.master][INFO] 2020-07-30 17:20:36,248: +PUB [/motor_power_active] /motor_node http://ubiquityrobot.local:40061/
[rosmaster.master][INFO] 2020-07-30 17:20:36,356: +SERVICE [/controller_manager/list_controllers] /motor_node http://ubiquityrobot.local:40061/
[rosmaster.master][INFO] 2020-07-30 17:20:36,360: +SERVICE [/controller_manager/list_controller_types] /motor_node http://ubiquityrobot.local:40061/
[rosmaster.master][INFO] 2020-07-30 17:20:36,362: +SERVICE [/controller_manager/load_controller] /motor_node http://ubiquityrobot.local:40061/
[rosmaster.master][INFO] 2020-07-30 17:20:36,364: +SERVICE [/controller_manager/unload_controller] /motor_node http://ubiquityrobot.local:40061/
[rosmaster.master][INFO] 2020-07-30 17:20:36,367: +SERVICE [/controller_manager/switch_controller] /motor_node http://ubiquityrobot.local:40061/
[rosmaster.master][INFO] 2020-07-30 17:20:36,370: +SERVICE [/controller_manager/reload_controller_libraries] /motor_node http://ubiquityrobot.local:40061/
[rosmaster.master][INFO] 2020-07-30 17:20:36,373: +SERVICE [/motor_node/set_parameters] /motor_node http://ubiquityrobot.local:40061/
[rosmaster.master][INFO] 2020-07-30 17:20:36,375: +PUB [/motor_node/parameter_descriptions] /motor_node http://ubiquityrobot.local:40061/
[rosmaster.master][INFO] 2020-07-30 17:20:36,378: +PUB [/motor_node/parameter_updates] /motor_node http://ubiquityrobot.local:40061/
[rosmaster.master][INFO] 2020-07-30 17:20:36,392: +PARAM [/motor_node/PID_P] by /motor_node
[rosmaster.master][INFO] 2020-07-30 17:20:36,394: +PARAM [/motor_node/PID_I] by /motor_node
[rosmaster.master][INFO] 2020-07-30 17:20:36,397: +PARAM [/motor_node/PID_D] by /motor_node
[rosmaster.master][INFO] 2020-07-30 17:20:36,399: +PARAM [/motor_node/PID_C] by /motor_node
[rosmaster.master][INFO] 2020-07-30 17:20:36,401: +PARAM [/motor_node/PID_W] by /motor_node
[rosmaster.master][INFO] 2020-07-30 17:20:36,404: +PARAM [/motor_node/PID_V] by /motor_node
[rosmaster.master][INFO] 2020-07-30 17:20:36,406: +PARAM [/motor_node/PID_P] by /motor_node
[rosmaster.master][INFO] 2020-07-30 17:20:36,409: +PARAM [/motor_node/PID_I] by /motor_node
[rosmaster.master][INFO] 2020-07-30 17:20:36,411: +PARAM [/motor_node/PID_D] by /motor_node
[rosmaster.master][INFO] 2020-07-30 17:20:36,414: +PARAM [/motor_node/PID_C] by /motor_node
[rosmaster.master][INFO] 2020-07-30 17:20:36,416: +PARAM [/motor_node/PID_W] by /motor_node
[rosmaster.master][INFO] 2020-07-30 17:20:36,418: +PARAM [/motor_node/PID_V] by /motor_node
[rosmaster.master][INFO] 2020-07-30 17:20:36,657: +PUB [/rosout] /controller_spawner http://ubiquityrobot.local:33715/
[rosmaster.master][INFO] 2020-07-30 17:20:36,657: publisherUpdate[/rosout] -> http://ubiquityrobot.local:35929/ ['http://ubiquityrobot.local:40125/', 'http://ubiquityrobot.local:32783/', 'http://ubiquityrobot.local:36881/', 'http://ubiquityrobot.local:43633/', 'http://ubiquityrobot.local:34023/', 'http://ubiquityrobot.local:42209/', 'http://ubiquityrobot.local:38833/', 'http://ubiquityrobot.local:40061/', 'http://ubiquityrobot.local:38937/', 'http://ubiquityrobot.local:33715/']
[rosmaster.master][INFO] 2020-07-30 17:20:36,660: publisherUpdate[/rosout] -> http://ubiquityrobot.local:35929/ ['http://ubiquityrobot.local:40125/', 'http://ubiquityrobot.local:32783/', 'http://ubiquityrobot.local:36881/', 'http://ubiquityrobot.local:43633/', 'http://ubiquityrobot.local:34023/', 'http://ubiquityrobot.local:42209/', 'http://ubiquityrobot.local:38833/', 'http://ubiquityrobot.local:40061/', 'http://ubiquityrobot.local:38937/', 'http://ubiquityrobot.local:33715/']: sec=0.00, result=[1, '', 0]
[rosmaster.master][INFO] 2020-07-30 17:20:36,665: +SERVICE [/controller_spawner/get_loggers] /controller_spawner http://ubiquityrobot.local:33715/
[rosmaster.master][INFO] 2020-07-30 17:20:36,669: +SERVICE [/controller_spawner/set_logger_level] /controller_spawner http://ubiquityrobot.local:33715/
[rosmaster.master][INFO] 2020-07-30 17:20:36,686: +PUB [/rosout] /joint_state_publisher http://ubiquityrobot.local:45713/
[rosmaster.master][INFO] 2020-07-30 17:20:36,697: +SERVICE [/joint_state_publisher/get_loggers] /joint_state_publisher http://ubiquityrobot.local:45713/
[rosmaster.master][INFO] 2020-07-30 17:20:36,700: +SERVICE [/joint_state_publisher/set_logger_level] /joint_state_publisher http://ubiquityrobot.local:45713/
[rosmaster.master][INFO] 2020-07-30 17:20:36,702: publisherUpdate[/rosout] -> http://ubiquityrobot.local:35929/ ['http://ubiquityrobot.local:40125/', 'http://ubiquityrobot.local:32783/', 'http://ubiquityrobot.local:36881/', 'http://ubiquityrobot.local:43633/', 'http://ubiquityrobot.local:34023/', 'http://ubiquityrobot.local:42209/', 'http://ubiquityrobot.local:38833/', 'http://ubiquityrobot.local:40061/', 'http://ubiquityrobot.local:38937/', 'http://ubiquityrobot.local:33715/', 'http://ubiquityrobot.local:45713/']
[rosmaster.master][INFO] 2020-07-30 17:20:36,704: publisherUpdate[/rosout] -> http://ubiquityrobot.local:35929/ ['http://ubiquityrobot.local:40125/', 'http://ubiquityrobot.local:32783/', 'http://ubiquityrobot.local:36881/', 'http://ubiquityrobot.local:43633/', 'http://ubiquityrobot.local:34023/', 'http://ubiquityrobot.local:42209/', 'http://ubiquityrobot.local:38833/', 'http://ubiquityrobot.local:40061/', 'http://ubiquityrobot.local:38937/', 'http://ubiquityrobot.local:33715/', 'http://ubiquityrobot.local:45713/']: sec=0.00, result=[1, '', 0]
[rosmaster.master][INFO] 2020-07-30 17:20:36,766: +PUB [/joint_states] /joint_state_publisher http://ubiquityrobot.local:45713/
[rosmaster.master][INFO] 2020-07-30 17:20:36,783: publisherUpdate[/joint_states] -> http://ubiquityrobot.local:38937/ ['http://ubiquityrobot.local:45713/']
[rosmaster.master][INFO] 2020-07-30 17:20:36,789: publisherUpdate[/joint_states] -> http://ubiquityrobot.local:38937/ ['http://ubiquityrobot.local:45713/']: sec=0.00, result=[1, '', 0]
[rosmaster.master][INFO] 2020-07-30 17:20:36,827: +PUB [/odom] /motor_node http://ubiquityrobot.local:40061/
[rosmaster.master][INFO] 2020-07-30 17:20:36,830: +PUB [/tf] /motor_node http://ubiquityrobot.local:40061/
[rosmaster.master][INFO] 2020-07-30 17:20:36,841: +SUB [/cmd_vel] /motor_node http://ubiquityrobot.local:40061/
[rosmaster.master][INFO] 2020-07-30 17:20:36,844: +SERVICE [/ubiquity_velocity_controller/set_parameters] /motor_node http://ubiquityrobot.local:40061/
[rosmaster.master][INFO] 2020-07-30 17:20:36,846: +PUB [/ubiquity_velocity_controller/parameter_descriptions] /motor_node http://ubiquityrobot.local:40061/
[rosmaster.master][INFO] 2020-07-30 17:20:36,848: +PUB [/ubiquity_velocity_controller/parameter_updates] /motor_node http://ubiquityrobot.local:40061/
[rosmaster.master][INFO] 2020-07-30 17:20:36,858: +PARAM [/ubiquity_velocity_controller/left_wheel_radius_multiplier] by /motor_node
[rosmaster.master][INFO] 2020-07-30 17:20:36,860: +PARAM [/ubiquity_velocity_controller/right_wheel_radius_multiplier] by /motor_node
[rosmaster.master][INFO] 2020-07-30 17:20:36,862: +PARAM [/ubiquity_velocity_controller/wheel_separation_multiplier] by /motor_node
[rosmaster.master][INFO] 2020-07-30 17:20:36,863: publisherUpdate[/tf] -> http://ubiquityrobot.local:36881/ ['http://ubiquityrobot.local:38937/', 'http://ubiquityrobot.local:40061/']
[rosmaster.master][INFO] 2020-07-30 17:20:36,864: publisherUpdate[/tf] -> http://ubiquityrobot.local:36881/ ['http://ubiquityrobot.local:38937/', 'http://ubiquityrobot.local:40061/']: sec=0.00, result=[1, '', 0]
[rosmaster.master][INFO] 2020-07-30 17:20:36,866: +PARAM [/ubiquity_velocity_controller/publish_rate] by /motor_node
[rosmaster.master][INFO] 2020-07-30 17:20:36,868: +PARAM [/ubiquity_velocity_controller/enable_odom_tf] by /motor_node
[rosmaster.master][INFO] 2020-07-30 17:20:36,870: +PARAM [/ubiquity_velocity_controller/left_wheel_radius_multiplier] by /motor_node
[rosmaster.master][INFO] 2020-07-30 17:20:36,872: +PARAM [/ubiquity_velocity_controller/right_wheel_radius_multiplier] by /motor_node
[rosmaster.master][INFO] 2020-07-30 17:20:36,874: +PARAM [/ubiquity_velocity_controller/wheel_separation_multiplier] by /motor_node
[rosmaster.master][INFO] 2020-07-30 17:20:36,876: +PARAM [/ubiquity_velocity_controller/publish_rate] by /motor_node
[rosmaster.master][INFO] 2020-07-30 17:20:36,878: +PARAM [/ubiquity_velocity_controller/enable_odom_tf] by /motor_node
[rosmaster.master][INFO] 2020-07-30 17:20:36,880: +PARAM [/ubiquity_velocity_controller/left_wheel_radius_multiplier] by /motor_node
[rosmaster.master][INFO] 2020-07-30 17:20:36,882: +PARAM [/ubiquity_velocity_controller/right_wheel_radius_multiplier] by /motor_node
[rosmaster.master][INFO] 2020-07-30 17:20:36,884: +PARAM [/ubiquity_velocity_controller/wheel_separation_multiplier] by /motor_node
[rosmaster.master][INFO] 2020-07-30 17:20:36,886: +PARAM [/ubiquity_velocity_controller/publish_rate] by /motor_node
[rosmaster.master][INFO] 2020-07-30 17:20:36,888: +PARAM [/ubiquity_velocity_controller/enable_odom_tf] by /motor_node
[rosmaster.master][INFO] 2020-07-30 17:20:36,906: +PUB [/joint_states] /motor_node http://ubiquityrobot.local:40061/
[rosmaster.master][INFO] 2020-07-30 17:20:36,965: publisherUpdate[/joint_states] -> http://ubiquityrobot.local:38937/ ['http://ubiquityrobot.local:45713/', 'http://ubiquityrobot.local:40061/']
[rosmaster.master][INFO] 2020-07-30 17:20:36,967: publisherUpdate[/joint_states] -> http://ubiquityrobot.local:38937/ ['http://ubiquityrobot.local:45713/', 'http://ubiquityrobot.local:40061/']: sec=0.00, result=[1, '', 0]
[rosmaster.master][INFO] 2020-07-30 17:20:38,087: +PUB [/statistics] /robot_state_publisher http://ubiquityrobot.local:38937/
[rosmaster.master][INFO] 2020-07-30 17:24:08,607: +PUB [/cmd_vel] /teleop_twist_keyboard http://ubiquityrobot.local:43657/
[rosmaster.master][INFO] 2020-07-30 17:24:08,613: publisherUpdate[/cmd_vel] -> http://ubiquityrobot.local:40061/ ['http://ubiquityrobot.local:32783/', 'http://ubiquityrobot.local:43657/']
[rosmaster.master][INFO] 2020-07-30 17:24:08,615: publisherUpdate[/cmd_vel] -> http://ubiquityrobot.local:40061/ ['http://ubiquityrobot.local:32783/', 'http://ubiquityrobot.local:43657/']: sec=0.00, result=[1, '', 0]
[rosmaster.master][INFO] 2020-07-30 17:24:08,705: +PUB [/rosout] /teleop_twist_keyboard http://ubiquityrobot.local:43657/
[rosmaster.master][INFO] 2020-07-30 17:24:08,712: +SERVICE [/teleop_twist_keyboard/get_loggers] /teleop_twist_keyboard http://ubiquityrobot.local:43657/
[rosmaster.master][INFO] 2020-07-30 17:24:08,715: publisherUpdate[/rosout] -> http://ubiquityrobot.local:35929/ ['http://ubiquityrobot.local:40125/', 'http://ubiquityrobot.local:32783/', 'http://ubiquityrobot.local:36881/', 'http://ubiquityrobot.local:43633/', 'http://ubiquityrobot.local:34023/', 'http://ubiquityrobot.local:42209/', 'http://ubiquityrobot.local:38833/', 'http://ubiquityrobot.local:40061/', 'http://ubiquityrobot.local:38937/', 'http://ubiquityrobot.local:33715/', 'http://ubiquityrobot.local:45713/', 'http://ubiquityrobot.local:43657/']
[rosmaster.master][INFO] 2020-07-30 17:24:08,716: +SERVICE [/teleop_twist_keyboard/set_logger_level] /teleop_twist_keyboard http://ubiquityrobot.local:43657/
[rosmaster.master][INFO] 2020-07-30 17:24:08,718: publisherUpdate[/rosout] -> http://ubiquityrobot.local:35929/ ['http://ubiquityrobot.local:40125/', 'http://ubiquityrobot.local:32783/', 'http://ubiquityrobot.local:36881/', 'http://ubiquityrobot.local:43633/', 'http://ubiquityrobot.local:34023/', 'http://ubiquityrobot.local:42209/', 'http://ubiquityrobot.local:38833/', 'http://ubiquityrobot.local:40061/', 'http://ubiquityrobot.local:38937/', 'http://ubiquityrobot.local:33715/', 'http://ubiquityrobot.local:45713/', 'http://ubiquityrobot.local:43657/']: sec=0.00, result=[1, '', 0]
[rosmaster.master][INFO] 2020-07-30 17:24:12,687: +PUB [/statistics] /motor_node http://ubiquityrobot.local:40061/
