[roslaunch][INFO] 2020-07-30 02:29:14,513: Checking log directory for disk usage. This may take awhile.
Press Ctrl-C to interrupt
[roslaunch][INFO] 2020-07-30 02:29:14,607: Done checking log file disk usage. Usage is <1GB.
[roslaunch][INFO] 2020-07-30 02:29:14,608: roslaunch starting with args ['roscore', '--core']
[roslaunch][INFO] 2020-07-30 02:29:14,608: roslaunch env is {'ROS_LOG_FILENAME': '/home/ubuntu/.ros/log/7574245e-d20c-11ea-9344-33da4e2e21f4/roslaunch-ubiquityrobot-689.log', 'SHELL': '/bin/bash', 'ROS_DISTRO': 'kinetic', 'PYTHONPATH': '/opt/ros/kinetic/lib/python2.7/dist-packages', 'PWD': '/', 'ROS_MASTER_URI': 'http://ubiquityrobot.local:11311', 'ROS_ROOT': '/opt/ros/kinetic/share/ros', 'PATH': '/opt/ros/kinetic/bin:/usr/local/sbin:/usr/local/bin:/usr/sbin:/usr/bin:/sbin:/bin:/snap/bin', 'ROS_HOSTNAME': 'ubiquityrobot.local', 'ROSLISP_PACKAGE_DIRECTORIES': '', 'ROS_ETC_DIR': '/opt/ros/kinetic/etc/ros', 'USER': 'ubuntu', 'ROS_VERSION': '1', 'HOME': '/home/ubuntu', 'PKG_CONFIG_PATH': '/opt/ros/kinetic/lib/pkgconfig:/opt/ros/kinetic/lib/arm-linux-gnueabihf/pkgconfig', 'ROS_PACKAGE_PATH': '/opt/ros/kinetic/share', 'LOGNAME': 'ubuntu', 'CMAKE_PREFIX_PATH': '/opt/ros/kinetic', 'LD_LIBRARY_PATH': '/opt/ros/kinetic/lib:/opt/ros/kinetic/lib/arm-linux-gnueabihf', 'ROS_PYTHON_VERSION': '2'}
[roslaunch][INFO] 2020-07-30 02:29:14,609: starting in server mode
[roslaunch.parent][INFO] 2020-07-30 02:29:14,610: starting roslaunch parent run
[roslaunch][INFO] 2020-07-30 02:29:14,614: loading roscore config file /opt/ros/kinetic/etc/ros/roscore.xml
[roslaunch][INFO] 2020-07-30 02:29:16,088: Added core node of type [rosout/rosout] in namespace [/]
[roslaunch.pmon][INFO] 2020-07-30 02:29:16,089: start_process_monitor: creating ProcessMonitor
[roslaunch.pmon][INFO] 2020-07-30 02:29:16,090: created process monitor <ProcessMonitor(ProcessMonitor-1, initial daemon)>
[roslaunch.pmon][INFO] 2020-07-30 02:29:16,090: start_process_monitor: ProcessMonitor started
[roslaunch.parent][INFO] 2020-07-30 02:29:16,090: starting parent XML-RPC server
[roslaunch.server][INFO] 2020-07-30 02:29:16,091: starting roslaunch XML-RPC server
[roslaunch.server][INFO] 2020-07-30 02:29:16,091: waiting for roslaunch XML-RPC server to initialize
[xmlrpc][INFO] 2020-07-30 02:29:16,091: XML-RPC server binding to 0.0.0.0:0
[xmlrpc][INFO] 2020-07-30 02:29:16,092: Started XML-RPC server [http://ubiquityrobot.local:41951/]
[xmlrpc][INFO] 2020-07-30 02:29:16,093: xml rpc node: starting XML-RPC server
[roslaunch][INFO] 2020-07-30 02:29:16,105: started roslaunch server http://ubiquityrobot.local:41951/
[roslaunch.parent][INFO] 2020-07-30 02:29:16,105: ... parent XML-RPC server started
[roslaunch][INFO] 2020-07-30 02:29:16,106: master.is_running[http://ubiquityrobot.local:11311/]
[roslaunch][INFO] 2020-07-30 02:29:16,110: auto-starting new master
[roslaunch][INFO] 2020-07-30 02:29:16,111: create_master_process: rosmaster, /opt/ros/kinetic/share/ros, 11311, 3, None
[roslaunch][INFO] 2020-07-30 02:29:16,111: process[master]: launching with args [['rosmaster', '--core', '-p', '11311', '-w', '3']]
[roslaunch.pmon][INFO] 2020-07-30 02:29:16,111: ProcessMonitor.register[master]
[roslaunch.pmon][INFO] 2020-07-30 02:29:16,111: ProcessMonitor.register[master] complete
[roslaunch][INFO] 2020-07-30 02:29:16,111: process[master]: starting os process
[roslaunch][INFO] 2020-07-30 02:29:16,112: process[master]: start w/ args [['rosmaster', '--core', '-p', '11311', '-w', '3', '__log:=/home/ubuntu/.ros/log/7574245e-d20c-11ea-9344-33da4e2e21f4/master.log']]
[roslaunch][INFO] 2020-07-30 02:29:16,112: process[master]: cwd will be [/home/ubuntu/.ros]
[roslaunch][INFO] 2020-07-30 02:29:16,121: process[master]: started with pid [838]
[roslaunch][INFO] 2020-07-30 02:29:16,122: master.is_running[http://ubiquityrobot.local:11311/]
[roslaunch][INFO] 2020-07-30 02:29:16,225: master.is_running[http://ubiquityrobot.local:11311/]
[roslaunch][INFO] 2020-07-30 02:29:16,327: master.is_running[http://ubiquityrobot.local:11311/]
[roslaunch][INFO] 2020-07-30 02:29:16,428: master.is_running[http://ubiquityrobot.local:11311/]
[roslaunch][INFO] 2020-07-30 02:29:16,529: master.is_running[http://ubiquityrobot.local:11311/]
[roslaunch][INFO] 2020-07-30 02:29:16,631: master.is_running[http://ubiquityrobot.local:11311/]
[roslaunch][INFO] 2020-07-30 02:29:16,634: master.is_running[http://ubiquityrobot.local:11311/]
[roslaunch][INFO] 2020-07-30 02:29:16,638: ROS_MASTER_URI=http://ubiquityrobot.local:11311/
[roslaunch][INFO] 2020-07-30 02:29:16,641: setting /run_id to 7574245e-d20c-11ea-9344-33da4e2e21f4
[roslaunch][INFO] 2020-07-30 02:29:16,644: setting /roslaunch/uris/host_ubiquityrobot_local__41951' to http://ubiquityrobot.local:41951/
[roslaunch][INFO] 2020-07-30 02:29:16,649: ... preparing to launch node of type [rosout/rosout]
[roslaunch][INFO] 2020-07-30 02:29:16,650: create_node_process: package[rosout] type[rosout] machine[Machine(name[] env_loader[None] address[localhost] ssh_port[22] user[None] assignable[True] timeout[10.0])] master_uri[http://ubiquityrobot.local:11311/]
[roslaunch][INFO] 2020-07-30 02:29:16,650: process[rosout-1]: env[{'LD_LIBRARY_PATH': '/opt/ros/kinetic/lib:/opt/ros/kinetic/lib/arm-linux-gnueabihf', 'SHELL': '/bin/bash', 'ROS_DISTRO': 'kinetic', 'PYTHONPATH': '/opt/ros/kinetic/lib/python2.7/dist-packages', 'ROSLISP_PACKAGE_DIRECTORIES': '', 'ROS_ETC_DIR': '/opt/ros/kinetic/etc/ros', 'ROS_ROOT': '/opt/ros/kinetic/share/ros', 'PKG_CONFIG_PATH': '/opt/ros/kinetic/lib/pkgconfig:/opt/ros/kinetic/lib/arm-linux-gnueabihf/pkgconfig', 'PWD': '/', 'ROS_MASTER_URI': 'http://ubiquityrobot.local:11311/', 'USER': 'ubuntu', 'ROS_VERSION': '1', 'HOME': '/home/ubuntu', 'ROS_HOSTNAME': 'ubiquityrobot.local', 'PATH': '/opt/ros/kinetic/bin:/usr/local/sbin:/usr/local/bin:/usr/sbin:/usr/bin:/sbin:/bin:/snap/bin', 'ROS_PACKAGE_PATH': '/opt/ros/kinetic/share', 'CMAKE_PREFIX_PATH': '/opt/ros/kinetic', 'ROS_LOG_FILENAME': '/home/ubuntu/.ros/log/7574245e-d20c-11ea-9344-33da4e2e21f4/roslaunch-ubiquityrobot-689.log', 'ROS_PYTHON_VERSION': '2', 'LOGNAME': 'ubuntu'}]
[roslaunch][INFO] 2020-07-30 02:29:16,723: process[rosout-1]: args[[u'/opt/ros/kinetic/lib/rosout/rosout', u'__name:=rosout']]
[roslaunch][INFO] 2020-07-30 02:29:16,724: ... created process [rosout-1]
[roslaunch.pmon][INFO] 2020-07-30 02:29:16,724: ProcessMonitor.register[rosout-1]
[roslaunch.pmon][INFO] 2020-07-30 02:29:16,724: ProcessMonitor.register[rosout-1] complete
[roslaunch][INFO] 2020-07-30 02:29:16,724: ... registered process [rosout-1]
[roslaunch][INFO] 2020-07-30 02:29:16,725: process[rosout-1]: starting os process
[roslaunch][INFO] 2020-07-30 02:29:16,725: process[rosout-1]: start w/ args [[u'/opt/ros/kinetic/lib/rosout/rosout', u'__name:=rosout', u'__log:=/home/ubuntu/.ros/log/7574245e-d20c-11ea-9344-33da4e2e21f4/rosout-1.log']]
[roslaunch][INFO] 2020-07-30 02:29:16,726: process[rosout-1]: cwd will be [/home/ubuntu/.ros]
[roslaunch][INFO] 2020-07-30 02:29:16,736: process[rosout-1]: started with pid [854]
[roslaunch][INFO] 2020-07-30 02:29:16,737: ... successfully launched [rosout-1]
[roslaunch][INFO] 2020-07-30 02:29:16,738: load_parameters starting ...
[roslaunch][INFO] 2020-07-30 02:29:16,744: ... load_parameters complete
[roslaunch][INFO] 2020-07-30 02:29:16,745: launch_nodes: launching local nodes ...
[roslaunch][INFO] 2020-07-30 02:29:16,745: ... launch_nodes complete
[roslaunch.pmon][INFO] 2020-07-30 02:29:16,745: registrations completed <ProcessMonitor(ProcessMonitor-1, started daemon -1237158800)>
[roslaunch.parent][INFO] 2020-07-30 02:29:16,746: ... roslaunch parent running, waiting for process exit
[roslaunch][INFO] 2020-07-30 02:29:16,746: spin
